1


        ****************************************************************
        ***                       MEDICI (TM)                        ***
        ***                   Version D-2010.03-0                    ***
        ***                   System K (PC: Linux)                   ***
        ***                 Copyright (C) 1991-2010                  ***
        ***                      Synopsys, Inc.                      ***
        ***                                                          ***
        ***   This software and the associated documentation are     ***
        ***   confidential and proprietary to Synopsys, Inc.  Your   ***
        ***   use or disclosure of this software is subject to the   ***
        ***   terms and conditions of a written license agreement    ***
        ***   between you, or your company, and Synopsys, Inc.       ***
        ***                                                          ***
        ***         MEDICI is a trademark of Synopsys, Inc.          ***
        ****************************************************************

                              23-Nov-2020 00:04:35


     Statements input from file breakdown



   1... mesh in.f=grid.mesh

   2... model conmob fldmob srh impact.i
   3... symb newton carr=2
   4... method autonr stack=20 itlimit=10

   5... contact name=G n.poly

   6... solve
   7... solve elec=S V(S)=0
   8... solve elec=G V(G)=0
   9... solve elec=B V(B)=0

  10... solve continue elec=D V(D)=0 c.vstep=1e-3 c.imax=1e-3 c.vmax=40
  11... $solve elec=D V(D) vstep=0.01 nstep=22 previous

  12... extract ionizati

  13... solve out.f=iv


 **************************** Program Configuration ****************************
 *                                                                             *
 * Programmable Device AAM  :       available for use                          *
 * Circuit Analysis AAM     :       available for use                          *
 * Lattice Temperature AAM  :       available for use                          *
 * Heterojunction Device AAM:       available for use                          *
 * Trapped Charge AAM       :       available for use                          *
 * Anisotropic Material AAM :       available for use                          *
 * Optical Device AAM       :       available for use                          *
 *                                                                             *
 * Maximum Nodes Available  :   20000                                          *
 * Configuration Parameter  :   20000                                          *
 *                                                                             *
 * Approximate Number of Nodes Available for:                                  *
 *   2-carrier solutions    :   20000                                          *
 *   2-carrier + lat. temp. :   11454                                          *
 *                                                                             *
 *******************************************************************************

 Grid read from grid.mesh
 Date code = 23-Nov-2020 00:04:03

 Mesh statistics (rectangular) :
     Total grid points =   907
     Total number of triangles =  1702
     Obtuse triangles in semiconductors =    20  ( 1.2%)
     Obtuse triangles in insul. & cond. =    18  ( 1.1%)

    Region     Material      X-min        X-max        Y-min        Y-max
     Name        Type      (microns)    (microns)    (microns)    (microns)
 ------------  --------    ---------    ---------    ---------    ---------
 psub          Silicon        0.0000       3.0000       0.0400       3.0400
 sio           Oxide          0.8750       2.1250       0.0000       0.0400
 S             Electrod       0.0000       0.8750       0.0000       0.0400
 D             Electrod       2.1250       3.0000       0.0000       0.0400

  Electrode     Number       X-min        X-max        Y-min        Y-max
     Name      of Nodes    (microns)    (microns)    (microns)    (microns)
 ------------  --------    ---------    ---------    ---------    ---------
 S                47          0.0000       0.8750       0.0000       0.0400
 G                 9          1.0000       2.0000       0.0000       0.0000
 D                47          2.1250       3.0000       0.0000       0.0400
 B                25          0.0000       3.0000       3.0400       3.0400


 Solution for Bias:

   V(S)               =  0.0000000E+00     V(G)               =  0.0000000E+00
   V(D)               =  0.0000000E+00     V(B)               =  0.0000000E+00


 Initial solution

 norm   iter    v-error     n-error     p-error     iiter
  XR      1    1.3908E+01  7.0605E+00  1.3908E+01     0
  XR      2    1.2982E+01  1.1370E+00  1.7436E+01     0
  XR      3    8.7830E+00  1.6389E+00  1.4767E+02     0
  XR      4    1.6503E+00  3.2956E+00  1.6743E+02     0
  XR      5    2.7633E-02  3.0929E-01  7.1558E+01     0
  XR      6    0.0000E+00  1.1113E-02  9.6877E-01     0
  XR      7    0.0000E+00  6.0670E-06  2.3493E-03     0
  XR      8*   0.0000E+00  0.0000E+00  0.0000E+00     0

   Electrode       Voltage       Flux      I(Electron)    I(Hole)     I(Total)  
      Name         (Volts)    (Coul/mic.)   (A/micron)   (A/micron)   (A/micron)
 --------------  -----------  -----------  -----------  -----------  -----------
 S                0.0000E+00   4.4093E-17   4.4292E-26   4.8947E-31   4.4292E-26
 G                0.0000E+00   3.6699E-16   0.0000E+00   0.0000E+00   0.0000E+00
 D                0.0000E+00   4.4093E-17   4.6911E-26   4.8946E-31   4.6912E-26
 B                0.0000E+00  -2.1178E-31  -3.4517E-30  -9.1193E-26  -9.1196E-26
 
 Absolute convergence criterion met for Poisson
 Absolute convergence criterion met for continuity
 Total cpu time for bias point =    0.00 minutes
 Total cpu time =    0.02 minutes


 Solution for Bias:

   V(S)               =  0.0000000E+00     V(G)               =  0.0000000E+00
   V(D)               =  0.0000000E+00     V(B)               =  0.0000000E+00


 Previous solution used as initial guess

 norm   iter    v-error     n-error     p-error     iiter
  XR      1    0.0000E+00  0.0000E+00  0.0000E+00     0

   Electrode       Voltage       Flux      I(Electron)    I(Hole)     I(Total)  
      Name         (Volts)    (Coul/mic.)   (A/micron)   (A/micron)   (A/micron)
 --------------  -----------  -----------  -----------  -----------  -----------
 S                0.0000E+00   4.4093E-17   1.4730E-30  -2.5489E-35   1.4730E-30
 G                0.0000E+00   3.6699E-16   0.0000E+00   0.0000E+00   0.0000E+00
 D                0.0000E+00   4.4093E-17  -2.5010E-30  -4.8175E-35  -2.5010E-30
 B                0.0000E+00  -1.9259E-31  -8.1262E-34  -1.2670E-31  -1.2751E-31
 
 Absolute convergence criterion met for Poisson
 Absolute convergence criterion met for continuity
 Total cpu time for bias point =    0.00 minutes
 Total cpu time =    0.03 minutes


 Solution for Bias:

   V(S)               =  0.0000000E+00     V(G)               =  0.0000000E+00
   V(D)               =  0.0000000E+00     V(B)               =  0.0000000E+00


 Previous solution used as initial guess

 norm   iter    v-error     n-error     p-error     iiter
  XR      1    0.0000E+00  0.0000E+00  0.0000E+00     0

   Electrode       Voltage       Flux      I(Electron)    I(Hole)     I(Total)  
      Name         (Volts)    (Coul/mic.)   (A/micron)   (A/micron)   (A/micron)
 --------------  -----------  -----------  -----------  -----------  -----------
 S                0.0000E+00   4.4093E-17  -7.9371E-29  -3.8826E-38  -7.9371E-29
 G                0.0000E+00   3.6699E-16   0.0000E+00   0.0000E+00   0.0000E+00
 D                0.0000E+00   4.4093E-17   7.9262E-29  -1.1531E-36   7.9262E-29
 B                0.0000E+00  -1.7580E-31   6.0986E-34   4.0616E-32   4.1226E-32
 
 Absolute convergence criterion met for Poisson
 Absolute convergence criterion met for continuity
 Total cpu time for bias point =    0.00 minutes
 Total cpu time =    0.03 minutes


 Solution for Bias:

   V(S)               =  0.0000000E+00     V(G)               =  0.0000000E+00
   V(D)               =  0.0000000E+00     V(B)               =  0.0000000E+00


 Previous solution used as initial guess

 norm   iter    v-error     n-error     p-error     iiter
  XR      1    0.0000E+00  0.0000E+00  0.0000E+00     0

   Electrode       Voltage       Flux      I(Electron)    I(Hole)     I(Total)  
      Name         (Volts)    (Coul/mic.)   (A/micron)   (A/micron)   (A/micron)
 --------------  -----------  -----------  -----------  -----------  -----------
 S                0.0000E+00   4.4093E-17  -3.6227E-29  -3.3863E-36  -3.6227E-29
 G                0.0000E+00   3.6699E-16   0.0000E+00   0.0000E+00   0.0000E+00
 D                0.0000E+00   4.4093E-17   3.5583E-29   8.3092E-38   3.5583E-29
 B                0.0000E+00  -1.7820E-31  -3.3553E-33  -2.3841E-31  -2.4177E-31
 
 Absolute convergence criterion met for Poisson
 Absolute convergence criterion met for continuity
 Total cpu time for bias point =    0.00 minutes
 Total cpu time =    0.03 minutes


 Solution for Bias:

   V(S)               =  0.0000000E+00     V(G)               =  0.0000000E+00
   V(D)               =  0.0000000E+00     V(B)               =  0.0000000E+00


 norm   iter    v-error     n-error     p-error     iiter
  XR      1    2.1368E-25  0.0000E+00  0.0000E+00     0

   Electrode       Voltage       Flux      I(Electron)    I(Hole)     I(Total)  
      Name         (Volts)    (Coul/mic.)   (A/micron)   (A/micron)   (A/micron)
 --------------  -----------  -----------  -----------  -----------  -----------
 S                0.0000E+00   4.4093E-17  -5.5149E-29  -6.6158E-38  -5.5149E-29
 G                0.0000E+00   3.6699E-16   0.0000E+00   0.0000E+00   0.0000E+00
 D               -5.5240E-27   4.4093E-17   5.4226E-29  -4.6502E-35   5.4226E-29
 B                0.0000E+00  -1.8299E-31   3.6129E-33  -1.1919E-32  -8.3059E-33
 
 Absolute convergence criterion met for Poisson
 Absolute convergence criterion met for continuity
 Total cpu time for bias point =    0.00 minutes
 Total cpu time =    0.03 minutes
  
  Continuation method: 
 Slope: 1.608E-02      Device Resistance: 6.220E+10
   V:    0.0010     I: 1.608E-14
   R: 1.000E+07    Va: 1.000E-03
 Lte: 0.000E+00    dV: 1.000E-03    dI: 1.608E-14


 Solution for Bias:

   V(S)               =  0.0000000E+00     V(G)               =  0.0000000E+00
   V(D)               =  1.0001608E-03     V(B)               =  0.0000000E+00


 norm   iter    v-error     n-error     p-error     iiter
  XR      1    3.8682E-02  2.9510E-02  2.2346E-02     0
  XR      2    1.1365E-07  3.4819E-05  2.8555E-05     0
  XR      3*   3.2435E-13  0.0000E+00  0.0000E+00     0

   Electrode       Voltage       Flux      I(Electron)    I(Hole)     I(Total)  
      Name         (Volts)    (Coul/mic.)   (A/micron)   (A/micron)   (A/micron)
 --------------  -----------  -----------  -----------  -----------  -----------
 S                0.0000E+00   4.4093E-17  -1.5766E-14  -8.3096E-33  -1.5766E-14
 G                0.0000E+00   3.6681E-16   0.0000E+00   0.0000E+00   0.0000E+00
 D                1.0000E-03   4.4072E-17   1.5785E-14   1.5816E-23   1.5785E-14
 B                0.0000E+00  -4.9871E-29  -4.8062E-19  -1.7955E-17  -1.8435E-17
 
 Absolute convergence criterion met for Poisson
 Absolute convergence criterion met for continuity
 Total cpu time for bias point =    0.00 minutes
 Total cpu time =    0.03 minutes
  
  Continuation method: 
 Slope: 1.557E-02      Device Resistance: 6.454E+10
   V:    0.0020     I: 3.136E-14
   R: 1.000E+07    Va: 2.005E-03
 Lte: 5.000E-02    dV: 1.005E-03    dI: 1.557E-14


 Solution for Bias:

   V(S)               =  0.0000000E+00     V(G)               =  0.0000000E+00
   V(D)               =  2.0053247E-03     V(B)               =  0.0000000E+00


 norm   iter    v-error     n-error     p-error     iiter
  XR      1    1.1067E-07  2.5475E-05  1.5448E-05     0
  XR      2    6.9552E-15  0.0000E+00  0.0000E+00     0

   Electrode       Voltage       Flux      I(Electron)    I(Hole)     I(Total)  
      Name         (Volts)    (Coul/mic.)   (A/micron)   (A/micron)   (A/micron)
 --------------  -----------  -----------  -----------  -----------  -----------
 S                0.0000E+00   4.4093E-17  -3.1035E-14  -1.6461E-32  -3.1035E-14
 G                0.0000E+00   3.6662E-16   0.0000E+00   0.0000E+00   0.0000E+00
 D                2.0050E-03   4.4050E-17   3.1071E-14   3.1107E-23   3.1071E-14
 B                0.0000E+00  -9.9259E-29  -9.4552E-19  -3.5804E-17  -3.6749E-17
 
 Absolute convergence criterion met for Poisson
 Absolute convergence criterion met for continuity
 Total cpu time for bias point =    0.00 minutes
 Total cpu time =    0.03 minutes
  
  Continuation method: 
 Slope: 1.515E-02      Device Resistance: 6.698E+10
   V:    0.0047     I: 7.077E-14
   R: 1.000E+07    Va: 4.665E-03
 Lte: 7.961E-06    dV: 2.659E-03    dI: 3.970E-14


 Solution for Bias:

   V(S)               =  0.0000000E+00     V(G)               =  0.0000000E+00
   V(D)               =  4.6649781E-03     V(B)               =  0.0000000E+00


 norm   iter    v-error     n-error     p-error     iiter
  XR      1    7.2918E-07  1.2378E-04  7.5368E-05     0
  XR      2    1.5146E-13  0.0000E+00  0.0000E+00     0

   Electrode       Voltage       Flux      I(Electron)    I(Hole)     I(Total)  
      Name         (Volts)    (Coul/mic.)   (A/micron)   (A/micron)   (A/micron)
 --------------  -----------  -----------  -----------  -----------  -----------
 S                0.0000E+00   4.4093E-17  -6.8805E-14  -3.7108E-32  -6.8805E-14
 G                0.0000E+00   3.6614E-16   0.0000E+00   0.0000E+00   0.0000E+00
 D                4.6643E-03   4.3994E-17   6.8889E-14   6.8814E-23   6.8889E-14
 B                0.0000E+00  -2.2732E-28  -2.0931E-18  -8.2116E-17  -8.4209E-17
 
 Absolute convergence criterion met for Poisson
 Absolute convergence criterion met for continuity
 Total cpu time for bias point =    0.00 minutes
 Total cpu time =    0.03 minutes
  
  Continuation method: 
 Slope: 1.398E-02      Device Resistance: 7.388E+10
   V:    0.0118     I: 1.649E-13
   R: 1.000E+07    Va: 1.176E-02
 Lte: 3.183E-05    dV: 7.093E-03    dI: 9.600E-14


 Solution for Bias:

   V(S)               =  0.0000000E+00     V(G)               =  0.0000000E+00
   V(D)               =  1.1758677E-02     V(B)               =  0.0000000E+00


 norm   iter    v-error     n-error     p-error     iiter
  XR      1    4.4457E-06  8.8718E-04  5.2404E-04     0
  XR      2    6.1574E-12  0.0000E+00  0.0000E+00     0

   Electrode       Voltage       Flux      I(Electron)    I(Hole)     I(Total)  
      Name         (Volts)    (Coul/mic.)   (A/micron)   (A/micron)   (A/micron)
 --------------  -----------  -----------  -----------  -----------  -----------
 S                0.0000E+00   4.4093E-17  -1.5319E-13  -8.6340E-32  -1.5319E-13
 G                0.0000E+00   3.6484E-16   0.0000E+00   0.0000E+00   0.0000E+00
 D                1.1757E-02   4.3842E-17   1.5340E-13   1.5232E-22   1.5340E-13
 B                0.0000E+00  -5.5167E-28  -4.6418E-18  -1.9955E-16  -2.0419E-16
 
 Absolute convergence criterion met for Poisson
 Absolute convergence criterion met for continuity
 Total cpu time for bias point =    0.00 minutes
 Total cpu time =    0.03 minutes
  
  Continuation method: 
 Slope: 1.127E-02      Device Resistance: 9.585E+10
   V:    0.0310     I: 3.545E-13
   R: 1.000E+07    Va: 3.104E-02
 Lte: 2.127E-04    dV: 1.928E-02    dI: 2.011E-13


 Solution for Bias:

   V(S)               =  0.0000000E+00     V(G)               =  0.0000000E+00
   V(D)               =  3.1040880E-02     V(B)               =  0.0000000E+00


 norm   iter    v-error     n-error     p-error     iiter
  XR      1    1.8187E-05  6.6756E-03  3.6597E-03     0
  XR      2    1.4627E-10  1.3093E-05  0.0000E+00     0
  XR      3*   2.7906E-15  0.0000E+00  0.0000E+00     0

   Electrode       Voltage       Flux      I(Electron)    I(Hole)     I(Total)  
      Name         (Volts)    (Coul/mic.)   (A/micron)   (A/micron)   (A/micron)
 --------------  -----------  -----------  -----------  -----------  -----------
 S                0.0000E+00   4.4093E-17  -2.9761E-13  -1.8807E-31  -2.9761E-13
 G                0.0000E+00   3.6132E-16   0.0000E+00   0.0000E+00   0.0000E+00
 D                3.1038E-02   4.3430E-17   2.9810E-13   2.9137E-22   2.9810E-13
 B                0.0000E+00  -1.3252E-27  -8.9233E-18  -4.8034E-16  -4.8927E-16
 
 Absolute convergence criterion met for Poisson
 Absolute convergence criterion met for continuity
 Total cpu time for bias point =    0.00 minutes
 Total cpu time =    0.03 minutes
  
  Continuation method: 
 Slope: 6.302E-03      Device Resistance: 1.921E+11
   V:    0.0751     I: 5.278E-13
   R: 7.628E+06    Va: 7.515E-02
 Lte: 1.605E-04    dV: 4.411E-02    dI: 2.297E-13


 Solution for Bias:

   V(S)               =  0.0000000E+00     V(G)               =  0.0000000E+00
   V(D)               =  7.5149918E-02     V(B)               =  0.0000000E+00


 norm   iter    v-error     n-error     p-error     iiter
  XR      1    1.1221E-05  5.3935E-02  1.8669E-02     0
  XR      2    1.8775E-10  5.0342E-04  1.4121E-04     0
  XR      3*   2.4796E-13  1.5869E-08  0.0000E+00     0
  XR      4    4.0476E-16  0.0000E+00  0.0000E+00     0

   Electrode       Voltage       Flux      I(Electron)    I(Hole)     I(Total)  
      Name         (Volts)    (Coul/mic.)   (A/micron)   (A/micron)   (A/micron)
 --------------  -----------  -----------  -----------  -----------  -----------
 S                0.0000E+00   4.4093E-17  -4.1623E-13  -3.2530E-31  -4.1623E-13
 G                0.0000E+00   3.5338E-16   0.0000E+00   0.0000E+00   0.0000E+00
 D                7.5147E-02   4.2487E-17   4.1721E-13   3.9407E-22   4.1721E-13
 B                0.0000E+00  -2.6394E-27  -1.2202E-17  -9.5901E-16  -9.7121E-16
 
 Absolute convergence criterion met for Poisson
 Absolute convergence criterion met for continuity
 Total cpu time for bias point =    0.00 minutes
 Total cpu time =    0.03 minutes
  
  Continuation method: 
 Slope: 1.897E-03      Device Resistance: 8.037E+11
   V:    0.1886     I: 5.583E-13
   R: 2.892E+06    Va: 1.886E-01
 Lte: 5.821E-04    dV: 1.134E-01    dI: 1.411E-13


 Solution for Bias:

   V(S)               =  0.0000000E+00     V(G)               =  0.0000000E+00
   V(D)               =  1.8857528E-01     V(B)               =  0.0000000E+00


 norm   iter    v-error     n-error     p-error     iiter
  XR      1    1.2521E-06  3.7973E-01  9.9181E-02     0
  XR      2    2.7429E-10  2.9129E-02  4.3308E-03     0
  XR      3*   6.5069E-13  3.5754E-05  3.2807E-07     0
  XR      4*   7.7608E-16  0.0000E+00  0.0000E+00     0

   Electrode       Voltage       Flux      I(Electron)    I(Hole)     I(Total)  
      Name         (Volts)    (Coul/mic.)   (A/micron)   (A/micron)   (A/micron)
 --------------  -----------  -----------  -----------  -----------  -----------
 S                0.0000E+00   4.4093E-17  -4.7512E-13  -4.7908E-31  -4.7512E-13
 G                0.0000E+00   3.3359E-16   0.0000E+00   0.0000E+00   0.0000E+00
 D                1.8857E-01   4.0060E-17   4.7671E-13   4.1654E-22   4.7671E-13
 B                0.0000E+00  -4.3182E-27  -1.3245E-17  -1.5718E-15  -1.5850E-15
 
 Absolute convergence criterion met for Poisson
 Absolute convergence criterion met for continuity
 Total cpu time for bias point =    0.00 minutes
 Total cpu time =    0.03 minutes
  
  Continuation method: 
 Slope: 7.300E-04      Device Resistance: 3.161E+12
   V:    0.4818     I: 5.695E-13
   R: 1.684E+06    Va: 4.818E-01
 Lte: 1.906E-03    dV: 2.932E-01    dI: 9.276E-14


 Solution for Bias:

   V(S)               =  0.0000000E+00     V(G)               =  0.0000000E+00
   V(D)               =  4.8181365E-01     V(B)               =  0.0000000E+00


 norm   iter    v-error     n-error     p-error     iiter
  XR      1    1.4757E-08  1.3065E+01  7.8384E-01     0
  XR      2    4.5311E-09  7.4246E-01  9.8961E-01     0
  XR      3    2.9915E-11  6.7253E-06  5.8061E-03     0
  XR      4*   3.0991E-14  0.0000E+00  0.0000E+00     0

   Electrode       Voltage       Flux      I(Electron)    I(Hole)     I(Total)  
      Name         (Volts)    (Coul/mic.)   (A/micron)   (A/micron)   (A/micron)
 --------------  -----------  -----------  -----------  -----------  -----------
 S                0.0000E+00   4.4093E-17  -5.6386E-13  -7.5034E-31  -5.6386E-13
 G                0.0000E+00   2.8403E-16   0.0000E+00   0.0000E+00   0.0000E+00
 D                4.8181E-01   3.3775E-17   5.6655E-13   4.0819E-22   5.6655E-13
 B                0.0000E+00  -7.3338E-27  -1.4084E-17  -2.6728E-15  -2.6869E-15
 
 Absolute convergence criterion met for Poisson
 Absolute convergence criterion met for continuity
 Total cpu time for bias point =    0.00 minutes
 Total cpu time =    0.03 minutes
  
  Continuation method: 
 Slope: 1.374E-03      Device Resistance: 3.150E+12
   V:    1.2789     I: 8.196E-13
   R: 5.945E+06    Va: 1.279E+00
 Lte: 9.497E-03    dV: 7.971E-01    dI: 2.530E-13


 Solution for Bias:

   V(S)               =  0.0000000E+00     V(G)               =  0.0000000E+00
   V(D)               =  1.2789286E+00     V(B)               =  0.0000000E+00


 norm   iter    v-error     n-error     p-error     iiter
  XR      1    3.4111E+00  1.2577E+05  3.4153E+01     0
  XR      2    8.3982E-01  5.1194E-01  1.1168E+01     0
  XR      3    6.5271E-09  9.8681E-03  6.7432E+00     0
  XR      4    7.8785E-11  6.5755E-05  3.7222E-02     0
  XR      5*   3.8793E-12  0.0000E+00  0.0000E+00     0

   Electrode       Voltage       Flux      I(Electron)    I(Hole)     I(Total)  
      Name         (Volts)    (Coul/mic.)   (A/micron)   (A/micron)   (A/micron)
 --------------  -----------  -----------  -----------  -----------  -----------
 S                0.0000E+00   4.4093E-17  -8.6685E-13  -1.4363E-30  -8.6685E-13
 G                0.0000E+00   1.4629E-16   0.0000E+00   0.0000E+00   0.0000E+00
 D                1.2789E+00   1.6690E-17   8.7233E-13  -6.6951E-20   8.7233E-13
 B                0.0000E+00  -1.4980E-26  -1.6053E-17  -5.4640E-15  -5.4800E-15
 
 Absolute convergence criterion met for Poisson
 Absolute convergence criterion met for continuity
 Total cpu time for bias point =    0.00 minutes
 Total cpu time =    0.03 minutes
  
  Continuation method: 
 Slope: 4.594E-03      Device Resistance: 2.116E+12
   V:    3.4457     I: 1.897E-12
   R: 1.000E+07    Va: 3.446E+00
 Lte: 4.379E-02    dV: 2.167E+00    dI: 1.024E-12


 Solution for Bias:

   V(S)               =  0.0000000E+00     V(G)               =  0.0000000E+00
   V(D)               =  3.4457292E+00     V(B)               =  0.0000000E+00


 norm   iter    v-error     n-error     p-error     iiter
  XR      1    1.2917E+01  7.1913E+04  7.4962E+09     0
  XR      2    3.4899E+00  8.2209E+00  1.4893E+02     0
  XR      3    1.4048E+00  9.4893E-01  1.0334E+01     0
  XR      4    8.1251E-09  1.1347E-01  1.7355E+01     0
  XR      5    7.2926E-09  1.0342E-04  1.7465E+00     0
  XR      6    2.1301E-08  0.0000E+00  0.0000E+00     0

   Electrode       Voltage       Flux      I(Electron)    I(Hole)     I(Total)  
      Name         (Volts)    (Coul/mic.)   (A/micron)   (A/micron)   (A/micron)
 --------------  -----------  -----------  -----------  -----------  -----------
 S                0.0000E+00   4.4094E-17  -3.1530E-12  -2.0023E-29  -3.1530E-12
 G                0.0000E+00  -2.4980E-16   0.0000E+00   0.0000E+00   0.0000E+00
 D                3.4457E+00  -2.9738E-17   3.1940E-12  -4.5819E-18   3.1940E-12
 B                0.0000E+00  -1.1241E-25  -2.0581E-17  -4.0999E-14  -4.1020E-14
 
 Absolute convergence criterion met for Poisson
 Absolute convergence criterion met for continuity
 Total cpu time for bias point =    0.00 minutes
 Total cpu time =    0.03 minutes
  
  Continuation method: 
 Slope: 5.374E-02      Device Resistance: 4.440E+11
   V:    4.4457     I: 5.446E-12
   R: 1.000E+07    Va: 4.446E+00
 Lte: 1.090E-01    dV: 1.000E+00    dI: 2.252E-12


 Solution for Bias:

   V(S)               =  0.0000000E+00     V(G)               =  0.0000000E+00
   V(D)               =  4.4457517E+00     V(B)               =  0.0000000E+00


 norm   iter    v-error     n-error     p-error     iiter
  XR      1    4.4467E+00  2.7803E+02  4.1242E+01     0
  XR      2    7.3900E-01  7.2743E-01  2.8560E+01     0
  XR      3    3.3472E-02  3.3734E+00  2.3301E+02     0
  XR      4    1.6735E-07  2.7414E-03  4.6583E-03     0
  XR      5    8.3783E-10  0.0000E+00  0.0000E+00     0

   Electrode       Voltage       Flux      I(Electron)    I(Hole)     I(Total)  
      Name         (Volts)    (Coul/mic.)   (A/micron)   (A/micron)   (A/micron)
 --------------  -----------  -----------  -----------  -----------  -----------
 S                0.0000E+00   4.4096E-17  -6.6729E-12  -2.1206E-28  -6.6729E-12
 G                0.0000E+00  -4.4034E-16   0.0000E+00   0.0000E+00   0.0000E+00
 D                4.4457E+00  -5.1161E-17   6.8834E-12  -1.4300E-17   6.8834E-12
 B                0.0000E+00  -5.7691E-25  -2.2496E-17  -2.1047E-13  -2.1049E-13
 
 Absolute convergence criterion met for Poisson
 Absolute convergence criterion met for continuity
 Total cpu time for bias point =    0.00 minutes
 Total cpu time =    0.04 minutes
  
  Continuation method: 
 Slope: 2.215E-01      Device Resistance: 1.709E+11
   V:    4.9556     I: 9.867E-12
   R: 1.000E+07    Va: 4.956E+00
 Lte: 6.772E-02    dV: 5.099E-01    dI: 2.984E-12


 Solution for Bias:

   V(S)               =  0.0000000E+00     V(G)               =  0.0000000E+00
   V(D)               =  4.9556489E+00     V(B)               =  0.0000000E+00


 norm   iter    v-error     n-error     p-error     iiter
  XR      1    1.8983E-06  4.9493E+00  1.0429E+01     0
  XR      2    4.1553E-08  1.1064E-02  1.6589E+00     0
  XR      3    3.1920E-07  4.8065E-03  7.5011E-03     0
  XR      4    3.6524E-08  0.0000E+00  0.0000E+00     0
  XR      5*   8.5441E-15  0.0000E+00  0.0000E+00     0

   Electrode       Voltage       Flux      I(Electron)    I(Hole)     I(Total)  
      Name         (Volts)    (Coul/mic.)   (A/micron)   (A/micron)   (A/micron)
 --------------  -----------  -----------  -----------  -----------  -----------
 S                0.0000E+00   4.4097E-17  -1.0435E-11  -9.0586E-28  -1.0435E-11
 G                0.0000E+00  -5.3911E-16   0.0000E+00   0.0000E+00   0.0000E+00
 D                4.9555E+00  -6.2083E-17   1.0927E-11  -2.7683E-17   1.0927E-11
 B                0.0000E+00  -1.3487E-24  -2.3453E-17  -4.9211E-13  -4.9213E-13
 
 Absolute convergence criterion met for Poisson
 Absolute convergence criterion met for continuity
 Total cpu time for bias point =    0.00 minutes
 Total cpu time =    0.04 minutes
  
  Continuation method: 
 Slope: 4.556E-01      Device Resistance: 9.499E+10
   V:    5.6796     I: 1.855E-11
   R: 1.000E+07    Va: 5.680E+00
 Lte: 1.701E-02    dV: 7.241E-01    dI: 7.622E-12


 Solution for Bias:

   V(S)               =  0.0000000E+00     V(G)               =  0.0000000E+00
   V(D)               =  5.6797801E+00     V(B)               =  0.0000000E+00


 norm   iter    v-error     n-error     p-error     iiter
  XR      1    1.0086E+00  3.0221E+00  9.7199E+01     0
  XR      2    2.8160E-07  4.4352E-01  6.8998E+01     0
  XR      3    5.5553E-09  3.1370E-05  3.3560E-03     0
  XR      4    7.8989E-07  6.9884E-03  2.0368E-02     0
  XR      5    2.8235E-10  0.0000E+00  0.0000E+00     0

   Electrode       Voltage       Flux      I(Electron)    I(Hole)     I(Total)  
      Name         (Volts)    (Coul/mic.)   (A/micron)   (A/micron)   (A/micron)
 --------------  -----------  -----------  -----------  -----------  -----------
 S                0.0000E+00   4.4099E-17  -2.1410E-11  -8.7557E-27  -2.1410E-11
 G                0.0000E+00  -6.8126E-16   0.0000E+00   0.0000E+00   0.0000E+00
 D                5.6795E+00  -7.7593E-17   2.3020E-11  -6.8296E-17   2.3020E-11
 B                0.0000E+00  -4.4113E-24  -2.4802E-17  -1.6100E-12  -1.6100E-12
 
 Absolute convergence criterion met for Poisson
 Absolute convergence criterion met for continuity
 Total cpu time for bias point =    0.00 minutes
 Total cpu time =    0.04 minutes
  
  Continuation method: 
 Slope: 1.096E+00      Device Resistance: 4.018E+10
   V:    6.4567     I: 4.236E-11
   R: 1.000E+07    Va: 6.457E+00
 Lte: 1.731E-02    dV: 7.771E-01    dI: 1.934E-11


 Solution for Bias:

   V(S)               =  0.0000000E+00     V(G)               =  0.0000000E+00
   V(D)               =  6.4570768E+00     V(B)               =  0.0000000E+00


 norm   iter    v-error     n-error     p-error     iiter
  XR      1    1.8107E-05  4.2083E+00  1.4026E+02     0
  XR      2    1.3677E-06  2.5554E-02  8.1297E+00     0
  XR      3    2.8116E-10  3.4587E-05  4.3554E-03     0
  XR      4*   2.2474E-06  1.0617E-02  4.6104E-02     0
  XR      5    2.2708E-08  0.0000E+00  0.0000E+00     0

   Electrode       Voltage       Flux      I(Electron)    I(Hole)     I(Total)  
      Name         (Volts)    (Coul/mic.)   (A/micron)   (A/micron)   (A/micron)
 --------------  -----------  -----------  -----------  -----------  -----------
 S                0.0000E+00   4.4102E-17  -4.9110E-11  -9.4464E-26  -4.9110E-11
 G                0.0000E+00  -8.3555E-16   0.0000E+00   0.0000E+00   0.0000E+00
 D                6.4565E+00  -9.4237E-17   5.4633E-11  -1.8925E-16   5.4633E-11
 B                0.0000E+00  -1.5129E-23  -2.6233E-17  -5.5225E-12  -5.5225E-12
 
 Absolute convergence criterion met for Poisson
 Absolute convergence criterion met for continuity
 Total cpu time for bias point =    0.00 minutes
 Total cpu time =    0.04 minutes
  
  Continuation method: 
 Slope: 2.472E+00      Device Resistance: 1.613E+10
   V:    7.0885     I: 9.380E-11
   R: 1.000E+07    Va: 7.089E+00
 Lte: 2.641E-02    dV: 6.319E-01    dI: 3.917E-11


 Solution for Bias:

   V(S)               =  0.0000000E+00     V(G)               =  0.0000000E+00
   V(D)               =  7.0894126E+00     V(B)               =  0.0000000E+00


 norm   iter    v-error     n-error     p-error     iiter
  XR      1    2.5721E-05  2.0525E+00  1.7857E+01     0
  XR      2    4.9865E-06  7.8344E-02  1.0199E+00     0
  XR      3    1.9607E-08  5.7429E-04  1.2053E-03     0
  XR      4    5.3128E-06  1.4527E-02  2.4694E-01     0
  XR      5    6.0455E-09  0.0000E+00  0.0000E+00     0

   Electrode       Voltage       Flux      I(Electron)    I(Hole)     I(Total)  
      Name         (Volts)    (Coul/mic.)   (A/micron)   (A/micron)   (A/micron)
 --------------  -----------  -----------  -----------  -----------  -----------
 S                0.0000E+00   4.4104E-17  -9.7687E-11  -6.7179E-25  -9.7687E-11
 G                0.0000E+00  -9.6169E-16   0.0000E+00   0.0000E+00   0.0000E+00
 D                7.0883E+00  -1.0777E-16   1.1229E-10  -4.4829E-16   1.1229E-10
 B                0.0000E+00  -3.9989E-23  -2.7395E-17  -1.4599E-11  -1.4599E-11
 
 Absolute convergence criterion met for Poisson
 Absolute convergence criterion met for continuity
 Total cpu time for bias point =    0.00 minutes
 Total cpu time =    0.04 minutes
  
  Continuation method: 
 Slope: 4.145E+00      Device Resistance: 7.809E+09
   V:    7.7432     I: 1.961E-10
   R: 1.000E+07    Va: 7.745E+00
 Lte: 1.885E-02    dV: 6.549E-01    dI: 8.386E-11


 Solution for Bias:

   V(S)               =  0.0000000E+00     V(G)               =  0.0000000E+00
   V(D)               =  7.7451154E+00     V(B)               =  0.0000000E+00


 norm   iter    v-error     n-error     p-error     iiter
  XR      1    3.5950E-03  1.1029E+00  2.6635E+01     0
  XR      2    1.2914E-05  4.2570E-01  2.8836E-01     0
  XR      3    5.0329E-09  1.4639E-02  3.6856E-04     0
  XR      4*   1.2501E-05  1.9232E-02  2.0995E-01     0
  XR      5    2.8313E-07  1.0314E-05  0.0000E+00     0

   Electrode       Voltage       Flux      I(Electron)    I(Hole)     I(Total)  
      Name         (Volts)    (Coul/mic.)   (A/micron)   (A/micron)   (A/micron)
 --------------  -----------  -----------  -----------  -----------  -----------
 S                0.0000E+00   4.4107E-17  -1.9711E-10  -5.1989E-24  -1.9711E-10
 G                0.0000E+00  -1.0923E-15   0.0000E+00   0.0000E+00   0.0000E+00
 D                7.7428E+00  -1.2179E-16   2.3537E-10  -1.0696E-15   2.3537E-10
 B                0.0000E+00  -1.0478E-22  -2.8591E-17  -3.8257E-11  -3.8257E-11
 
 Absolute convergence criterion met for Poisson
 Absolute convergence criterion met for continuity
 Total cpu time for bias point =    0.00 minutes
 Total cpu time =    0.04 minutes
  
  Continuation method: 
 Slope: 5.910E+00      Device Resistance: 3.792E+09
   V:    8.5005     I: 4.352E-10
   R: 1.000E+07    Va: 8.505E+00
 Lte: 1.379E-02    dV: 7.577E-01    dI: 1.998E-10


 Solution for Bias:

   V(S)               =  0.0000000E+00     V(G)               =  0.0000000E+00
   V(D)               =  8.5048265E+00     V(B)               =  0.0000000E+00


 norm   iter    v-error     n-error     p-error     iiter
  XR      1    1.3275E-04  9.7264E-01  2.8058E+01     0
  XR      2    3.6020E-05  1.2815E+01  6.2354E-01     0
  XR      3    3.3929E-05  2.7111E-02  3.9533E-01     0
  XR      4    1.0244E-07  0.0000E+00  0.0000E+00     0
  XR      5*   2.5737E-13  0.0000E+00  0.0000E+00     0

   Electrode       Voltage       Flux      I(Electron)    I(Hole)     I(Total)  
      Name         (Volts)    (Coul/mic.)   (A/micron)   (A/micron)   (A/micron)
 --------------  -----------  -----------  -----------  -----------  -----------
 S                0.0000E+00   4.4111E-17  -4.3657E-10  -5.5120E-23  -4.3657E-10
 G                0.0000E+00  -1.2434E-15   0.0000E+00   0.0000E+00   0.0000E+00
 D                8.4994E+00  -1.3800E-16   5.4634E-10  -2.7628E-15   5.4634E-10
 B                0.0000E+00  -3.0062E-22  -2.9977E-17  -1.0977E-10  -1.0977E-10
 
 Absolute convergence criterion met for Poisson
 Absolute convergence criterion met for continuity
 Total cpu time for bias point =    0.00 minutes
 Total cpu time =    0.04 minutes
  
  Continuation method: 
 Slope: 7.695E+00      Device Resistance: 1.653E+09
   V:    9.3214     I: 1.044E-09
   R: 1.000E+07    Va: 9.332E+00
 Lte: 3.256E-02    dV: 8.220E-01    dI: 4.973E-10


 Solution for Bias:

   V(S)               =  0.0000000E+00     V(G)               =  0.0000000E+00
   V(D)               =  9.3318313E+00     V(B)               =  0.0000000E+00


 norm   iter    v-error     n-error     p-error     iiter
  XR      1    3.3994E-04  4.0672E-01  4.1212E+01     0
  XR      2    1.2387E-05  9.1090E-03  8.5757E-01     0
  XR      3    3.1243E-08  0.0000E+00  1.1547E-03     0
  XR      4*   4.9921E-13  0.0000E+00  0.0000E+00     0

   Electrode       Voltage       Flux      I(Electron)    I(Hole)     I(Total)  
      Name         (Volts)    (Coul/mic.)   (A/micron)   (A/micron)   (A/micron)
 --------------  -----------  -----------  -----------  -----------  -----------
 S                0.0000E+00   4.4115E-17  -1.0186E-09  -6.6102E-22  -1.0186E-09
 G                0.0000E+00  -1.4075E-15   0.0000E+00   0.0000E+00   0.0000E+00
 D                9.3183E+00  -1.5555E-16   1.3490E-09  -7.6188E-15   1.3490E-09
 B                0.0000E+00  -9.0478E-22  -3.1481E-17  -3.3040E-10  -3.3040E-10
 
 Absolute convergence criterion met for Poisson
 Absolute convergence criterion met for continuity
 Total cpu time for bias point =    0.00 minutes
 Total cpu time =    0.04 minutes
  
  Continuation method: 
 Slope: 9.233E+00      Device Resistance: 6.734E+08
   V:   10.0710     I: 2.467E-09
   R: 1.000E+07    Va: 1.010E+01
 Lte: 6.968E-02    dV: 7.527E-01    dI: 1.118E-09


 Solution for Bias:

   V(S)               =  0.0000000E+00     V(G)               =  0.0000000E+00
   V(D)               =  1.0095685E+01     V(B)               =  0.0000000E+00


 norm   iter    v-error     n-error     p-error     iiter
  XR      1    6.3096E-04  4.0437E+00  2.2328E+01     0
  XR      2    3.8037E-05  9.8948E-03  3.2953E-01     0
  XR      3*   1.8398E-08  1.0144E-05  6.1375E-04     0
  XR      4*   2.6144E-11  0.0000E+00  4.3531E-06     0

   Electrode       Voltage       Flux      I(Electron)    I(Hole)     I(Total)  
      Name         (Volts)    (Coul/mic.)   (A/micron)   (A/micron)   (A/micron)
 --------------  -----------  -----------  -----------  -----------  -----------
 S                0.0000E+00   4.4119E-17  -2.1770E-09  -6.4860E-21  -2.1770E-09
 G                0.0000E+00  -1.5576E-15   0.0000E+00   0.0000E+00   0.0000E+00
 D                1.0065E+01  -1.7154E-16   3.0639E-09  -1.9576E-14   3.0639E-09
 B                0.0000E+00  -2.4287E-21  -3.2866E-17  -8.8696E-10  -8.8696E-10
 
 Absolute convergence criterion met for Poisson
 Absolute convergence criterion met for continuity
 Total cpu time for bias point =    0.00 minutes
 Total cpu time =    0.05 minutes
  
  Continuation method: 
 Slope: 1.039E+01      Device Resistance: 2.978E+08
   V:   10.9993     I: 6.201E-09
   R: 1.000E+07    Va: 1.106E+01
 Lte: 4.424E-02    dV: 9.342E-01    dI: 3.138E-09


 Solution for Bias:

   V(S)               =  0.0000000E+00     V(G)               =  0.0000000E+00
   V(D)               =  1.1061279E+01     V(B)               =  0.0000000E+00


 norm   iter    v-error     n-error     p-error     iiter
  XR      1    1.9432E-03  1.4348E+00  3.1888E+01     0
  XR      2    3.1347E-05  2.5884E-03  8.0323E-01     0
  XR      3    5.8691E-08  0.0000E+00  1.1490E-03     0
  XR      4*   4.7159E-13  0.0000E+00  0.0000E+00     0

   Electrode       Voltage       Flux      I(Electron)    I(Hole)     I(Total)  
      Name         (Volts)    (Coul/mic.)   (A/micron)   (A/micron)   (A/micron)
 --------------  -----------  -----------  -----------  -----------  -----------
 S                0.0000E+00   4.4123E-17  -5.4137E-09  -1.1632E-19  -5.4137E-09
 G                0.0000E+00  -1.7417E-15   0.0000E+00   0.0000E+00   0.0000E+00
 D                1.0978E+01  -1.9111E-16   8.3045E-09  -6.2285E-14   8.3045E-09
 B                0.0000E+00  -7.9154E-21  -3.4586E-17  -2.8908E-09  -2.8908E-09
 
 Absolute convergence criterion met for Poisson
 Absolute convergence criterion met for continuity
 Total cpu time for bias point =    0.00 minutes
 Total cpu time =    0.05 minutes
  
  Continuation method: 
 Slope: 1.141E+01      Device Resistance: 1.108E+08
   V:   12.1647     I: 1.901E-08
   R: 1.000E+07    Va: 1.235E+01
 Lte: 4.633E-02    dV: 1.186E+00    dI: 1.071E-08


 Solution for Bias:

   V(S)               =  0.0000000E+00     V(G)               =  0.0000000E+00
   V(D)               =  1.2354863E+01     V(B)               =  0.0000000E+00


 norm   iter    v-error     n-error     p-error     iiter
  XR      1    6.8125E-03  3.9847E-01  6.8425E+01     0
  XR      2    7.3321E-05  1.0454E-02  9.9248E-01     0
  XR      3    2.9925E-07  7.7194E-07  1.3928E-03     0
  XR      4*   7.0460E-12  0.0000E+00  0.0000E+00     0

   Electrode       Voltage       Flux      I(Electron)    I(Hole)     I(Total)  
      Name         (Volts)    (Coul/mic.)   (A/micron)   (A/micron)   (A/micron)
 --------------  -----------  -----------  -----------  -----------  -----------
 S                0.0000E+00   4.4129E-17  -1.5841E-08  -3.5017E-18  -1.5841E-08
 G                0.0000E+00  -1.9646E-15   0.0000E+00   0.0000E+00   0.0000E+00
 D                1.2081E+01  -2.1473E-16   2.7391E-08  -2.4838E-13   2.7390E-08
 B                0.0000E+00  -3.1626E-20  -3.6732E-17  -1.1550E-08  -1.1550E-08
 
 Absolute convergence criterion met for Poisson
 Absolute convergence criterion met for continuity
 Total cpu time for bias point =    0.00 minutes
 Total cpu time =    0.05 minutes
  
  Continuation method: 
 Slope: 1.253E+01      Device Resistance: 3.375E+07
   V:   13.6219     I: 7.304E-08
   R: 7.748E+06    Va: 1.419E+01
 Lte: 4.503E-02    dV: 1.541E+00    dI: 4.565E-08


 Solution for Bias:

   V(S)               =  0.0000000E+00     V(G)               =  0.0000000E+00
   V(D)               =  1.4187864E+01     V(B)               =  0.0000000E+00


 norm   iter    v-error     n-error     p-error     iiter
  XR      1    1.9597E-02  6.1673E-01  5.1255E+01     0
  XR      2    1.5408E-03  4.3543E-02  2.3055E+00     0
  XR      3    1.0621E-05  1.0448E-03  2.8605E-02     0
  XR      4*   9.1958E-08  7.0835E-06  3.4639E-05     0
  XR      5*   3.9321E-11  0.0000E+00  0.0000E+00     0

   Electrode       Voltage       Flux      I(Electron)    I(Hole)     I(Total)  
      Name         (Volts)    (Coul/mic.)   (A/micron)   (A/micron)   (A/micron)
 --------------  -----------  -----------  -----------  -----------  -----------
 S                0.0000E+00   4.4135E-17  -5.3393E-08  -1.4386E-16  -5.3393E-08
 G                0.0000E+00  -2.2190E-15   0.0000E+00   0.0000E+00   0.0000E+00
 D                1.3334E+01  -2.4158E-16   1.1017E-07  -1.3027E-12   1.1017E-07
 B                0.0000E+00  -1.5550E-19  -3.9508E-17  -5.6779E-08  -5.6779E-08
 
 Absolute convergence criterion met for Poisson
 Absolute convergence criterion met for continuity
 Total cpu time for bias point =    0.00 minutes
 Total cpu time =    0.05 minutes
  
  Continuation method: 
 Slope: 1.503E+01      Device Resistance: 7.726E+06
   V:   14.7504     I: 2.935E-07
   R: 2.127E+06    Va: 1.537E+01
 Lte: 5.591E-02    dV: 1.416E+00    dI: 1.833E-07


 Solution for Bias:

   V(S)               =  0.0000000E+00     V(G)               =  0.0000000E+00
   V(D)               =  1.5374756E+01     V(B)               =  0.0000000E+00


 norm   iter    v-error     n-error     p-error     iiter
  XR      1    1.8971E-02  3.9671E-01  4.9832E+01     0
  XR      2    8.5498E-03  3.4851E-01  1.2299E+00     0
  XR      3    7.8992E-04  2.2956E-02  1.3808E-01     0
  XR      4*   2.2488E-05  1.4100E-03  4.3042E-02     0
  XR      5*   1.2873E-07  2.1350E-05  5.9202E-04     0
  XR      6*   9.2915E-09  8.7253E-07  3.8842E-06     0

   Electrode       Voltage       Flux      I(Electron)    I(Hole)     I(Total)  
      Name         (Volts)    (Coul/mic.)   (A/micron)   (A/micron)   (A/micron)
 --------------  -----------  -----------  -----------  -----------  -----------
 S                0.0000E+00   4.4143E-17  -1.8729E-07  -5.8177E-15  -1.8729E-07
 G                0.0000E+00  -2.4298E-15   0.0000E+00   0.0000E+00   0.0000E+00
 D                1.4359E+01  -2.6352E-16   4.7771E-07  -7.6630E-12   4.7771E-07
 B                0.0000E+00  -7.9624E-19  -4.3477E-17  -2.9042E-07  -2.9042E-07
 
 Absolute convergence criterion met for Poisson
 Absolute convergence criterion met for continuity
 Total cpu time for bias point =    0.00 minutes
 Total cpu time =    0.05 minutes
  
  Continuation method: 
 Slope: 2.978E+01      Device Resistance: 9.801E+05
   V:   15.1631     I: 1.299E-06
   R: 5.346E+05    Va: 1.586E+01
 Lte: 4.437E-02    dV: 8.045E-01    dI: 8.208E-07


 Solution for Bias:

   V(S)               =  0.0000000E+00     V(G)               =  0.0000000E+00
   V(D)               =  1.5857259E+01     V(B)               =  0.0000000E+00


 norm   iter    v-error     n-error     p-error     iiter
  XR      1    1.4559E-02  3.8401E-01  9.8538E+00     0
  XR      2    6.8821E-02  1.4623E+00  6.2374E+00     0
  XR      3    1.9499E+00  2.0756E-01  1.2656E+00     0
  XR      4    5.4364E-03  4.7429E-02  2.7215E+01     0
  XR      5    9.3574E-05  1.7752E-03  3.2011E-02     0
  XR      6*   1.1486E-06  7.6034E-05  2.4074E-03     0
  XR      7*   6.2090E-09  1.0017E-07  1.8456E-07     0

   Electrode       Voltage       Flux      I(Electron)    I(Hole)     I(Total)  
      Name         (Volts)    (Coul/mic.)   (A/micron)   (A/micron)   (A/micron)
 --------------  -----------  -----------  -----------  -----------  -----------
 S                0.0000E+00   4.4154E-17  -1.0346E-06  -2.9493E-13  -1.0346E-06
 G                0.0000E+00  -2.4647E-15   0.0000E+00   0.0000E+00   0.0000E+00
 D                1.4452E+01  -2.6551E-16   2.6291E-06  -4.1968E-11   2.6291E-06
 B                0.0000E+00  -4.3989E-18  -5.5984E-17  -1.5945E-06  -1.5945E-06
 
 Absolute convergence criterion met for Poisson
 Absolute convergence criterion met for continuity
 Total cpu time for bias point =    0.00 minutes
 Total cpu time =    0.05 minutes
  
  Continuation method: 
 Slope:-3.552E+01      Device Resistance:-1.553E+05
   V:   14.0894     I: 4.962E-06
   R:-5.346E+05    Va: 1.144E+01
 Lte: 1.163E-01    dV:-3.623E-01    dI: 2.333E-06


 Solution for Bias:

   V(S)               =  0.0000000E+00     V(G)               =  0.0000000E+00
   V(D)               =  1.1436888E+01     V(B)               =  0.0000000E+00


 norm   iter    v-error     n-error     p-error     iiter
  XR      1    3.2024E+00  2.1307E+00  1.9934E+02     0
  XR      2    2.2392E+00  9.6501E+01  9.8711E+03     0
  XR      3    2.0569E-05  1.0997E-01  2.7537E-01     0
  XR      4    1.0026E-08  2.4778E-04  2.0302E-03     0
  XR      5*   4.0514E-08  3.0902E-04  6.5913E-04     0
  XR      6*   1.1628E-08  6.4593E-05  1.5859E-04     0
  XR      7    1.8716E-11  0.0000E+00  0.0000E+00     0

   Electrode       Voltage       Flux      I(Electron)    I(Hole)     I(Total)  
      Name         (Volts)    (Coul/mic.)   (A/micron)   (A/micron)   (A/micron)
 --------------  -----------  -----------  -----------  -----------  -----------
 S                0.0000E+00   4.4126E-17  -8.5504E-09  -5.0237E-19  -8.5504E-09
 G                0.0000E+00  -1.8358E-15   0.0000E+00   0.0000E+00   0.0000E+00
 D                1.1444E+01  -2.0109E-16   1.3765E-08  -1.1181E-13   1.3764E-08
 B                0.0000E+00  -1.4277E-20  -3.5477E-17  -5.2141E-09  -5.2141E-09
 
 Absolute convergence criterion met for Poisson
 Absolute convergence criterion met for continuity
 Total cpu time for bias point =    0.00 minutes
 Total cpu time =    0.05 minutes
  Retracing in continuation,  -180.076259552766       going back.
  
  Continuation method: 
 Slope:-3.552E+01      Device Resistance:-1.553E+05
   V:   14.4508     I: 2.635E-06
   R:-5.517E+06    Va:-8.775E-02
 Lte: 0.000E+00    dV:-9.556E-04    dI: 6.153E-09


 Solution for Bias:

   V(S)               =  0.0000000E+00     V(G)               =  0.0000000E+00
   V(D)               = -8.7750261E-02     V(B)               =  0.0000000E+00


 norm   iter    v-error     n-error     p-error     iiter
  XR      1    6.6126E-05  2.5587E-03  3.1586E-03     0
  XR      2    3.1892E-08  3.1436E-10  0.0000E+00     0

   Electrode       Voltage       Flux      I(Electron)    I(Hole)     I(Total)  
      Name         (Volts)    (Coul/mic.)   (A/micron)   (A/micron)   (A/micron)
 --------------  -----------  -----------  -----------  -----------  -----------
 S                0.0000E+00   4.4154E-17  -1.0373E-06  -2.9643E-13  -1.0373E-06
 G                0.0000E+00  -2.4645E-15   0.0000E+00   0.0000E+00   0.0000E+00
 D                1.4451E+01  -2.6549E-16   2.6353E-06  -4.2047E-11   2.6353E-06
 B                0.0000E+00  -4.4083E-18  -5.6017E-17  -1.5979E-06  -1.5979E-06
 
 Absolute convergence criterion met for Poisson
 Absolute convergence criterion met for continuity
 Total cpu time for bias point =    0.00 minutes
 Total cpu time =    0.05 minutes
  
  Continuation method: 
 Slope:-3.551E+01      Device Resistance:-1.555E+05
   V:   14.4482     I: 2.652E-06
   R:-5.346E+05    Va: 1.303E+01
 Lte: 2.585E-04    dV:-2.598E-03    dI: 1.671E-08


 Solution for Bias:

   V(S)               =  0.0000000E+00     V(G)               =  0.0000000E+00
   V(D)               =  1.3030427E+01     V(B)               =  0.0000000E+00


 norm   iter    v-error     n-error     p-error     iiter
  XR      1    1.8504E-07  2.9564E-05  3.6611E-05     0
  XR      2    1.4035E-11  0.0000E+00  0.0000E+00     0

   Electrode       Voltage       Flux      I(Electron)    I(Hole)     I(Total)  
      Name         (Volts)    (Coul/mic.)   (A/micron)   (A/micron)   (A/micron)
 --------------  -----------  -----------  -----------  -----------  -----------
 S                0.0000E+00   4.4154E-17  -1.0448E-06  -3.0054E-13  -1.0448E-06
 G                0.0000E+00  -2.4641E-15   0.0000E+00   0.0000E+00   0.0000E+00
 D                1.4448E+01  -2.6543E-16   2.6520E-06  -4.2261E-11   2.6520E-06
 B                0.0000E+00  -4.4339E-18  -5.6106E-17  -1.6072E-06  -1.6072E-06
 
 Absolute convergence criterion met for Poisson
 Absolute convergence criterion met for continuity
 Total cpu time for bias point =    0.00 minutes
 Total cpu time =    0.05 minutes
  
  Continuation method: 
 Slope:-3.519E+01      Device Resistance:-1.559E+05
   V:   14.4413     I: 2.696E-06
   R:-5.346E+05    Va: 1.300E+01
 Lte: 5.265E-06    dV:-6.867E-03    dI: 4.405E-08


 Solution for Bias:

   V(S)               =  0.0000000E+00     V(G)               =  0.0000000E+00
   V(D)               =  1.3000011E+01     V(B)               =  0.0000000E+00


 norm   iter    v-error     n-error     p-error     iiter
  XR      1    1.2234E-06  2.3215E-04  2.7761E-04     0
  XR      2    6.5497E-10  0.0000E+00  0.0000E+00     0

   Electrode       Voltage       Flux      I(Electron)    I(Hole)     I(Total)  
      Name         (Volts)    (Coul/mic.)   (A/micron)   (A/micron)   (A/micron)
 --------------  -----------  -----------  -----------  -----------  -----------
 S                0.0000E+00   4.4154E-17  -1.0646E-06  -3.1151E-13  -1.0646E-06
 G                0.0000E+00  -2.4630E-15   0.0000E+00   0.0000E+00   0.0000E+00
 D                1.4441E+01  -2.6529E-16   2.6960E-06  -4.2823E-11   2.6960E-06
 B                0.0000E+00  -4.5013E-18  -5.6340E-17  -1.6314E-06  -1.6314E-06
 
 Absolute convergence criterion met for Poisson
 Absolute convergence criterion met for continuity
 Total cpu time for bias point =    0.00 minutes
 Total cpu time =    0.05 minutes
  
  Continuation method: 
 Slope:-3.438E+01      Device Resistance:-1.569E+05
   V:   14.4229     I: 2.813E-06
   R:-5.346E+05    Va: 1.292E+01
 Lte: 3.474E-05    dV:-1.841E-02    dI: 1.173E-07


 Solution for Bias:

   V(S)               =  0.0000000E+00     V(G)               =  0.0000000E+00
   V(D)               =  1.2918885E+01     V(B)               =  0.0000000E+00


 norm   iter    v-error     n-error     p-error     iiter
  XR      1    7.5630E-06  1.5952E-03  1.8483E-03     0
  XR      2    2.8606E-08  0.0000E+00  0.0000E+00     0

   Electrode       Voltage       Flux      I(Electron)    I(Hole)     I(Total)  
      Name         (Volts)    (Coul/mic.)   (A/micron)   (A/micron)   (A/micron)
 --------------  -----------  -----------  -----------  -----------  -----------
 S                0.0000E+00   4.4154E-17  -1.1176E-06  -3.4166E-13  -1.1176E-06
 G                0.0000E+00  -2.4599E-15   0.0000E+00   0.0000E+00   0.0000E+00
 D                1.4423E+01  -2.6489E-16   2.8131E-06  -4.4298E-11   2.8131E-06
 B                0.0000E+00  -4.6796E-18  -5.6962E-17  -1.6955E-06  -1.6955E-06
 
 Absolute convergence criterion met for Poisson
 Absolute convergence criterion met for continuity
 Total cpu time for bias point =    0.00 minutes
 Total cpu time =    0.06 minutes
  
  Continuation method: 
 Slope:-3.244E+01      Device Resistance:-1.592E+05
   V:   14.3727     I: 3.127E-06
   R:-5.346E+05    Va: 1.270E+01
 Lte: 2.504E-04    dV:-5.004E-02    dI: 3.142E-07


 Solution for Bias:

   V(S)               =  0.0000000E+00     V(G)               =  0.0000000E+00
   V(D)               =  1.2700852E+01     V(B)               =  0.0000000E+00


 norm   iter    v-error     n-error     p-error     iiter
  XR      1    3.6478E-05  9.9603E-03  1.1352E-02     0
  XR      2    1.0406E-06  1.5619E-05  4.3090E-05     0
  XR      3*   2.7931E-11  0.0000E+00  0.0000E+00     0

   Electrode       Voltage       Flux      I(Electron)    I(Hole)     I(Total)  
      Name         (Volts)    (Coul/mic.)   (A/micron)   (A/micron)   (A/micron)
 --------------  -----------  -----------  -----------  -----------  -----------
 S                0.0000E+00   4.4155E-17  -1.2622E-06  -4.2924E-13  -1.2622E-06
 G                0.0000E+00  -2.4514E-15   0.0000E+00   0.0000E+00   0.0000E+00
 D                1.4372E+01  -2.6380E-16   3.1264E-06  -4.8105E-11   3.1263E-06
 B                0.0000E+00  -5.1492E-18  -5.8614E-17  -1.8642E-06  -1.8642E-06
 
 Absolute convergence criterion met for Poisson
 Absolute convergence criterion met for continuity
 Total cpu time for bias point =    0.00 minutes
 Total cpu time =    0.06 minutes
  
  Continuation method: 
 Slope:-2.841E+01      Device Resistance:-1.632E+05
   V:   14.2560     I: 3.838E-06
   R:-5.346E+05    Va: 1.220E+01
 Lte: 1.828E-03    dV:-1.162E-01    dI: 7.120E-07


 Solution for Bias:

   V(S)               =  0.0000000E+00     V(G)               =  0.0000000E+00
   V(D)               =  1.2203976E+01     V(B)               =  0.0000000E+00


 norm   iter    v-error     n-error     p-error     iiter
  XR      1    4.2767E-05  4.0036E-02  4.3967E-02     0
  XR      2    1.4331E-05  2.2219E-04  7.0172E-04     0
  XR      3*   5.9444E-09  7.1356E-08  2.2548E-07     0

   Electrode       Voltage       Flux      I(Electron)    I(Hole)     I(Total)  
      Name         (Volts)    (Coul/mic.)   (A/micron)   (A/micron)   (A/micron)
 --------------  -----------  -----------  -----------  -----------  -----------
 S                0.0000E+00   4.4156E-17  -1.6037E-06  -6.6517E-13  -1.6037E-06
 G                0.0000E+00  -2.4314E-15   0.0000E+00   0.0000E+00   0.0000E+00
 D                1.4255E+01  -2.6130E-16   3.8369E-06  -5.6093E-11   3.8368E-06
 B                0.0000E+00  -6.1791E-18  -6.2304E-17  -2.2331E-06  -2.2331E-06
 
 Absolute convergence criterion met for Poisson
 Absolute convergence criterion met for continuity
 Total cpu time for bias point =    0.00 minutes
 Total cpu time =    0.06 minutes
  
  Continuation method: 
 Slope:-2.277E+01      Device Resistance:-1.650E+05
   V:   13.9612     I: 5.618E-06
   R:-5.346E+05    Va: 1.096E+01
 Lte: 6.550E-03    dV:-2.939E-01    dI: 1.781E-06


 Solution for Bias:

   V(S)               =  0.0000000E+00     V(G)               =  0.0000000E+00
   V(D)               =  1.0957800E+01     V(B)               =  0.0000000E+00


 norm   iter    v-error     n-error     p-error     iiter
  XR      1    5.5648E-04  1.3349E-01  1.3517E-01     0
  XR      2    9.9645E-05  1.9099E-03  5.8775E-03     0
  XR      3*   5.2484E-07  6.5726E-06  3.6492E-05     0
  XR      4*   3.6884E-09  4.2476E-08  2.0645E-07     0

   Electrode       Voltage       Flux      I(Electron)    I(Hole)     I(Total)  
      Name         (Volts)    (Coul/mic.)   (A/micron)   (A/micron)   (A/micron)
 --------------  -----------  -----------  -----------  -----------  -----------
 S                0.0000E+00   4.4159E-17  -2.5355E-06  -1.4870E-12  -2.5355E-06
 G                0.0000E+00  -2.3811E-15   0.0000E+00   0.0000E+00   0.0000E+00
 D                1.3968E+01  -2.5513E-16   5.6301E-06  -7.3322E-11   5.6300E-06
 B                0.0000E+00  -8.5970E-18  -7.1298E-17  -3.0945E-06  -3.0945E-06
 
 Absolute convergence criterion met for Poisson
 Absolute convergence criterion met for continuity
 Total cpu time for bias point =    0.00 minutes
 Total cpu time =    0.06 minutes
  
  Continuation method: 
 Slope:-1.639E+01      Device Resistance:-1.540E+05
   V:   13.3437     I: 9.680E-06
   R:-5.346E+05    Va: 8.169E+00
 Lte: 2.497E-02    dV:-6.239E-01    dI: 4.050E-06


 Solution for Bias:

   V(S)               =  0.0000000E+00     V(G)               =  0.0000000E+00
   V(D)               =  8.1685537E+00     V(B)               =  0.0000000E+00


 norm   iter    v-error     n-error     p-error     iiter
  XR      1    3.6808E-03  2.6827E-01  2.8227E-01     0
  XR      2    1.9382E-04  1.1339E-02  3.2674E-02     0
  XR      3*   2.7371E-06  6.4886E-05  1.8374E-04     0
  XR      4*   9.0766E-08  1.1477E-06  4.4965E-06     0

   Electrode       Voltage       Flux      I(Electron)    I(Hole)     I(Total)  
      Name         (Volts)    (Coul/mic.)   (A/micron)   (A/micron)   (A/micron)
 --------------  -----------  -----------  -----------  -----------  -----------
 S                0.0000E+00   4.4162E-17  -4.9598E-06  -4.5928E-12  -4.9598E-06
 G                0.0000E+00  -2.2786E-15   0.0000E+00   0.0000E+00   0.0000E+00
 D                1.3395E+01  -2.4287E-16   9.7771E-06  -1.0424E-10   9.7770E-06
 B                0.0000E+00  -1.3490E-17  -9.0561E-17  -4.8172E-06  -4.8172E-06
 
 Absolute convergence criterion met for Poisson
 Absolute convergence criterion met for continuity
 Total cpu time for bias point =    0.00 minutes
 Total cpu time =    0.06 minutes
  
  Continuation method: 
 Slope:-1.142E+01      Device Resistance:-1.234E+05
   V:   12.2613     I: 1.897E-05
   R:-5.346E+05    Va: 2.122E+00
 Lte: 3.505E-02    dV:-1.134E+00    dI: 9.189E-06


 Solution for Bias:

   V(S)               =  0.0000000E+00     V(G)               =  0.0000000E+00
   V(D)               =  2.1219524E+00     V(B)               =  0.0000000E+00


 norm   iter    v-error     n-error     p-error     iiter
  XR      1    1.0790E-02  3.8953E-01  7.5258E-01     0
  XR      2    2.7554E-03  2.8740E-02  9.7730E-01     0
  XR      3    4.4046E-05  9.7192E-04  1.3398E-02     0
  XR      4*   4.6884E-09  3.7725E-07  6.8537E-07     0

   Electrode       Voltage       Flux      I(Electron)    I(Hole)     I(Total)  
      Name         (Volts)    (Coul/mic.)   (A/micron)   (A/micron)   (A/micron)
 --------------  -----------  -----------  -----------  -----------  -----------
 S                0.0000E+00   4.4162E-17  -1.1347E-05  -1.7917E-11  -1.1347E-05
 G                0.0000E+00  -2.1007E-15   0.0000E+00   0.0000E+00   0.0000E+00
 D                1.2428E+01  -2.2214E-16   1.9279E-05  -1.5616E-10   1.9279E-05
 B                0.0000E+00  -2.2529E-17  -1.2876E-16  -7.9316E-06  -7.9316E-06
 
 Absolute convergence criterion met for Poisson
 Absolute convergence criterion met for continuity
 Total cpu time for bias point =    0.00 minutes
 Total cpu time =    0.06 minutes
  
  Continuation method: 
 Slope:-7.864E+00      Device Resistance:-8.582E+04
   V:   10.4400     I: 4.245E-05
   R:-5.346E+05    Va:-1.225E+01
 Lte: 4.266E-02    dV:-1.988E+00    dI: 2.317E-05


 Solution for Bias:

   V(S)               =  0.0000000E+00     V(G)               =  0.0000000E+00
   V(D)               = -1.2252055E+01     V(B)               =  0.0000000E+00


 norm   iter    v-error     n-error     p-error     iiter
  XR      1    1.9380E+00  5.3439E-01  4.7605E+01     0
  XR      2    2.2159E+00  1.2429E-01  9.1742E+01     0
  XR      3    1.3706E-03  1.4708E-02  3.4467E+01     0
  XR      4    9.2242E-07  3.4168E-04  1.3420E-02     0
  XR      5*   1.5427E-11  0.0000E+00  2.6747E-06     0

   Electrode       Voltage       Flux      I(Electron)    I(Hole)     I(Total)  
      Name         (Volts)    (Coul/mic.)   (A/micron)   (A/micron)   (A/micron)
 --------------  -----------  -----------  -----------  -----------  -----------
 S                0.0000E+00   4.4148E-17  -2.9944E-05  -9.6920E-11  -2.9944E-05
 G                0.0000E+00  -1.8018E-15   0.0000E+00   0.0000E+00   0.0000E+00
 D                1.0860E+01  -1.8852E-16   4.3232E-05  -2.4885E-10   4.3232E-05
 B                0.0000E+00  -3.8653E-17  -2.0379E-16  -1.3288E-05  -1.3288E-05
 
 Absolute convergence criterion met for Poisson
 Absolute convergence criterion met for continuity
 Total cpu time for bias point =    0.00 minutes
 Total cpu time =    0.06 minutes
  
  Continuation method: 
 Slope:-5.306E+00      Device Resistance:-5.120E+04
   V:    8.2248     I: 9.470E-05
   R:-5.346E+05    Va:-4.240E+01
 Lte: 6.940E-02    dV:-2.635E+00    dI: 5.147E-05


 Solution for Bias:

   V(S)               =  0.0000000E+00     V(G)               =  0.0000000E+00
   V(D)               = -4.2401166E+01     V(B)               =  0.0000000E+00


 norm   iter    v-error     n-error     p-error     iiter
  XR      1    5.1029E+00  1.1310E+00  3.1131E+02     0
  XR      2    3.8135E+00  2.5859E+00  2.1305E+01     0
  XR      3    2.9165E+00  1.3470E+00  2.7094E+00     0
  XR      4    8.3281E-01  8.7933E-01  9.6090E+00     0
  XR      5    8.1362E-01  5.7686E-01  4.7354E-01     0
  XR      6    1.0368E-03  3.1598E-01  5.9629E-02     0
  XR      7*   1.4741E-05  3.5723E-03  1.5814E-03     0
  XR      8*   3.0969E-07  2.9294E-04  1.1580E-04     0
  XR      9*   4.7608E-08  2.2443E-05  8.7524E-06     0

   Electrode       Voltage       Flux      I(Electron)    I(Hole)     I(Total)  
      Name         (Volts)    (Coul/mic.)   (A/micron)   (A/micron)   (A/micron)
 --------------  -----------  -----------  -----------  -----------  -----------
 S                0.0000E+00   4.4103E-17  -7.4795E-05  -1.0218E-09  -7.4796E-05
 G                0.0000E+00  -1.4210E-15   0.0000E+00   0.0000E+00   0.0000E+00
 D                8.9245E+00  -1.4702E-16   9.6008E-05  -4.9619E-10   9.6007E-05
 B                0.0000E+00  -6.3882E-17  -3.2477E-16  -2.1211E-05  -2.1211E-05
 
 Absolute convergence criterion met for Poisson
 Absolute convergence criterion met for continuity
 Total cpu time for bias point =    0.00 minutes
 Total cpu time =    0.06 minutes
  
  Continuation method: 
 Slope:-4.300E+00      Device Resistance:-2.421E+04
   V:    7.7167     I: 1.459E-04
   R:-4.475E+05    Va:-5.757E+01
 Lte: 1.497E-01    dV:-1.208E+00    dI: 4.989E-05


 Solution for Bias:

   V(S)               =  0.0000000E+00     V(G)               =  0.0000000E+00
   V(D)               = -5.7572093E+01     V(B)               =  0.0000000E+00


 norm   iter    v-error     n-error     p-error     iiter
  XR      1    2.8095E+00  1.1512E+00  4.0443E+01     0
  XR      2    4.6128E+00  9.0312E-01  1.4416E+00     0
  XR      3    9.5998E-01  9.3932E-01  4.2528E+00     0
  XR      4    2.0364E-03  2.4973E-01  2.5054E-01     0
  XR      5    1.1887E-04  2.3158E-02  1.3102E-02     0
  XR      6*   3.8046E-06  4.0706E-04  2.4421E-04     0
  XR      7*   2.6662E-10  1.0298E-05  6.2719E-06     0

   Electrode       Voltage       Flux      I(Electron)    I(Hole)     I(Total)  
      Name         (Volts)    (Coul/mic.)   (A/micron)   (A/micron)   (A/micron)
 --------------  -----------  -----------  -----------  -----------  -----------
 S                0.0000E+00   4.4057E-17  -1.1898E-04  -4.7263E-09  -1.1899E-04
 G                0.0000E+00  -1.2505E-15   0.0000E+00   0.0000E+00   0.0000E+00
 D                8.0855E+00  -1.2901E-16   1.4673E-04  -1.1218E-09   1.4673E-04
 B                0.0000E+00  -8.6046E-17  -4.4199E-16  -2.7736E-05  -2.7736E-05
 
 Absolute convergence criterion met for Poisson
 Absolute convergence criterion met for continuity
 Total cpu time for bias point =    0.00 minutes
 Total cpu time =    0.06 minutes
  
  Continuation method: 
 Slope:-5.255E+00      Device Resistance:-1.116E+04
   V:    7.5645     I: 1.934E-04
   R:-2.241E+05    Va:-3.579E+01
 Lte: 1.086E-01    dV:-5.210E-01    dI: 4.669E-05


 Solution for Bias:

   V(S)               =  0.0000000E+00     V(G)               =  0.0000000E+00
   V(D)               = -3.5787455E+01     V(B)               =  0.0000000E+00


 norm   iter    v-error     n-error     p-error     iiter
  XR      1    3.5359E-03  7.6177E-01  2.4417E+00     0
  XR      2    7.5726E-03  4.5877E-01  4.1196E-01     0
  XR      3    1.6168E-04  9.6305E-02  6.6130E-02     0
  XR      4    2.1360E-05  5.1777E-03  2.6437E-03     0
  XR      5*   5.4667E-08  1.1868E-05  2.9595E-06     0

   Electrode       Voltage       Flux      I(Electron)    I(Hole)     I(Total)  
      Name         (Volts)    (Coul/mic.)   (A/micron)   (A/micron)   (A/micron)
 --------------  -----------  -----------  -----------  -----------  -----------
 S                0.0000E+00   4.4013E-17  -1.6029E-04  -1.1855E-08  -1.6030E-04
 G                0.0000E+00  -1.1577E-15   0.0000E+00   0.0000E+00   0.0000E+00
 D                7.6498E+00  -1.1965E-16   1.9379E-04  -2.0207E-09   1.9379E-04
 B                0.0000E+00  -1.0678E-16  -5.5338E-16  -3.3491E-05  -3.3491E-05
 
 Absolute convergence criterion met for Poisson
 Absolute convergence criterion met for continuity
 Total cpu time for bias point =    0.00 minutes
 Total cpu time =    0.07 minutes
  
  Continuation method: 
 Slope:-5.127E+00      Device Resistance:-8.019E+03
   V:    7.2646     I: 2.418E-04
   R:-1.611E+05    Va:-3.169E+01
 Lte: 8.458E-02    dV:-3.852E-01    dI: 4.804E-05


 Solution for Bias:

   V(S)               =  0.0000000E+00     V(G)               =  0.0000000E+00
   V(D)               = -3.1685701E+01     V(B)               =  0.0000000E+00


 norm   iter    v-error     n-error     p-error     iiter
  XR      1    1.9177E-03  7.2055E-01  1.2516E+00     0
  XR      2    7.5272E-03  4.2324E-01  3.5134E-01     0
  XR      3    7.9065E-05  8.9277E-02  5.2496E-02     0
  XR      4*   1.4109E-05  4.2642E-03  2.0467E-03     0
  XR      5*   1.0683E-06  3.5241E-04  1.4443E-04     0
  XR      6*   6.1597E-08  2.5918E-05  9.1274E-06     0

   Electrode       Voltage       Flux      I(Electron)    I(Hole)     I(Total)  
      Name         (Volts)    (Coul/mic.)   (A/micron)   (A/micron)   (A/micron)
 --------------  -----------  -----------  -----------  -----------  -----------
 S                0.0000E+00   4.3967E-17  -2.0266E-04  -2.3616E-08  -2.0268E-04
 G                0.0000E+00  -1.0840E-15   0.0000E+00   0.0000E+00   0.0000E+00
 D                7.3046E+00  -1.1222E-16   2.4208E-04  -3.4374E-09   2.4208E-04
 B                0.0000E+00  -1.2931E-16  -6.6767E-16  -3.9392E-05  -3.9392E-05
 
 Absolute convergence criterion met for Poisson
 Absolute convergence criterion met for continuity
 Total cpu time for bias point =    0.00 minutes
 Total cpu time =    0.07 minutes
  
  Continuation method: 
 Slope:-4.933E+00      Device Resistance:-6.346E+03
   V:    6.8164     I: 3.190E-04
   R:-1.275E+05    Va:-3.384E+01
 Lte: 4.961E-02    dV:-4.882E-01    dI: 7.693E-05


 Solution for Bias:

   V(S)               =  0.0000000E+00     V(G)               =  0.0000000E+00
   V(D)               = -3.3842265E+01     V(B)               =  0.0000000E+00


 norm   iter    v-error     n-error     p-error     iiter
  XR      1    1.2319E+00  8.8713E-01  4.1201E+00     0
  XR      2    1.5203E-02  8.2688E-01  6.2944E-01     0
  XR      3    3.4131E-04  2.1621E-01  6.5785E-01     0
  XR      4    6.0105E-05  1.4852E-02  6.9057E-03     0
  XR      5*   4.6531E-07  1.1232E-04  4.8103E-05     0
  XR      6*   4.6186E-09  1.6008E-06  9.0857E-07     0

   Electrode       Voltage       Flux      I(Electron)    I(Hole)     I(Total)  
      Name         (Volts)    (Coul/mic.)   (A/micron)   (A/micron)   (A/micron)
 --------------  -----------  -----------  -----------  -----------  -----------
 S                0.0000E+00   4.3894E-17  -2.7040E-04  -5.3466E-08  -2.7046E-04
 G                0.0000E+00  -9.9471E-16   0.0000E+00   0.0000E+00   0.0000E+00
 D                6.8745E+00  -1.0295E-16   3.1947E-04  -6.4118E-09   3.1946E-04
 B                0.0000E+00  -1.6900E-16  -8.4519E-16  -4.9007E-05  -4.9007E-05
 
 Absolute convergence criterion met for Poisson
 Absolute convergence criterion met for continuity
 Total cpu time for bias point =    0.00 minutes
 Total cpu time =    0.07 minutes
  
  Continuation method: 
 Slope:-4.534E+00      Device Resistance:-4.963E+03
   V:    6.3724     I: 4.206E-04
   R:-9.969E+04    Va:-3.556E+01
 Lte: 5.396E-02    dV:-5.021E-01    dI: 1.012E-04


 Solution for Bias:

   V(S)               =  0.0000000E+00     V(G)               =  0.0000000E+00
   V(D)               = -3.5560844E+01     V(B)               =  0.0000000E+00


 norm   iter    v-error     n-error     p-error     iiter
  XR      1    1.9921E+00  9.4303E-01  4.8063E+00     0
  XR      2    2.9526E+00  8.2501E-01  1.3879E+00     0
  XR      3    1.5777E-01  2.9788E-01  3.8119E+00     0
  XR      4    4.9877E-05  4.8076E-02  2.4051E-02     0
  XR      5*   2.8145E-06  6.3564E-04  2.9332E-04     0
  XR      6*   4.4752E-08  2.2622E-05  7.6531E-06     0

   Electrode       Voltage       Flux      I(Electron)    I(Hole)     I(Total)  
      Name         (Volts)    (Coul/mic.)   (A/micron)   (A/micron)   (A/micron)
 --------------  -----------  -----------  -----------  -----------  -----------
 S                0.0000E+00   4.3796E-17  -3.6009E-04  -1.1509E-07  -3.6021E-04
 G                0.0000E+00  -9.1082E-16   0.0000E+00   0.0000E+00   0.0000E+00
 D                6.4942E+00  -9.4734E-17   4.2185E-04  -9.8237E-09   4.2184E-04
 B                0.0000E+00  -2.2602E-16  -1.0499E-15  -6.1636E-05  -6.1636E-05
 
 Absolute convergence criterion met for Poisson
 Absolute convergence criterion met for continuity
 Total cpu time for bias point =    0.00 minutes
 Total cpu time =    0.07 minutes
  
  Continuation method: 
 Slope:-7.507E+00      Device Resistance:-2.142E+03
   V:    6.1083     I: 6.020E-04
   R:-4.303E+04    Va:-1.980E+01
 Lte: 4.566E-02    dV:-3.860E-01    dI: 1.801E-04


 Solution for Bias:

   V(S)               =  0.0000000E+00     V(G)               =  0.0000000E+00
   V(D)               = -1.9797259E+01     V(B)               =  0.0000000E+00


 norm   iter    v-error     n-error     p-error     iiter
  XR      1    1.4150E-02  2.6526E+00  6.6447E+00     0
  XR      2    1.4962E+00  6.5042E-01  5.4934E-01     0
  XR      3    4.9598E-04  2.2974E-01  6.3225E-01     0
  XR      4    4.3696E-05  1.2881E-02  6.6703E-03     0
  XR      5*   1.4164E-07  3.5180E-05  2.1574E-05     0

   Electrode       Voltage       Flux      I(Electron)    I(Hole)     I(Total)  
      Name         (Volts)    (Coul/mic.)   (A/micron)   (A/micron)   (A/micron)
 --------------  -----------  -----------  -----------  -----------  -----------
 S                0.0000E+00   4.3624E-17  -5.1755E-04  -2.9285E-07  -5.1785E-04
 G                0.0000E+00  -8.2335E-16   0.0000E+00   0.0000E+00   0.0000E+00
 D                6.1160E+00  -8.6501E-17   6.0220E-04  -3.0946E-08   6.0217E-04
 B                0.0000E+00  -3.3161E-16  -1.3105E-15  -8.4327E-05  -8.4327E-05
 
 Absolute convergence criterion met for Poisson
 Absolute convergence criterion met for continuity
 Total cpu time for bias point =    0.00 minutes
 Total cpu time =    0.07 minutes
  
  Continuation method: 
 Slope:-5.036E+00      Device Resistance:-2.112E+03
   V:    5.5786     I: 8.566E-04
   R:-4.242E+04    Va:-3.076E+01
 Lte: 1.137E-01    dV:-5.374E-01    dI: 2.545E-04


 Solution for Bias:

   V(S)               =  0.0000000E+00     V(G)               =  0.0000000E+00
   V(D)               = -3.0760839E+01     V(B)               =  0.0000000E+00


 norm   iter    v-error     n-error     p-error     iiter
  XR      1    9.6028E+00  2.2150E+00  5.6794E+00     0
  XR      2    3.2940E+01  5.1895E+00  1.3458E+01     0
  XR      3    4.2153E+01  3.8554E+00  1.7005E+01     0
  XR      4    1.3394E+01  4.8465E+00  1.6183E+01     0
  XR      5    9.1458E+00  1.1479E+00  7.5792E+01     0
  XR      6    1.9669E+00  4.1515E+00  1.1515E+00     0

  *****         Convergence problem         *****
  *****    Repeat with smaller bias-step    *****


 Total cpu time for bias point =    0.00 minutes
 Total cpu time =    0.07 minutes
  
  Continuation method: 
 Slope:-5.036E+00      Device Resistance:-2.112E+03
   V:    5.9369     I: 6.870E-04
   R:-4.242E+04    Va:-2.321E+01
 Lte: 0.000E+00    dV:-1.791E-01    dI: 8.482E-05


 Solution for Bias:

   V(S)               =  0.0000000E+00     V(G)               =  0.0000000E+00
   V(D)               = -2.3206143E+01     V(B)               =  0.0000000E+00


 norm   iter    v-error     n-error     p-error     iiter
  XR      1    2.3711E-03  6.6439E-01  6.0990E-01     0
  XR      2    5.5819E-03  2.4171E-01  2.6079E-01     0
  XR      3    1.5275E-04  9.9712E-02  4.7277E-02     0
  XR      4*   8.8216E-07  4.7775E-04  2.7564E-04     0
  XR      5*   1.6381E-08  1.4773E-05  6.8705E-06     0

   Electrode       Voltage       Flux      I(Electron)    I(Hole)     I(Total)  
      Name         (Volts)    (Coul/mic.)   (A/micron)   (A/micron)   (A/micron)
 --------------  -----------  -----------  -----------  -----------  -----------
 S                0.0000E+00   4.3542E-17  -5.9163E-04  -4.1081E-07  -5.9204E-04
 G                0.0000E+00  -7.9147E-16   0.0000E+00   0.0000E+00   0.0000E+00
 D                5.9568E+00  -8.3017E-17   6.8751E-04  -4.5952E-08   6.8746E-04
 B                0.0000E+00  -3.8045E-16  -1.3964E-15  -9.5421E-05  -9.5421E-05
 
 Absolute convergence criterion met for Poisson
 Absolute convergence criterion met for continuity
 Total cpu time for bias point =    0.00 minutes
 Total cpu time =    0.07 minutes
  
  Continuation method: 
 Slope:-5.365E+00      Device Resistance:-1.664E+03
   V:    5.7755     I: 7.964E-04
   R:-3.342E+04    Va:-2.084E+01
 Lte: 1.934E-02    dV:-1.813E-01    dI: 1.089E-04


 Solution for Bias:

   V(S)               =  0.0000000E+00     V(G)               =  0.0000000E+00
   V(D)               = -2.0840750E+01     V(B)               =  0.0000000E+00


 norm   iter    v-error     n-error     p-error     iiter
  XR      1    1.8564E-03  3.5398E-01  5.5445E-01     0
  XR      2    9.3606E-04  7.5161E-02  1.8993E-01     0
  XR      3    5.2059E-06  4.7482E-03  4.1729E-03     0
  XR      4*   5.9960E-09  7.1596E-06  4.2284E-06     0

   Electrode       Voltage       Flux      I(Electron)    I(Hole)     I(Total)  
      Name         (Volts)    (Coul/mic.)   (A/micron)   (A/micron)   (A/micron)
 --------------  -----------  -----------  -----------  -----------  -----------
 S                0.0000E+00   4.3438E-17  -6.8636E-04  -5.9540E-07  -6.8696E-04
 G                0.0000E+00  -7.5876E-16   0.0000E+00   0.0000E+00   0.0000E+00
 D                5.7917E+00  -7.9385E-17   7.9695E-04  -6.2628E-08   7.9689E-04
 B                0.0000E+00  -4.4019E-16  -1.4823E-15  -1.0993E-04  -1.0993E-04
 
 Absolute convergence criterion met for Poisson
 Absolute convergence criterion met for continuity
 Total cpu time for bias point =    0.00 minutes
 Total cpu time =    0.07 minutes
  
  Continuation method: 
 Slope:-5.399E+00      Device Resistance:-1.389E+03
   V:    5.5948     I: 9.387E-04
   R:-2.789E+04    Va:-2.059E+01
 Lte: 2.398E-02    dV:-1.969E-01    dI: 1.418E-04


 Solution for Bias:

   V(S)               =  0.0000000E+00     V(G)               =  0.0000000E+00
   V(D)               = -2.0585280E+01     V(B)               =  0.0000000E+00


 norm   iter    v-error     n-error     p-error     iiter
  XR      1    1.0974E-03  4.3495E-01  7.9839E-01     0
  XR      2    1.1107E-03  1.2971E-01  4.4183E-01     0
  XR      3    4.2743E-05  1.3318E-02  2.6638E-02     0
  XR      4*   2.9621E-07  4.0746E-04  3.3350E-04     0
  XR      5*   8.4068E-09  1.1499E-05  8.5260E-06     0

   Electrode       Voltage       Flux      I(Electron)    I(Hole)     I(Total)  
      Name         (Volts)    (Coul/mic.)   (A/micron)   (A/micron)   (A/micron)
 --------------  -----------  -----------  -----------  -----------  -----------
 S                0.0000E+00   4.3302E-17  -8.0900E-04  -8.9235E-07  -8.0989E-04
 G                0.0000E+00  -7.2258E-16   0.0000E+00   0.0000E+00   0.0000E+00
 D                5.6074E+00  -7.5312E-17   9.3919E-04  -8.1367E-08   9.3911E-04
 B                0.0000E+00  -5.1284E-16  -1.5654E-15  -1.2922E-04  -1.2922E-04
 
 Absolute convergence criterion met for Poisson
 Absolute convergence criterion met for continuity
 Total cpu time for bias point =    0.00 minutes
 Total cpu time =    0.07 minutes
  
  Continuation method: 
 Slope:-5.035E+00      Device Resistance:-1.227E+03
   V:    5.5327     I: 1.000E-03
   R:-2.464E+04    Va:-1.910E+01
 Lte: 2.106E-02    dV:-7.468E-02    dI: 6.089E-05
          46  Points             1  Failed            1  Cut.


 Solution for Bias:

   V(S)               =  0.0000000E+00     V(G)               =  0.0000000E+00
   V(D)               = -1.9102336E+01     V(B)               =  0.0000000E+00


 norm   iter    v-error     n-error     p-error     iiter
  XR      1    1.2620E-04  1.0847E-01  3.7536E-01     0
  XR      2    9.4993E-05  1.0670E-02  5.2036E-02     0
  XR      3*   2.8294E-07  2.3614E-04  2.8870E-04     0
  XR      4*   9.9179E-10  1.9236E-06  3.8668E-06     0

   Electrode       Voltage       Flux      I(Electron)    I(Hole)     I(Total)  
      Name         (Volts)    (Coul/mic.)   (A/micron)   (A/micron)   (A/micron)
 --------------  -----------  -----------  -----------  -----------  -----------
 S                0.0000E+00   4.3244E-17  -8.6136E-04  -1.0399E-06  -8.6240E-04
 G                0.0000E+00  -7.0810E-16   0.0000E+00   0.0000E+00   0.0000E+00
 D                5.5340E+00  -7.3685E-17   1.0001E-03  -8.8871E-08   1.0000E-03
 B                0.0000E+00  -5.4223E-16  -1.5936E-15  -1.3765E-04  -1.3765E-04
 
 Absolute convergence criterion met for Poisson
 Absolute convergence criterion met for continuity
 Total cpu time for bias point =    0.00 minutes
 Total cpu time =    0.08 minutes

 
 V(S)                 =  0.00000000E+00 Volts
 V(G)                 =  0.00000000E+00 Volts
 V(D)                 =  5.53396907E+00 Volts
 V(B)                 =  0.00000000E+00 Volts

   Electrode       Electron   Peak Field   X Location   Y Location 
      Name        Ionization    (V/cm)      (microns)    (microns) 
 --------------  -----------  -----------  -----------  -----------
 S                0.2595       4.9595E+05    1.983       0.2419    
 D                0.2835       4.2481E+05    1.938       4.0734E-02
 B                0.2835       4.2481E+05    1.938       4.0734E-02

   Electrode         Hole     Peak Field   X Location   Y Location 
      Name        Ionization    (V/cm)      (microns)    (microns) 
 --------------  -----------  -----------  -----------  -----------
 S                0.1264       4.9595E+05    1.983       0.2419    
 D                0.1264       4.9595E+05    1.983       0.2419    
 B                0.1126       4.4972E+05    1.975       0.1715    

 X.MIN = -1.000E-06 microns, X.MAX =  3.000E+00 microns
 Y.MIN = -1.000E-06 microns, Y.MAX =  3.040E+00 microns



 Solution for Bias:

   V(S)               =  0.0000000E+00     V(G)               =  0.0000000E+00
   V(D)               =  5.5339691E+00     V(B)               =  0.0000000E+00


 Previous solution used as initial guess

 norm   iter    v-error     n-error     p-error     iiter
  XR      1    0.0000E+00  0.0000E+00  0.0000E+00     0

   Electrode       Voltage       Flux      I(Electron)    I(Hole)     I(Total)  
      Name         (Volts)    (Coul/mic.)   (A/micron)   (A/micron)   (A/micron)
 --------------  -----------  -----------  -----------  -----------  -----------
 S                0.0000E+00   4.3244E-17  -8.6136E-04  -1.0399E-06  -8.6240E-04
 G                0.0000E+00  -7.0810E-16   0.0000E+00   0.0000E+00   0.0000E+00
 D                5.5340E+00  -7.3685E-17   1.0001E-03  -8.8871E-08   1.0000E-03
 B                0.0000E+00  -5.4223E-16  -1.5936E-15  -1.3765E-04  -1.3765E-04
 
 Absolute convergence criterion met for Poisson
 Absolute convergence criterion met for continuity
 Total cpu time for bias point =    0.00 minutes
 Total cpu time =    0.08 minutes

 Solution written to iv


 *** END MEDICI ***


 TOTAL CPU TIME =    0.08 minutes
