1


        ****************************************************************
        ***                       MEDICI (TM)                        ***
        ***                   Version D-2010.03-0                    ***
        ***                   System K (PC: Linux)                   ***
        ***                 Copyright (C) 1991-2010                  ***
        ***                      Synopsys, Inc.                      ***
        ***                                                          ***
        ***   This software and the associated documentation are     ***
        ***   confidential and proprietary to Synopsys, Inc.  Your   ***
        ***   use or disclosure of this software is subject to the   ***
        ***   terms and conditions of a written license agreement    ***
        ***   between you, or your company, and Synopsys, Inc.       ***
        ***                                                          ***
        ***         MEDICI is a trademark of Synopsys, Inc.          ***
        ****************************************************************

                              23-Nov-2020 00:04:16


     Statements input from file output



   1... mesh in.f=grid.mesh

   2... model conmob fldmob srh impact.i
   3... symb newton carr=2
   4... method autonr stack=20 itlimit=10

   5... contact name=G n.poly

   6... solve
   7... solve elec=S V(S)=0
   8... solve elec=G V(G)=1
   9... solve elec=B V(B)=0

  10... solve elec=D V(D) vstep=0.1 nstep=60

  11... solve out.f=iv


 **************************** Program Configuration ****************************
 *                                                                             *
 * Programmable Device AAM  :       available for use                          *
 * Circuit Analysis AAM     :       available for use                          *
 * Lattice Temperature AAM  :       available for use                          *
 * Heterojunction Device AAM:       available for use                          *
 * Trapped Charge AAM       :       available for use                          *
 * Anisotropic Material AAM :       available for use                          *
 * Optical Device AAM       :       available for use                          *
 *                                                                             *
 * Maximum Nodes Available  :   20000                                          *
 * Configuration Parameter  :   20000                                          *
 *                                                                             *
 * Approximate Number of Nodes Available for:                                  *
 *   2-carrier solutions    :   20000                                          *
 *   2-carrier + lat. temp. :   11454                                          *
 *                                                                             *
 *******************************************************************************

 Grid read from grid.mesh
 Date code = 23-Nov-2020 00:04:03

 Mesh statistics (rectangular) :
     Total grid points =   907
     Total number of triangles =  1702
     Obtuse triangles in semiconductors =    20  ( 1.2%)
     Obtuse triangles in insul. & cond. =    18  ( 1.1%)

    Region     Material      X-min        X-max        Y-min        Y-max
     Name        Type      (microns)    (microns)    (microns)    (microns)
 ------------  --------    ---------    ---------    ---------    ---------
 psub          Silicon        0.0000       3.0000       0.0400       3.0400
 sio           Oxide          0.8750       2.1250       0.0000       0.0400
 S             Electrod       0.0000       0.8750       0.0000       0.0400
 D             Electrod       2.1250       3.0000       0.0000       0.0400

  Electrode     Number       X-min        X-max        Y-min        Y-max
     Name      of Nodes    (microns)    (microns)    (microns)    (microns)
 ------------  --------    ---------    ---------    ---------    ---------
 S                47          0.0000       0.8750       0.0000       0.0400
 G                 9          1.0000       2.0000       0.0000       0.0000
 D                47          2.1250       3.0000       0.0000       0.0400
 B                25          0.0000       3.0000       3.0400       3.0400


 Solution for Bias:

   V(S)               =  0.0000000E+00     V(G)               =  0.0000000E+00
   V(D)               =  0.0000000E+00     V(B)               =  0.0000000E+00


 Initial solution

 norm   iter    v-error     n-error     p-error     iiter
  XR      1    1.3908E+01  7.0605E+00  1.3908E+01     0
  XR      2    1.2982E+01  1.1370E+00  1.7436E+01     0
  XR      3    8.7830E+00  1.6389E+00  1.4767E+02     0
  XR      4    1.6503E+00  3.2956E+00  1.6743E+02     0
  XR      5    2.7633E-02  3.0929E-01  7.1558E+01     0
  XR      6    0.0000E+00  1.1113E-02  9.6877E-01     0
  XR      7    0.0000E+00  6.0670E-06  2.3493E-03     0
  XR      8*   0.0000E+00  0.0000E+00  0.0000E+00     0

   Electrode       Voltage       Flux      I(Electron)    I(Hole)     I(Total)  
      Name         (Volts)    (Coul/mic.)   (A/micron)   (A/micron)   (A/micron)
 --------------  -----------  -----------  -----------  -----------  -----------
 S                0.0000E+00   4.4093E-17   4.4292E-26   4.8947E-31   4.4292E-26
 G                0.0000E+00   3.6699E-16   0.0000E+00   0.0000E+00   0.0000E+00
 D                0.0000E+00   4.4093E-17   4.6911E-26   4.8946E-31   4.6912E-26
 B                0.0000E+00  -2.1178E-31  -3.4517E-30  -9.1193E-26  -9.1196E-26
 
 Absolute convergence criterion met for Poisson
 Absolute convergence criterion met for continuity
 Total cpu time for bias point =    0.00 minutes
 Total cpu time =    0.02 minutes


 Solution for Bias:

   V(S)               =  0.0000000E+00     V(G)               =  0.0000000E+00
   V(D)               =  0.0000000E+00     V(B)               =  0.0000000E+00


 Previous solution used as initial guess

 norm   iter    v-error     n-error     p-error     iiter
  XR      1    0.0000E+00  0.0000E+00  0.0000E+00     0

   Electrode       Voltage       Flux      I(Electron)    I(Hole)     I(Total)  
      Name         (Volts)    (Coul/mic.)   (A/micron)   (A/micron)   (A/micron)
 --------------  -----------  -----------  -----------  -----------  -----------
 S                0.0000E+00   4.4093E-17   1.4730E-30  -2.5489E-35   1.4730E-30
 G                0.0000E+00   3.6699E-16   0.0000E+00   0.0000E+00   0.0000E+00
 D                0.0000E+00   4.4093E-17  -2.5010E-30  -4.8175E-35  -2.5010E-30
 B                0.0000E+00  -1.9259E-31  -8.1262E-34  -1.2670E-31  -1.2751E-31
 
 Absolute convergence criterion met for Poisson
 Absolute convergence criterion met for continuity
 Total cpu time for bias point =    0.00 minutes
 Total cpu time =    0.02 minutes


 Solution for Bias:

   V(S)               =  0.0000000E+00     V(G)               =  1.0000000E+00
   V(D)               =  0.0000000E+00     V(B)               =  0.0000000E+00


 Previous solution used as initial guess

 norm   iter    v-error     n-error     p-error     iiter
  XR      1    2.1749E+01  1.9761E+01  1.8771E+01     0
  XR      2    4.5545E+00  3.5233E+04  7.1740E+00     0
  XR      3    4.9747E+00  3.1010E+02  1.5534E+00     0
  XR      4    7.0600E+00  3.5883E+02  1.4818E+01     0
  XR      5    2.0799E+00  1.6396E+02  1.0167E+00     0
  XR      6    0.0000E+00  2.7074E-01  6.4862E+00     0
  XR      7    0.0000E+00  1.1500E-02  3.8310E-02     0
  XR      8*   0.0000E+00  1.8163E-05  2.7069E-05     0
  XR      9    0.0000E+00  0.0000E+00  0.0000E+00     0

   Electrode       Voltage       Flux      I(Electron)    I(Hole)     I(Total)  
      Name         (Volts)    (Coul/mic.)   (A/micron)   (A/micron)   (A/micron)
 --------------  -----------  -----------  -----------  -----------  -----------
 S                0.0000E+00   6.5266E-17   3.1485E-21  -5.9793E-33   3.1485E-21
 G                1.0000E+00   1.1015E-15   0.0000E+00   0.0000E+00   0.0000E+00
 D                0.0000E+00   6.5266E-17  -3.1485E-21  -5.9774E-33  -3.1485E-21
 B                0.0000E+00  -1.6620E-31  -6.7556E-32  -3.5012E-29  -3.5079E-29
 
 Absolute convergence criterion met for Poisson
 Absolute convergence criterion met for continuity
 Total cpu time for bias point =    0.00 minutes
 Total cpu time =    0.03 minutes


 Solution for Bias:

   V(S)               =  0.0000000E+00     V(G)               =  1.0000000E+00
   V(D)               =  0.0000000E+00     V(B)               =  0.0000000E+00


 Previous solution used as initial guess

 norm   iter    v-error     n-error     p-error     iiter
  XR      1    0.0000E+00  0.0000E+00  0.0000E+00     0

   Electrode       Voltage       Flux      I(Electron)    I(Hole)     I(Total)  
      Name         (Volts)    (Coul/mic.)   (A/micron)   (A/micron)   (A/micron)
 --------------  -----------  -----------  -----------  -----------  -----------
 S                0.0000E+00   6.5266E-17  -6.9663E-28   1.2698E-37  -6.9663E-28
 G                1.0000E+00   1.1015E-15   0.0000E+00   0.0000E+00   0.0000E+00
 D                0.0000E+00   6.5266E-17   6.9633E-28   3.6455E-38   6.9633E-28
 B                0.0000E+00  -1.9019E-31   2.5314E-33  -1.2794E-31  -1.2541E-31
 
 Absolute convergence criterion met for Poisson
 Absolute convergence criterion met for continuity
 Total cpu time for bias point =    0.00 minutes
 Total cpu time =    0.03 minutes


 Solution for Bias:

   V(S)               =  0.0000000E+00     V(G)               =  1.0000000E+00
   V(D)               =  0.0000000E+00     V(B)               =  0.0000000E+00


 Previous solution used as initial guess

 norm   iter    v-error     n-error     p-error     iiter
  XR      1    0.0000E+00  0.0000E+00  0.0000E+00     0

   Electrode       Voltage       Flux      I(Electron)    I(Hole)     I(Total)  
      Name         (Volts)    (Coul/mic.)   (A/micron)   (A/micron)   (A/micron)
 --------------  -----------  -----------  -----------  -----------  -----------
 S                0.0000E+00   6.5266E-17  -3.5731E-27   4.9428E-38  -3.5731E-27
 G                1.0000E+00   1.1015E-15   0.0000E+00   0.0000E+00   0.0000E+00
 D                0.0000E+00   6.5266E-17   3.5738E-27   1.0003E-37   3.5738E-27
 B                0.0000E+00  -1.8539E-31  -1.1276E-33   5.2817E-33   4.1541E-33
 
 Absolute convergence criterion met for Poisson
 Absolute convergence criterion met for continuity
 Total cpu time for bias point =    0.00 minutes
 Total cpu time =    0.03 minutes


 Solution for Bias:

   V(S)               =  0.0000000E+00     V(G)               =  1.0000000E+00
   V(D)               =  1.0000000E-01     V(B)               =  0.0000000E+00


 Previous solution used as initial guess

 norm   iter    v-error     n-error     p-error     iiter
  XR      1    3.6140E+00  1.5677E+00  2.7444E+00     0
  XR      2    0.0000E+00  1.4512E+01  1.5545E+00     0
  XR      3    0.0000E+00  7.6552E-02  1.8195E-01     0
  XR      4*   0.0000E+00  4.8712E-04  7.2010E-04     0
  XR      5*   0.0000E+00  3.6824E-06  6.8734E-06     0
  XR      6    0.0000E+00  0.0000E+00  0.0000E+00     0

   Electrode       Voltage       Flux      I(Electron)    I(Hole)     I(Total)  
      Name         (Volts)    (Coul/mic.)   (A/micron)   (A/micron)   (A/micron)
 --------------  -----------  -----------  -----------  -----------  -----------
 S                0.0000E+00   6.5264E-17  -2.8958E-06  -2.2413E-29  -2.8958E-06
 G                1.0000E+00   1.0576E-15   0.0000E+00   0.0000E+00   0.0000E+00
 D                1.0000E-01   6.3157E-17   2.8958E-06   4.0815E-22   2.8958E-06
 B                0.0000E+00  -2.8814E-27  -1.3044E-17  -1.0471E-15  -1.0601E-15
 
 Absolute convergence criterion met for Poisson
 Absolute convergence criterion met for continuity
 Total cpu time for bias point =    0.00 minutes
 Total cpu time =    0.03 minutes


 Solution for Bias:

   V(S)               =  0.0000000E+00     V(G)               =  1.0000000E+00
   V(D)               =  2.0000000E-01     V(B)               =  0.0000000E+00


 Projection used to find initial guess

 norm   iter    v-error     n-error     p-error     iiter
  XR      1    0.0000E+00  1.6395E-01  1.7570E-01     0
  XR      2    0.0000E+00  1.5436E-02  1.6164E-02     0
  XR      3*   0.0000E+00  1.4370E-05  1.4085E-05     0
  XR      4*   0.0000E+00  7.7481E-10  0.0000E+00     0

   Electrode       Voltage       Flux      I(Electron)    I(Hole)     I(Total)  
      Name         (Volts)    (Coul/mic.)   (A/micron)   (A/micron)   (A/micron)
 --------------  -----------  -----------  -----------  -----------  -----------
 S                0.0000E+00   6.5263E-17  -4.8323E-06  -3.6634E-29  -4.8323E-06
 G                1.0000E+00   1.0189E-15   0.0000E+00   0.0000E+00   0.0000E+00
 D                2.0000E-01   6.1046E-17   4.8323E-06   4.1669E-22   4.8323E-06
 B                0.0000E+00  -4.3172E-27  -1.3734E-17  -1.5712E-15  -1.5849E-15
 
 Absolute convergence criterion met for Poisson
 Absolute convergence criterion met for continuity
 Total cpu time for bias point =    0.00 minutes
 Total cpu time =    0.03 minutes


 Solution for Bias:

   V(S)               =  0.0000000E+00     V(G)               =  1.0000000E+00
   V(D)               =  3.0000000E-01     V(B)               =  0.0000000E+00


 Projection used to find initial guess

 norm   iter    v-error     n-error     p-error     iiter
  XR      1    0.0000E+00  6.3232E-01  1.9053E-01     0
  XR      2    0.0000E+00  4.5271E-02  1.9553E-02     0
  XR      3*   0.0000E+00  4.5310E-06  2.4519E-06     0

   Electrode       Voltage       Flux      I(Electron)    I(Hole)     I(Total)  
      Name         (Volts)    (Coul/mic.)   (A/micron)   (A/micron)   (A/micron)
 --------------  -----------  -----------  -----------  -----------  -----------
 S                0.0000E+00   6.5262E-17  -6.0019E-06  -4.5068E-29  -6.0019E-06
 G                1.0000E+00   9.8576E-16   0.0000E+00   0.0000E+00   0.0000E+00
 D                3.0000E-01   5.8933E-17   6.0019E-06   4.1688E-22   6.0019E-06
 B                0.0000E+00  -5.3639E-27  -1.4063E-17  -1.9534E-15  -1.9674E-15
 
 Absolute convergence criterion met for Poisson
 Absolute convergence criterion met for continuity
 Total cpu time for bias point =    0.00 minutes
 Total cpu time =    0.03 minutes


 Solution for Bias:

   V(S)               =  0.0000000E+00     V(G)               =  1.0000000E+00
   V(D)               =  4.0000000E-01     V(B)               =  0.0000000E+00


 Projection used to find initial guess

 norm   iter    v-error     n-error     p-error     iiter
  XR      1    0.0000E+00  8.0590E-01  1.5168E-01     0
  XR      2    0.0000E+00  2.5778E-02  1.1661E-02     0
  XR      3*   0.0000E+00  3.3794E-05  3.8927E-06     0
  XR      4*   0.0000E+00  2.5240E-08  0.0000E+00     0

   Electrode       Voltage       Flux      I(Electron)    I(Hole)     I(Total)  
      Name         (Volts)    (Coul/mic.)   (A/micron)   (A/micron)   (A/micron)
 --------------  -----------  -----------  -----------  -----------  -----------
 S                0.0000E+00   6.5262E-17  -6.7238E-06  -5.0239E-29  -6.7238E-06
 G                1.0000E+00   9.5721E-16   0.0000E+00   0.0000E+00   0.0000E+00
 D                4.0000E-01   5.6815E-17   6.7238E-06   4.1537E-22   6.7238E-06
 B                0.0000E+00  -6.2290E-27  -1.4352E-17  -2.2692E-15  -2.2835E-15
 
 Absolute convergence criterion met for Poisson
 Absolute convergence criterion met for continuity
 Total cpu time for bias point =    0.00 minutes
 Total cpu time =    0.03 minutes


 Solution for Bias:

   V(S)               =  0.0000000E+00     V(G)               =  1.0000000E+00
   V(D)               =  5.0000000E-01     V(B)               =  0.0000000E+00


 Projection used to find initial guess

 norm   iter    v-error     n-error     p-error     iiter
  XR      1    0.0000E+00  1.5110E-01  1.3740E-01     0
  XR      2    0.0000E+00  8.9404E-03  8.9677E-03     0
  XR      3*   0.0000E+00  3.0628E-06  1.0202E-06     0

   Electrode       Voltage       Flux      I(Electron)    I(Hole)     I(Total)  
      Name         (Volts)    (Coul/mic.)   (A/micron)   (A/micron)   (A/micron)
 --------------  -----------  -----------  -----------  -----------  -----------
 S                0.0000E+00   6.5261E-17  -7.2413E-06  -5.4760E-29  -7.2413E-06
 G                1.0000E+00   9.3166E-16   0.0000E+00   0.0000E+00   0.0000E+00
 D                5.0000E-01   5.4692E-17   7.2413E-06  -1.3928E-20   7.2413E-06
 B                0.0000E+00  -7.4886E-27  -1.4622E-17  -2.7291E-15  -2.7437E-15
 
 Absolute convergence criterion met for Poisson
 Absolute convergence criterion met for continuity
 Total cpu time for bias point =    0.00 minutes
 Total cpu time =    0.03 minutes


 Solution for Bias:

   V(S)               =  0.0000000E+00     V(G)               =  1.0000000E+00
   V(D)               =  6.0000000E-01     V(B)               =  0.0000000E+00


 Projection used to find initial guess

 norm   iter    v-error     n-error     p-error     iiter
  XR      1    0.0000E+00  2.0409E-01  1.0403E-01     0
  XR      2    0.0000E+00  7.3425E-03  4.9595E-03     0
  XR      3*   0.0000E+00  2.6579E-06  3.0625E-07     0

   Electrode       Voltage       Flux      I(Electron)    I(Hole)     I(Total)  
      Name         (Volts)    (Coul/mic.)   (A/micron)   (A/micron)   (A/micron)
 --------------  -----------  -----------  -----------  -----------  -----------
 S                0.0000E+00   6.5261E-17  -7.6737E-06  -6.7470E-29  -7.6737E-06
 G                1.0000E+00   9.0773E-16   0.0000E+00   0.0000E+00   0.0000E+00
 D                6.0000E-01   5.2565E-17   7.6737E-06  -8.7656E-20   7.6737E-06
 B                0.0000E+00  -9.4762E-27  -1.4881E-17  -3.4549E-15  -3.4698E-15
 
 Absolute convergence criterion met for Poisson
 Absolute convergence criterion met for continuity
 Total cpu time for bias point =    0.00 minutes
 Total cpu time =    0.03 minutes


 Solution for Bias:

   V(S)               =  0.0000000E+00     V(G)               =  1.0000000E+00
   V(D)               =  7.0000000E-01     V(B)               =  0.0000000E+00


 Projection used to find initial guess

 norm   iter    v-error     n-error     p-error     iiter
  XR      1    0.0000E+00  3.0080E-01  8.3935E-02     0
  XR      2    0.0000E+00  7.2106E-03  3.0798E-03     0
  XR      3*   0.0000E+00  4.0072E-06  1.1300E-07     0

   Electrode       Voltage       Flux      I(Electron)    I(Hole)     I(Total)  
      Name         (Volts)    (Coul/mic.)   (A/micron)   (A/micron)   (A/micron)
 --------------  -----------  -----------  -----------  -----------  -----------
 S                0.0000E+00   6.5261E-17  -8.0628E-06  -1.3133E-28  -8.0628E-06
 G                1.0000E+00   8.8465E-16   0.0000E+00   0.0000E+00   0.0000E+00
 D                7.0000E-01   5.0434E-17   8.0628E-06  -3.0265E-19   8.0628E-06
 B                0.0000E+00  -1.1763E-26  -1.5131E-17  -4.2902E-15  -4.3053E-15
 
 Absolute convergence criterion met for Poisson
 Absolute convergence criterion met for continuity
 Total cpu time for bias point =    0.00 minutes
 Total cpu time =    0.03 minutes


 Solution for Bias:

   V(S)               =  0.0000000E+00     V(G)               =  1.0000000E+00
   V(D)               =  8.0000000E-01     V(B)               =  0.0000000E+00


 Projection used to find initial guess

 norm   iter    v-error     n-error     p-error     iiter
  XR      1    0.0000E+00  2.9763E-01  7.9656E-02     0
  XR      2    0.0000E+00  7.3602E-03  2.1077E-03     0
  XR      3*   0.0000E+00  7.6927E-06  6.9171E-07     0

   Electrode       Voltage       Flux      I(Electron)    I(Hole)     I(Total)  
      Name         (Volts)    (Coul/mic.)   (A/micron)   (A/micron)   (A/micron)
 --------------  -----------  -----------  -----------  -----------  -----------
 S                0.0000E+00   6.5261E-17  -8.4127E-06  -4.5710E-28  -8.4127E-06
 G                1.0000E+00   8.6248E-16   0.0000E+00   0.0000E+00   0.0000E+00
 D                8.0000E-01   4.8301E-17   8.4127E-06  -1.0182E-18   8.4127E-06
 B                0.0000E+00  -1.5961E-26  -1.5376E-17  -5.8233E-15  -5.8387E-15
 
 Absolute convergence criterion met for Poisson
 Absolute convergence criterion met for continuity
 Total cpu time for bias point =    0.00 minutes
 Total cpu time =    0.03 minutes


 Solution for Bias:

   V(S)               =  0.0000000E+00     V(G)               =  1.0000000E+00
   V(D)               =  9.0000000E-01     V(B)               =  0.0000000E+00


 Projection used to find initial guess

 norm   iter    v-error     n-error     p-error     iiter
  XR      1    0.0000E+00  1.7211E-01  9.3795E-02     0
  XR      2    0.0000E+00  8.9208E-03  3.2024E-03     0
  XR      3*   0.0000E+00  5.7116E-06  3.5746E-07     0

   Electrode       Voltage       Flux      I(Electron)    I(Hole)     I(Total)  
      Name         (Volts)    (Coul/mic.)   (A/micron)   (A/micron)   (A/micron)
 --------------  -----------  -----------  -----------  -----------  -----------
 S                0.0000E+00   6.5261E-17  -8.7242E-06  -1.8177E-27  -8.7242E-06
 G                1.0000E+00   8.4147E-16   0.0000E+00   0.0000E+00   0.0000E+00
 D                9.0000E-01   4.6165E-17   8.7242E-06  -3.0708E-18   8.7242E-06
 B                0.0000E+00  -2.6060E-26  -1.5616E-17  -9.5118E-15  -9.5274E-15
 
 Absolute convergence criterion met for Poisson
 Absolute convergence criterion met for continuity
 Total cpu time for bias point =    0.00 minutes
 Total cpu time =    0.03 minutes


 Solution for Bias:

   V(S)               =  0.0000000E+00     V(G)               =  1.0000000E+00
   V(D)               =  1.0000000E+00     V(B)               =  0.0000000E+00


 Projection used to find initial guess

 norm   iter    v-error     n-error     p-error     iiter
  XR      1    0.0000E+00  1.5732E-01  1.0110E-01     0
  XR      2    0.0000E+00  3.4256E-03  4.2563E-03     0
  XR      3*   0.0000E+00  2.2267E-07  4.2773E-07     0

   Electrode       Voltage       Flux      I(Electron)    I(Hole)     I(Total)  
      Name         (Volts)    (Coul/mic.)   (A/micron)   (A/micron)   (A/micron)
 --------------  -----------  -----------  -----------  -----------  -----------
 S                0.0000E+00   6.5260E-17  -9.0051E-06  -6.6138E-27  -9.0051E-06
 G                1.0000E+00   8.2154E-16   0.0000E+00   0.0000E+00   0.0000E+00
 D                1.0000E+00   4.4025E-17   9.0051E-06  -8.3957E-18   9.0051E-06
 B                0.0000E+00  -5.0848E-26  -1.5851E-17  -1.8565E-14  -1.8581E-14
 
 Absolute convergence criterion met for Poisson
 Absolute convergence criterion met for continuity
 Total cpu time for bias point =    0.00 minutes
 Total cpu time =    0.03 minutes


 Solution for Bias:

   V(S)               =  0.0000000E+00     V(G)               =  1.0000000E+00
   V(D)               =  1.1000000E+00     V(B)               =  0.0000000E+00


 Projection used to find initial guess

 norm   iter    v-error     n-error     p-error     iiter
  XR      1    0.0000E+00  1.7792E-01  9.4964E-02     0
  XR      2    0.0000E+00  5.5018E-04  4.0199E-03     0
  XR      3*   0.0000E+00  0.0000E+00  1.2960E-07     0

   Electrode       Voltage       Flux      I(Electron)    I(Hole)     I(Total)  
      Name         (Volts)    (Coul/mic.)   (A/micron)   (A/micron)   (A/micron)
 --------------  -----------  -----------  -----------  -----------  -----------
 S                0.0000E+00   6.5260E-17  -9.2666E-06  -2.2586E-26  -9.2666E-06
 G                1.0000E+00   8.0227E-16   0.0000E+00   0.0000E+00   0.0000E+00
 D                1.1000E+00   4.1883E-17   9.2666E-06  -2.3270E-17   9.2666E-06
 B                0.0000E+00  -1.1227E-25  -1.6082E-17  -4.1000E-14  -4.1016E-14
 
 Absolute convergence criterion met for Poisson
 Absolute convergence criterion met for continuity
 Total cpu time for bias point =    0.00 minutes
 Total cpu time =    0.04 minutes


 Solution for Bias:

   V(S)               =  0.0000000E+00     V(G)               =  1.0000000E+00
   V(D)               =  1.2000000E+00     V(B)               =  0.0000000E+00


 Projection used to find initial guess

 norm   iter    v-error     n-error     p-error     iiter
  XR      1    0.0000E+00  8.3420E-02  7.8506E-02     0
  XR      2    0.0000E+00  1.1549E-04  2.7320E-03     0
  XR      3*   0.0000E+00  0.0000E+00  0.0000E+00     0

   Electrode       Voltage       Flux      I(Electron)    I(Hole)     I(Total)  
      Name         (Volts)    (Coul/mic.)   (A/micron)   (A/micron)   (A/micron)
 --------------  -----------  -----------  -----------  -----------  -----------
 S                0.0000E+00   6.5260E-17  -9.5166E-06  -7.9997E-26  -9.5166E-06
 G                1.0000E+00   7.8332E-16   0.0000E+00   0.0000E+00   0.0000E+00
 D                1.2000E+00   3.9741E-17   9.5166E-06  -8.0402E-17   9.5166E-06
 B                0.0000E+00  -2.7877E-25  -1.6310E-17  -1.0181E-13  -1.0183E-13
 
 Absolute convergence criterion met for Poisson
 Absolute convergence criterion met for continuity
 Total cpu time for bias point =    0.00 minutes
 Total cpu time =    0.04 minutes


 Solution for Bias:

   V(S)               =  0.0000000E+00     V(G)               =  1.0000000E+00
   V(D)               =  1.3000000E+00     V(B)               =  0.0000000E+00


 Projection used to find initial guess

 norm   iter    v-error     n-error     p-error     iiter
  XR      1    0.0000E+00  2.7179E-02  6.5317E-02     0
  XR      2    0.0000E+00  6.9236E-05  1.8357E-03     0
  XR      3*   0.0000E+00  0.0000E+00  0.0000E+00     0

   Electrode       Voltage       Flux      I(Electron)    I(Hole)     I(Total)  
      Name         (Volts)    (Coul/mic.)   (A/micron)   (A/micron)   (A/micron)
 --------------  -----------  -----------  -----------  -----------  -----------
 S                0.0000E+00   6.5260E-17  -9.7593E-06  -3.1706E-25  -9.7593E-06
 G                1.0000E+00   7.6452E-16   0.0000E+00   0.0000E+00   0.0000E+00
 D                1.3000E+00   3.7598E-17   9.7593E-06  -3.5307E-16   9.7593E-06
 B                0.0000E+00  -8.0094E-25  -1.6534E-17  -2.9253E-13  -2.9255E-13
 
 Absolute convergence criterion met for Poisson
 Absolute convergence criterion met for continuity
 Total cpu time for bias point =    0.00 minutes
 Total cpu time =    0.04 minutes


 Solution for Bias:

   V(S)               =  0.0000000E+00     V(G)               =  1.0000000E+00
   V(D)               =  1.4000000E+00     V(B)               =  0.0000000E+00


 Projection used to find initial guess

 norm   iter    v-error     n-error     p-error     iiter
  XR      1    0.0000E+00  7.9171E-03  5.6494E-02     0
  XR      2    0.0000E+00  6.5070E-05  1.3299E-03     0
  XR      3*   0.0000E+00  0.0000E+00  0.0000E+00     0

   Electrode       Voltage       Flux      I(Electron)    I(Hole)     I(Total)  
      Name         (Volts)    (Coul/mic.)   (A/micron)   (A/micron)   (A/micron)
 --------------  -----------  -----------  -----------  -----------  -----------
 S                0.0000E+00   6.5260E-17  -9.9973E-06  -1.3434E-24  -9.9973E-06
 G                1.0000E+00   7.4581E-16   0.0000E+00   0.0000E+00   0.0000E+00
 D                1.4000E+00   3.5455E-17   9.9973E-06  -1.5652E-15   9.9973E-06
 B                0.0000E+00  -2.5628E-24  -1.6755E-17  -9.3603E-13  -9.3605E-13
 
 Absolute convergence criterion met for Poisson
 Absolute convergence criterion met for continuity
 Total cpu time for bias point =    0.00 minutes
 Total cpu time =    0.04 minutes


 Solution for Bias:

   V(S)               =  0.0000000E+00     V(G)               =  1.0000000E+00
   V(D)               =  1.5000000E+00     V(B)               =  0.0000000E+00


 Projection used to find initial guess

 norm   iter    v-error     n-error     p-error     iiter
  XR      1    0.0000E+00  5.2959E-03  5.5776E-02     0
  XR      2    0.0000E+00  6.9503E-05  1.0425E-03     0
  XR      3*   0.0000E+00  0.0000E+00  0.0000E+00     0

   Electrode       Voltage       Flux      I(Electron)    I(Hole)     I(Total)  
      Name         (Volts)    (Coul/mic.)   (A/micron)   (A/micron)   (A/micron)
 --------------  -----------  -----------  -----------  -----------  -----------
 S                0.0000E+00   6.5260E-17  -1.0232E-05  -5.4853E-24  -1.0232E-05
 G                1.0000E+00   7.2715E-16   0.0000E+00   0.0000E+00   0.0000E+00
 D                1.5000E+00   3.3312E-17   1.0232E-05  -6.0711E-15   1.0232E-05
 B                0.0000E+00  -8.2540E-24  -1.6974E-17  -3.0147E-12  -3.0147E-12
 
 Absolute convergence criterion met for Poisson
 Absolute convergence criterion met for continuity
 Total cpu time for bias point =    0.00 minutes
 Total cpu time =    0.04 minutes


 Solution for Bias:

   V(S)               =  0.0000000E+00     V(G)               =  1.0000000E+00
   V(D)               =  1.6000000E+00     V(B)               =  0.0000000E+00


 Projection used to find initial guess

 norm   iter    v-error     n-error     p-error     iiter
  XR      1    0.0000E+00  1.0521E-02  6.4015E-02     0
  XR      2    0.0000E+00  7.4254E-05  1.3975E-03     0
  XR      3*   0.0000E+00  0.0000E+00  0.0000E+00     0

   Electrode       Voltage       Flux      I(Electron)    I(Hole)     I(Total)  
      Name         (Volts)    (Coul/mic.)   (A/micron)   (A/micron)   (A/micron)
 --------------  -----------  -----------  -----------  -----------  -----------
 S                0.0000E+00   6.5259E-17  -1.0465E-05  -2.0291E-23  -1.0465E-05
 G                1.0000E+00   7.0851E-16   0.0000E+00   0.0000E+00   0.0000E+00
 D                1.6000E+00   3.1169E-17   1.0465E-05  -2.0065E-14   1.0465E-05
 B                0.0000E+00  -2.4832E-23  -1.7191E-17  -9.0698E-12  -9.0698E-12
 
 Absolute convergence criterion met for Poisson
 Absolute convergence criterion met for continuity
 Total cpu time for bias point =    0.00 minutes
 Total cpu time =    0.04 minutes


 Solution for Bias:

   V(S)               =  0.0000000E+00     V(G)               =  1.0000000E+00
   V(D)               =  1.7000000E+00     V(B)               =  0.0000000E+00


 Projection used to find initial guess

 norm   iter    v-error     n-error     p-error     iiter
  XR      1    0.0000E+00  1.5524E-02  6.9497E-02     0
  XR      2    0.0000E+00  7.2396E-05  1.8570E-03     0
  XR      3*   0.0000E+00  0.0000E+00  0.0000E+00     0

   Electrode       Voltage       Flux      I(Electron)    I(Hole)     I(Total)  
      Name         (Volts)    (Coul/mic.)   (A/micron)   (A/micron)   (A/micron)
 --------------  -----------  -----------  -----------  -----------  -----------
 S                0.0000E+00   6.5259E-17  -1.0696E-05  -6.6933E-23  -1.0696E-05
 G                1.0000E+00   6.8989E-16   0.0000E+00   0.0000E+00   0.0000E+00
 D                1.7000E+00   2.9027E-17   1.0696E-05  -5.7252E-14   1.0696E-05
 B                0.0000E+00  -6.7866E-23  -1.7407E-17  -2.4788E-11  -2.4788E-11
 
 Absolute convergence criterion met for Poisson
 Absolute convergence criterion met for continuity
 Total cpu time for bias point =    0.00 minutes
 Total cpu time =    0.04 minutes


 Solution for Bias:

   V(S)               =  0.0000000E+00     V(G)               =  1.0000000E+00
   V(D)               =  1.8000000E+00     V(B)               =  0.0000000E+00


 Projection used to find initial guess

 norm   iter    v-error     n-error     p-error     iiter
  XR      1    0.0000E+00  1.9799E-02  1.1176E-01     0
  XR      2    0.0000E+00  5.3414E-06  1.9944E-03     0
  XR      3*   0.0000E+00  0.0000E+00  0.0000E+00     0

   Electrode       Voltage       Flux      I(Electron)    I(Hole)     I(Total)  
      Name         (Volts)    (Coul/mic.)   (A/micron)   (A/micron)   (A/micron)
 --------------  -----------  -----------  -----------  -----------  -----------
 S                0.0000E+00   6.5259E-17  -1.0927E-05  -1.9792E-22  -1.0927E-05
 G                1.0000E+00   6.7126E-16   0.0000E+00   0.0000E+00   0.0000E+00
 D                1.8000E+00   2.6884E-17   1.0927E-05  -1.4395E-13   1.0927E-05
 B                0.0000E+00  -1.6819E-22  -1.7621E-17  -6.1432E-11  -6.1432E-11
 
 Absolute convergence criterion met for Poisson
 Absolute convergence criterion met for continuity
 Total cpu time for bias point =    0.00 minutes
 Total cpu time =    0.04 minutes


 Solution for Bias:

   V(S)               =  0.0000000E+00     V(G)               =  1.0000000E+00
   V(D)               =  1.9000000E+00     V(B)               =  0.0000000E+00


 Projection used to find initial guess

 norm   iter    v-error     n-error     p-error     iiter
  XR      1    0.0000E+00  2.2359E-02  2.2281E-01     0
  XR      2    0.0000E+00  5.3964E-07  1.6853E-03     0
  XR      3*   0.0000E+00  0.0000E+00  0.0000E+00     0

   Electrode       Voltage       Flux      I(Electron)    I(Hole)     I(Total)  
      Name         (Volts)    (Coul/mic.)   (A/micron)   (A/micron)   (A/micron)
 --------------  -----------  -----------  -----------  -----------  -----------
 S                0.0000E+00   6.5259E-17  -1.1157E-05  -5.3087E-22  -1.1157E-05
 G                1.0000E+00   6.5262E-16   0.0000E+00   0.0000E+00   0.0000E+00
 D                1.9000E+00   2.4741E-17   1.1157E-05  -3.2499E-13   1.1157E-05
 B                0.0000E+00  -3.8097E-22  -1.7834E-17  -1.3915E-10  -1.3915E-10
 
 Absolute convergence criterion met for Poisson
 Absolute convergence criterion met for continuity
 Total cpu time for bias point =    0.00 minutes
 Total cpu time =    0.04 minutes


 Solution for Bias:

   V(S)               =  0.0000000E+00     V(G)               =  1.0000000E+00
   V(D)               =  2.0000000E+00     V(B)               =  0.0000000E+00


 Projection used to find initial guess

 norm   iter    v-error     n-error     p-error     iiter
  XR      1    0.0000E+00  2.2483E-02  2.1753E-01     0
  XR      2    0.0000E+00  1.1769E-04  1.2314E-03     0
  XR      3*   0.0000E+00  0.0000E+00  0.0000E+00     0

   Electrode       Voltage       Flux      I(Electron)    I(Hole)     I(Total)  
      Name         (Volts)    (Coul/mic.)   (A/micron)   (A/micron)   (A/micron)
 --------------  -----------  -----------  -----------  -----------  -----------
 S                0.0000E+00   6.5259E-17  -1.1387E-05  -1.3069E-21  -1.1387E-05
 G                1.0000E+00   6.3396E-16   0.0000E+00   0.0000E+00   0.0000E+00
 D                2.0000E+00   2.2599E-17   1.1387E-05  -6.6916E-13   1.1387E-05
 B                0.0000E+00  -7.9615E-22  -1.8045E-17  -2.9079E-10  -2.9079E-10
 
 Absolute convergence criterion met for Poisson
 Absolute convergence criterion met for continuity
 Total cpu time for bias point =    0.00 minutes
 Total cpu time =    0.04 minutes


 Solution for Bias:

   V(S)               =  0.0000000E+00     V(G)               =  1.0000000E+00
   V(D)               =  2.1000000E+00     V(B)               =  0.0000000E+00


 Projection used to find initial guess

 norm   iter    v-error     n-error     p-error     iiter
  XR      1    0.0000E+00  1.8668E-02  1.0640E-01     0
  XR      2    0.0000E+00  1.3320E-04  9.4245E-04     0
  XR      3*   0.0000E+00  0.0000E+00  0.0000E+00     0

   Electrode       Voltage       Flux      I(Electron)    I(Hole)     I(Total)  
      Name         (Volts)    (Coul/mic.)   (A/micron)   (A/micron)   (A/micron)
 --------------  -----------  -----------  -----------  -----------  -----------
 S                0.0000E+00   6.5259E-17  -1.1616E-05  -2.9816E-21  -1.1616E-05
 G                1.0000E+00   6.1527E-16   0.0000E+00   0.0000E+00   0.0000E+00
 D                2.1000E+00   2.0457E-17   1.1617E-05  -1.2720E-12   1.1617E-05
 B                0.0000E+00  -1.5470E-21  -1.8255E-17  -5.6505E-10  -5.6505E-10
 
 Absolute convergence criterion met for Poisson
 Absolute convergence criterion met for continuity
 Total cpu time for bias point =    0.00 minutes
 Total cpu time =    0.04 minutes


 Solution for Bias:

   V(S)               =  0.0000000E+00     V(G)               =  1.0000000E+00
   V(D)               =  2.2000000E+00     V(B)               =  0.0000000E+00


 Projection used to find initial guess

 norm   iter    v-error     n-error     p-error     iiter
  XR      1    0.0000E+00  1.7055E-02  2.3515E-01     0
  XR      2    0.0000E+00  1.2356E-04  7.4186E-04     0
  XR      3*   0.0000E+00  0.0000E+00  0.0000E+00     0

   Electrode       Voltage       Flux      I(Electron)    I(Hole)     I(Total)  
      Name         (Volts)    (Coul/mic.)   (A/micron)   (A/micron)   (A/micron)
 --------------  -----------  -----------  -----------  -----------  -----------
 S                0.0000E+00   6.5259E-17  -1.1846E-05  -6.3497E-21  -1.1846E-05
 G                1.0000E+00   5.9655E-16   0.0000E+00   0.0000E+00   0.0000E+00
 D                2.2000E+00   1.8314E-17   1.1847E-05  -2.2543E-12   1.1847E-05
 B                0.0000E+00  -2.8122E-21  -1.8465E-17  -1.0271E-09  -1.0271E-09
 
 Absolute convergence criterion met for Poisson
 Absolute convergence criterion met for continuity
 Total cpu time for bias point =    0.00 minutes
 Total cpu time =    0.04 minutes


 Solution for Bias:

   V(S)               =  0.0000000E+00     V(G)               =  1.0000000E+00
   V(D)               =  2.3000000E+00     V(B)               =  0.0000000E+00


 Projection used to find initial guess

 norm   iter    v-error     n-error     p-error     iiter
  XR      1    0.0000E+00  1.8429E-02  2.8548E-01     0
  XR      2    0.0000E+00  8.9241E-05  5.9309E-04     0
  XR      3*   0.0000E+00  0.0000E+00  0.0000E+00     0

   Electrode       Voltage       Flux      I(Electron)    I(Hole)     I(Total)  
      Name         (Volts)    (Coul/mic.)   (A/micron)   (A/micron)   (A/micron)
 --------------  -----------  -----------  -----------  -----------  -----------
 S                0.0000E+00   6.5258E-17  -1.2076E-05  -1.2708E-20  -1.2076E-05
 G                1.0000E+00   5.7779E-16   0.0000E+00   0.0000E+00   0.0000E+00
 D                2.3000E+00   1.6173E-17   1.2078E-05  -3.7552E-12   1.2078E-05
 B                0.0000E+00  -4.8124E-21  -1.8675E-17  -1.7577E-09  -1.7577E-09
 
 Absolute convergence criterion met for Poisson
 Absolute convergence criterion met for continuity
 Total cpu time for bias point =    0.00 minutes
 Total cpu time =    0.04 minutes


 Solution for Bias:

   V(S)               =  0.0000000E+00     V(G)               =  1.0000000E+00
   V(D)               =  2.4000000E+00     V(B)               =  0.0000000E+00


 Projection used to find initial guess

 norm   iter    v-error     n-error     p-error     iiter
  XR      1    0.0000E+00  1.8460E-02  2.3915E-01     0
  XR      2    0.0000E+00  5.4235E-05  5.6430E-04     0
  XR      3*   0.0000E+00  0.0000E+00  0.0000E+00     0

   Electrode       Voltage       Flux      I(Electron)    I(Hole)     I(Total)  
      Name         (Volts)    (Coul/mic.)   (A/micron)   (A/micron)   (A/micron)
 --------------  -----------  -----------  -----------  -----------  -----------
 S                0.0000E+00   6.5258E-17  -1.2307E-05  -2.4077E-20  -1.2307E-05
 G                1.0000E+00   5.5901E-16   0.0000E+00   0.0000E+00   0.0000E+00
 D                2.4000E+00   1.4031E-17   1.2310E-05  -5.9214E-12   1.2310E-05
 B                0.0000E+00  -7.8056E-21  -1.8886E-17  -2.8509E-09  -2.8509E-09
 
 Absolute convergence criterion met for Poisson
 Absolute convergence criterion met for continuity
 Total cpu time for bias point =    0.00 minutes
 Total cpu time =    0.04 minutes


 Solution for Bias:

   V(S)               =  0.0000000E+00     V(G)               =  1.0000000E+00
   V(D)               =  2.5000000E+00     V(B)               =  0.0000000E+00


 Projection used to find initial guess

 norm   iter    v-error     n-error     p-error     iiter
  XR      1    0.0000E+00  1.6941E-02  1.9018E-01     0
  XR      2    0.0000E+00  2.7830E-05  7.7205E-04     0
  XR      3*   0.0000E+00  0.0000E+00  0.0000E+00     0

   Electrode       Voltage       Flux      I(Electron)    I(Hole)     I(Total)  
      Name         (Volts)    (Coul/mic.)   (A/micron)   (A/micron)   (A/micron)
 --------------  -----------  -----------  -----------  -----------  -----------
 S                0.0000E+00   6.5258E-17  -1.2539E-05  -4.3502E-20  -1.2539E-05
 G                1.0000E+00   5.4021E-16   0.0000E+00   0.0000E+00   0.0000E+00
 D                2.5000E+00   1.1889E-17   1.2543E-05  -8.8949E-12   1.2543E-05
 B                0.0000E+00  -1.2079E-20  -1.9099E-17  -4.4117E-09  -4.4117E-09
 
 Absolute convergence criterion met for Poisson
 Absolute convergence criterion met for continuity
 Total cpu time for bias point =    0.00 minutes
 Total cpu time =    0.04 minutes


 Solution for Bias:

   V(S)               =  0.0000000E+00     V(G)               =  1.0000000E+00
   V(D)               =  2.6000000E+00     V(B)               =  0.0000000E+00


 Projection used to find initial guess

 norm   iter    v-error     n-error     p-error     iiter
  XR      1    0.0000E+00  2.0434E-02  1.4888E-01     0
  XR      2    0.0000E+00  9.6492E-07  9.4037E-04     0
  XR      3*   0.0000E+00  0.0000E+00  0.0000E+00     0

   Electrode       Voltage       Flux      I(Electron)    I(Hole)     I(Total)  
      Name         (Volts)    (Coul/mic.)   (A/micron)   (A/micron)   (A/micron)
 --------------  -----------  -----------  -----------  -----------  -----------
 S                0.0000E+00   6.5258E-17  -1.2771E-05  -7.5491E-20  -1.2771E-05
 G                1.0000E+00   5.2139E-16   0.0000E+00   0.0000E+00   0.0000E+00
 D                2.6000E+00   9.7473E-18   1.2778E-05  -1.2800E-11   1.2778E-05
 B                0.0000E+00  -1.7946E-20  -1.9316E-17  -6.5547E-09  -6.5547E-09
 
 Absolute convergence criterion met for Poisson
 Absolute convergence criterion met for continuity
 Total cpu time for bias point =    0.00 minutes
 Total cpu time =    0.04 minutes


 Solution for Bias:

   V(S)               =  0.0000000E+00     V(G)               =  1.0000000E+00
   V(D)               =  2.7000000E+00     V(B)               =  0.0000000E+00


 Projection used to find initial guess

 norm   iter    v-error     n-error     p-error     iiter
  XR      1    0.0000E+00  2.3677E-02  9.1383E-02     0
  XR      2    0.0000E+00  2.4175E-05  9.8213E-04     0
  XR      3*   0.0000E+00  0.0000E+00  0.0000E+00     0

   Electrode       Voltage       Flux      I(Electron)    I(Hole)     I(Total)  
      Name         (Volts)    (Coul/mic.)   (A/micron)   (A/micron)   (A/micron)
 --------------  -----------  -----------  -----------  -----------  -----------
 S                0.0000E+00   6.5258E-17  -1.3005E-05  -1.2610E-19  -1.3005E-05
 G                1.0000E+00   5.0257E-16   0.0000E+00   0.0000E+00   0.0000E+00
 D                2.7000E+00   7.6056E-18   1.3015E-05  -1.7730E-11   1.3015E-05
 B                0.0000E+00  -2.5764E-20  -1.9536E-17  -9.4102E-09  -9.4102E-09
 
 Absolute convergence criterion met for Poisson
 Absolute convergence criterion met for continuity
 Total cpu time for bias point =    0.00 minutes
 Total cpu time =    0.05 minutes


 Solution for Bias:

   V(S)               =  0.0000000E+00     V(G)               =  1.0000000E+00
   V(D)               =  2.8000000E+00     V(B)               =  0.0000000E+00


 Projection used to find initial guess

 norm   iter    v-error     n-error     p-error     iiter
  XR      1    0.0000E+00  2.5212E-02  1.4264E-01     0
  XR      2    0.0000E+00  5.3609E-05  8.6932E-04     0
  XR      3*   0.0000E+00  0.0000E+00  0.0000E+00     0

   Electrode       Voltage       Flux      I(Electron)    I(Hole)     I(Total)  
      Name         (Volts)    (Coul/mic.)   (A/micron)   (A/micron)   (A/micron)
 --------------  -----------  -----------  -----------  -----------  -----------
 S                0.0000E+00   6.5258E-17  -1.3241E-05  -2.0354E-19  -1.3241E-05
 G                1.0000E+00   4.8374E-16   0.0000E+00   0.0000E+00   0.0000E+00
 D                2.8000E+00   5.4638E-18   1.3254E-05  -2.3736E-11   1.3254E-05
 B                0.0000E+00  -3.5959E-20  -1.9760E-17  -1.3133E-08  -1.3133E-08
 
 Absolute convergence criterion met for Poisson
 Absolute convergence criterion met for continuity
 Total cpu time for bias point =    0.00 minutes
 Total cpu time =    0.05 minutes


 Solution for Bias:

   V(S)               =  0.0000000E+00     V(G)               =  1.0000000E+00
   V(D)               =  2.9000000E+00     V(B)               =  0.0000000E+00


 Projection used to find initial guess

 norm   iter    v-error     n-error     p-error     iiter
  XR      1    0.0000E+00  2.5236E-02  1.7330E-01     0
  XR      2    0.0000E+00  6.7329E-05  6.9470E-04     0
  XR      3*   0.0000E+00  0.0000E+00  0.0000E+00     0

   Electrode       Voltage       Flux      I(Electron)    I(Hole)     I(Total)  
      Name         (Volts)    (Coul/mic.)   (A/micron)   (A/micron)   (A/micron)
 --------------  -----------  -----------  -----------  -----------  -----------
 S                0.0000E+00   6.5258E-17  -1.3478E-05  -3.1925E-19  -1.3478E-05
 G                1.0000E+00   4.6492E-16   0.0000E+00   0.0000E+00   0.0000E+00
 D                2.9000E+00   3.3220E-18   1.3496E-05  -3.0805E-11   1.3496E-05
 B                0.0000E+00  -4.9032E-20  -1.9991E-17  -1.7907E-08  -1.7907E-08
 
 Absolute convergence criterion met for Poisson
 Absolute convergence criterion met for continuity
 Total cpu time for bias point =    0.00 minutes
 Total cpu time =    0.05 minutes


 Solution for Bias:

   V(S)               =  0.0000000E+00     V(G)               =  1.0000000E+00
   V(D)               =  3.0000000E+00     V(B)               =  0.0000000E+00


 Projection used to find initial guess

 norm   iter    v-error     n-error     p-error     iiter
  XR      1    0.0000E+00  2.4036E-02  1.8101E-01     0
  XR      2    0.0000E+00  6.9923E-05  5.6224E-04     0
  XR      3*   0.0000E+00  0.0000E+00  0.0000E+00     0

   Electrode       Voltage       Flux      I(Electron)    I(Hole)     I(Total)  
      Name         (Volts)    (Coul/mic.)   (A/micron)   (A/micron)   (A/micron)
 --------------  -----------  -----------  -----------  -----------  -----------
 S                0.0000E+00   6.5257E-17  -1.3718E-05  -4.8844E-19  -1.3718E-05
 G                1.0000E+00   4.4611E-16   0.0000E+00   0.0000E+00   0.0000E+00
 D                3.0000E+00   1.1801E-18   1.3741E-05  -3.8831E-11   1.3741E-05
 B                0.0000E+00  -6.5532E-20  -2.0228E-17  -2.3933E-08  -2.3933E-08
 
 Absolute convergence criterion met for Poisson
 Absolute convergence criterion met for continuity
 Total cpu time for bias point =    0.00 minutes
 Total cpu time =    0.05 minutes


 Solution for Bias:

   V(S)               =  0.0000000E+00     V(G)               =  1.0000000E+00
   V(D)               =  3.1000000E+00     V(B)               =  0.0000000E+00


 Projection used to find initial guess

 norm   iter    v-error     n-error     p-error     iiter
  XR      1    0.0000E+00  2.2081E-02  1.2518E-01     0
  XR      2    0.0000E+00  8.2168E-06  4.6644E-04     0
  XR      3*   0.0000E+00  0.0000E+00  0.0000E+00     0

   Electrode       Voltage       Flux      I(Electron)    I(Hole)     I(Total)  
      Name         (Volts)    (Coul/mic.)   (A/micron)   (A/micron)   (A/micron)
 --------------  -----------  -----------  -----------  -----------  -----------
 S                0.0000E+00   6.5257E-17  -1.3959E-05  -7.3042E-19  -1.3959E-05
 G                1.0000E+00   4.2729E-16   0.0000E+00   0.0000E+00   0.0000E+00
 D                3.1000E+00  -9.6187E-19   1.3990E-05  -4.7573E-11   1.3990E-05
 B                0.0000E+00  -8.5981E-20  -2.0474E-17  -3.1400E-08  -3.1400E-08
 
 Absolute convergence criterion met for Poisson
 Absolute convergence criterion met for continuity
 Total cpu time for bias point =    0.00 minutes
 Total cpu time =    0.05 minutes


 Solution for Bias:

   V(S)               =  0.0000000E+00     V(G)               =  1.0000000E+00
   V(D)               =  3.2000000E+00     V(B)               =  0.0000000E+00


 Projection used to find initial guess

 norm   iter    v-error     n-error     p-error     iiter
  XR      1    0.0000E+00  2.0944E-02  1.0608E-01     0
  XR      2    0.0000E+00  4.9396E-05  3.8493E-04     0
  XR      3*   0.0000E+00  0.0000E+00  0.0000E+00     0

   Electrode       Voltage       Flux      I(Electron)    I(Hole)     I(Total)  
      Name         (Volts)    (Coul/mic.)   (A/micron)   (A/micron)   (A/micron)
 --------------  -----------  -----------  -----------  -----------  -----------
 S                0.0000E+00   6.5257E-17  -1.4202E-05  -1.0685E-18  -1.4202E-05
 G                1.0000E+00   4.0847E-16   0.0000E+00   0.0000E+00   0.0000E+00
 D                3.2000E+00  -3.1039E-18   1.4243E-05  -5.6608E-11   1.4243E-05
 B                0.0000E+00  -1.1078E-19  -2.0730E-17  -4.0457E-08  -4.0457E-08
 
 Absolute convergence criterion met for Poisson
 Absolute convergence criterion met for continuity
 Total cpu time for bias point =    0.00 minutes
 Total cpu time =    0.05 minutes


 Solution for Bias:

   V(S)               =  0.0000000E+00     V(G)               =  1.0000000E+00
   V(D)               =  3.3000000E+00     V(B)               =  0.0000000E+00


 Projection used to find initial guess

 norm   iter    v-error     n-error     p-error     iiter
  XR      1    0.0000E+00  1.8966E-02  1.5890E-01     0
  XR      2    0.0000E+00  3.6922E-05  3.3728E-04     0
  XR      3*   0.0000E+00  0.0000E+00  0.0000E+00     0

   Electrode       Voltage       Flux      I(Electron)    I(Hole)     I(Total)  
      Name         (Volts)    (Coul/mic.)   (A/micron)   (A/micron)   (A/micron)
 --------------  -----------  -----------  -----------  -----------  -----------
 S                0.0000E+00   6.5257E-17  -1.4448E-05  -1.5299E-18  -1.4448E-05
 G                1.0000E+00   3.8964E-16   0.0000E+00   0.0000E+00   0.0000E+00
 D                3.3000E+00  -5.2459E-18   1.4500E-05  -6.5316E-11   1.4499E-05
 B                0.0000E+00  -1.4017E-19  -2.0996E-17  -5.1186E-08  -5.1186E-08
 
 Absolute convergence criterion met for Poisson
 Absolute convergence criterion met for continuity
 Total cpu time for bias point =    0.00 minutes
 Total cpu time =    0.05 minutes


 Solution for Bias:

   V(S)               =  0.0000000E+00     V(G)               =  1.0000000E+00
   V(D)               =  3.4000000E+00     V(B)               =  0.0000000E+00


 Projection used to find initial guess

 norm   iter    v-error     n-error     p-error     iiter
  XR      1    0.0000E+00  1.6172E-02  1.6175E-01     0
  XR      2    0.0000E+00  2.7088E-05  2.8514E-04     0
  XR      3*   0.0000E+00  0.0000E+00  0.0000E+00     0

   Electrode       Voltage       Flux      I(Electron)    I(Hole)     I(Total)  
      Name         (Volts)    (Coul/mic.)   (A/micron)   (A/micron)   (A/micron)
 --------------  -----------  -----------  -----------  -----------  -----------
 S                0.0000E+00   6.5257E-17  -1.4696E-05  -2.1455E-18  -1.4696E-05
 G                1.0000E+00   3.7081E-16   0.0000E+00   0.0000E+00   0.0000E+00
 D                3.4000E+00  -7.3880E-18   1.4760E-05  -7.2936E-11   1.4760E-05
 B                0.0000E+00  -1.7417E-19  -2.1273E-17  -6.3598E-08  -6.3598E-08
 
 Absolute convergence criterion met for Poisson
 Absolute convergence criterion met for continuity
 Total cpu time for bias point =    0.00 minutes
 Total cpu time =    0.05 minutes


 Solution for Bias:

   V(S)               =  0.0000000E+00     V(G)               =  1.0000000E+00
   V(D)               =  3.5000000E+00     V(B)               =  0.0000000E+00


 Projection used to find initial guess

 norm   iter    v-error     n-error     p-error     iiter
  XR      1    0.0000E+00  1.4704E-02  1.1315E-01     0
  XR      2    0.0000E+00  2.0127E-05  3.7373E-04     0
  XR      3*   0.0000E+00  0.0000E+00  0.0000E+00     0

   Electrode       Voltage       Flux      I(Electron)    I(Hole)     I(Total)  
      Name         (Volts)    (Coul/mic.)   (A/micron)   (A/micron)   (A/micron)
 --------------  -----------  -----------  -----------  -----------  -----------
 S                0.0000E+00   6.5257E-17  -1.4947E-05  -2.9510E-18  -1.4947E-05
 G                1.0000E+00   3.5196E-16   0.0000E+00   0.0000E+00   0.0000E+00
 D                3.5000E+00  -9.5300E-18   1.5025E-05  -7.8722E-11   1.5024E-05
 B                0.0000E+00  -2.1268E-19  -2.1562E-17  -7.7654E-08  -7.7654E-08
 
 Absolute convergence criterion met for Poisson
 Absolute convergence criterion met for continuity
 Total cpu time for bias point =    0.00 minutes
 Total cpu time =    0.05 minutes


 Solution for Bias:

   V(S)               =  0.0000000E+00     V(G)               =  1.0000000E+00
   V(D)               =  3.6000000E+00     V(B)               =  0.0000000E+00


 Projection used to find initial guess

 norm   iter    v-error     n-error     p-error     iiter
  XR      1    0.0000E+00  1.3328E-02  8.0589E-02     0
  XR      2    0.0000E+00  1.6999E-05  4.5801E-04     0
  XR      3*   0.0000E+00  0.0000E+00  0.0000E+00     0

   Electrode       Voltage       Flux      I(Electron)    I(Hole)     I(Total)  
      Name         (Volts)    (Coul/mic.)   (A/micron)   (A/micron)   (A/micron)
 --------------  -----------  -----------  -----------  -----------  -----------
 S                0.0000E+00   6.5256E-17  -1.5199E-05  -3.9903E-18  -1.5199E-05
 G                1.0000E+00   3.3309E-16   0.0000E+00   0.0000E+00   0.0000E+00
 D                3.6000E+00  -1.1672E-17   1.5293E-05  -8.2218E-11   1.5293E-05
 B                0.0000E+00  -2.5563E-19  -2.1861E-17  -9.3331E-08  -9.3331E-08
 
 Absolute convergence criterion met for Poisson
 Absolute convergence criterion met for continuity
 Total cpu time for bias point =    0.00 minutes
 Total cpu time =    0.05 minutes


 Solution for Bias:

   V(S)               =  0.0000000E+00     V(G)               =  1.0000000E+00
   V(D)               =  3.7000000E+00     V(B)               =  0.0000000E+00


 Projection used to find initial guess

 norm   iter    v-error     n-error     p-error     iiter
  XR      1    0.0000E+00  1.1891E-02  7.9649E-02     0
  XR      2    0.0000E+00  1.5768E-05  5.0765E-04     0
  XR      3*   0.0000E+00  0.0000E+00  0.0000E+00     0

   Electrode       Voltage       Flux      I(Electron)    I(Hole)     I(Total)  
      Name         (Volts)    (Coul/mic.)   (A/micron)   (A/micron)   (A/micron)
 --------------  -----------  -----------  -----------  -----------  -----------
 S                0.0000E+00   6.5256E-17  -1.5454E-05  -5.3213E-18  -1.5454E-05
 G                1.0000E+00   3.1420E-16   0.0000E+00   0.0000E+00   0.0000E+00
 D                3.7000E+00  -1.3814E-17   1.5565E-05  -8.3580E-11   1.5565E-05
 B                0.0000E+00  -3.0331E-19  -2.2173E-17  -1.1073E-07  -1.1073E-07
 
 Absolute convergence criterion met for Poisson
 Absolute convergence criterion met for continuity
 Total cpu time for bias point =    0.00 minutes
 Total cpu time =    0.05 minutes


 Solution for Bias:

   V(S)               =  0.0000000E+00     V(G)               =  1.0000000E+00
   V(D)               =  3.8000000E+00     V(B)               =  0.0000000E+00


 Projection used to find initial guess

 norm   iter    v-error     n-error     p-error     iiter
  XR      1    0.0000E+00  1.4162E-02  9.3341E-02     0
  XR      2    0.0000E+00  1.5599E-05  5.0107E-04     0
  XR      3*   0.0000E+00  0.0000E+00  0.0000E+00     0

   Electrode       Voltage       Flux      I(Electron)    I(Hole)     I(Total)  
      Name         (Volts)    (Coul/mic.)   (A/micron)   (A/micron)   (A/micron)
 --------------  -----------  -----------  -----------  -----------  -----------
 S                0.0000E+00   6.5256E-17  -1.5712E-05  -7.0391E-18  -1.5712E-05
 G                1.0000E+00   2.9528E-16   0.0000E+00   0.0000E+00   0.0000E+00
 D                3.8000E+00  -1.5956E-17   1.5842E-05  -8.3737E-11   1.5842E-05
 B                0.0000E+00  -3.5660E-19  -2.2498E-17  -1.3018E-07  -1.3018E-07
 
 Absolute convergence criterion met for Poisson
 Absolute convergence criterion met for continuity
 Total cpu time for bias point =    0.00 minutes
 Total cpu time =    0.05 minutes


 Solution for Bias:

   V(S)               =  0.0000000E+00     V(G)               =  1.0000000E+00
   V(D)               =  3.9000000E+00     V(B)               =  0.0000000E+00


 Projection used to find initial guess

 norm   iter    v-error     n-error     p-error     iiter
  XR      1    0.0000E+00  2.0517E-02  9.8687E-02     0
  XR      2    0.0000E+00  7.8504E-05  4.4098E-04     0
  XR      3*   0.0000E+00  0.0000E+00  0.0000E+00     0

   Electrode       Voltage       Flux      I(Electron)    I(Hole)     I(Total)  
      Name         (Volts)    (Coul/mic.)   (A/micron)   (A/micron)   (A/micron)
 --------------  -----------  -----------  -----------  -----------  -----------
 S                0.0000E+00   6.5256E-17  -1.5972E-05  -9.2886E-18  -1.5972E-05
 G                1.0000E+00   2.7631E-16   0.0000E+00   0.0000E+00   0.0000E+00
 D                3.9000E+00  -1.8098E-17   1.6124E-05  -8.4154E-11   1.6124E-05
 B                0.0000E+00  -4.1690E-19  -2.2842E-17  -1.5217E-07  -1.5217E-07
 
 Absolute convergence criterion met for Poisson
 Absolute convergence criterion met for continuity
 Total cpu time for bias point =    0.00 minutes
 Total cpu time =    0.05 minutes


 Solution for Bias:

   V(S)               =  0.0000000E+00     V(G)               =  1.0000000E+00
   V(D)               =  4.0000000E+00     V(B)               =  0.0000000E+00


 Projection used to find initial guess

 norm   iter    v-error     n-error     p-error     iiter
  XR      1    0.0000E+00  2.7472E-02  1.2282E-01     0
  XR      2    0.0000E+00  1.3799E-04  3.7288E-04     0
  XR      3*   0.0000E+00  0.0000E+00  0.0000E+00     0

   Electrode       Voltage       Flux      I(Electron)    I(Hole)     I(Total)  
      Name         (Volts)    (Coul/mic.)   (A/micron)   (A/micron)   (A/micron)
 --------------  -----------  -----------  -----------  -----------  -----------
 S                0.0000E+00   6.5256E-17  -1.6235E-05  -1.2214E-17  -1.6235E-05
 G                1.0000E+00   2.5730E-16   0.0000E+00   0.0000E+00   0.0000E+00
 D                4.0000E+00  -2.0240E-17   1.6413E-05  -8.6202E-11   1.6412E-05
 B                0.0000E+00  -4.8563E-19  -2.3207E-17  -1.7724E-07  -1.7724E-07
 
 Absolute convergence criterion met for Poisson
 Absolute convergence criterion met for continuity
 Total cpu time for bias point =    0.00 minutes
 Total cpu time =    0.05 minutes


 Solution for Bias:

   V(S)               =  0.0000000E+00     V(G)               =  1.0000000E+00
   V(D)               =  4.1000000E+00     V(B)               =  0.0000000E+00


 Projection used to find initial guess

 norm   iter    v-error     n-error     p-error     iiter
  XR      1    0.0000E+00  3.3794E-02  1.2655E-01     0
  XR      2    0.0000E+00  1.9536E-04  3.1774E-04     0
  XR      3*   0.0000E+00  0.0000E+00  0.0000E+00     0

   Electrode       Voltage       Flux      I(Electron)    I(Hole)     I(Total)  
      Name         (Volts)    (Coul/mic.)   (A/micron)   (A/micron)   (A/micron)
 --------------  -----------  -----------  -----------  -----------  -----------
 S                0.0000E+00   6.5256E-17  -1.6502E-05  -1.5998E-17  -1.6502E-05
 G                1.0000E+00   2.3823E-16   0.0000E+00   0.0000E+00   0.0000E+00
 D                4.1000E+00  -2.2382E-17   1.6708E-05  -9.0541E-11   1.6707E-05
 B                0.0000E+00  -5.6374E-19  -2.3596E-17  -2.0573E-07  -2.0573E-07
 
 Absolute convergence criterion met for Poisson
 Absolute convergence criterion met for continuity
 Total cpu time for bias point =    0.00 minutes
 Total cpu time =    0.05 minutes


 Solution for Bias:

   V(S)               =  0.0000000E+00     V(G)               =  1.0000000E+00
   V(D)               =  4.2000000E+00     V(B)               =  0.0000000E+00


 Projection used to find initial guess

 norm   iter    v-error     n-error     p-error     iiter
  XR      1    0.0000E+00  3.8016E-02  9.5667E-02     0
  XR      2    0.0000E+00  2.1945E-04  2.6877E-04     0
  XR      3*   0.0000E+00  0.0000E+00  0.0000E+00     0

   Electrode       Voltage       Flux      I(Electron)    I(Hole)     I(Total)  
      Name         (Volts)    (Coul/mic.)   (A/micron)   (A/micron)   (A/micron)
 --------------  -----------  -----------  -----------  -----------  -----------
 S                0.0000E+00   6.5255E-17  -1.6771E-05  -2.0821E-17  -1.6771E-05
 G                1.0000E+00   2.1909E-16   0.0000E+00   0.0000E+00   0.0000E+00
 D                4.2000E+00  -2.4524E-17   1.7009E-05  -9.6953E-11   1.7009E-05
 B                0.0000E+00  -6.5148E-19  -2.4011E-17  -2.3772E-07  -2.3772E-07
 
 Absolute convergence criterion met for Poisson
 Absolute convergence criterion met for continuity
 Total cpu time for bias point =    0.00 minutes
 Total cpu time =    0.06 minutes


 Solution for Bias:

   V(S)               =  0.0000000E+00     V(G)               =  1.0000000E+00
   V(D)               =  4.3000000E+00     V(B)               =  0.0000000E+00


 Projection used to find initial guess

 norm   iter    v-error     n-error     p-error     iiter
  XR      1    0.0000E+00  3.9338E-02  9.0486E-02     0
  XR      2    0.0000E+00  1.9815E-04  2.3825E-04     0
  XR      3*   0.0000E+00  0.0000E+00  0.0000E+00     0

   Electrode       Voltage       Flux      I(Electron)    I(Hole)     I(Total)  
      Name         (Volts)    (Coul/mic.)   (A/micron)   (A/micron)   (A/micron)
 --------------  -----------  -----------  -----------  -----------  -----------
 S                0.0000E+00   6.5255E-17  -1.7044E-05  -2.6856E-17  -1.7044E-05
 G                1.0000E+00   1.9989E-16   0.0000E+00   0.0000E+00   0.0000E+00
 D                4.3000E+00  -2.6666E-17   1.7318E-05  -1.0467E-10   1.7318E-05
 B                0.0000E+00  -7.4860E-19  -2.4452E-17  -2.7312E-07  -2.7312E-07
 
 Absolute convergence criterion met for Poisson
 Absolute convergence criterion met for continuity
 Total cpu time for bias point =    0.00 minutes
 Total cpu time =    0.06 minutes


 Solution for Bias:

   V(S)               =  0.0000000E+00     V(G)               =  1.0000000E+00
   V(D)               =  4.4000000E+00     V(B)               =  0.0000000E+00


 Projection used to find initial guess

 norm   iter    v-error     n-error     p-error     iiter
  XR      1    0.0000E+00  3.7958E-02  1.0157E-01     0
  XR      2    0.0000E+00  1.4775E-04  2.0285E-04     0
  XR      3*   0.0000E+00  0.0000E+00  0.0000E+00     0

   Electrode       Voltage       Flux      I(Electron)    I(Hole)     I(Total)  
      Name         (Volts)    (Coul/mic.)   (A/micron)   (A/micron)   (A/micron)
 --------------  -----------  -----------  -----------  -----------  -----------
 S                0.0000E+00   6.5255E-17  -1.7320E-05  -3.4279E-17  -1.7320E-05
 G                1.0000E+00   1.8063E-16   0.0000E+00   0.0000E+00   0.0000E+00
 D                4.4000E+00  -2.8807E-17   1.7632E-05  -1.1281E-10   1.7632E-05
 B                0.0000E+00  -8.5475E-19  -2.4919E-17  -3.1179E-07  -3.1179E-07
 
 Absolute convergence criterion met for Poisson
 Absolute convergence criterion met for continuity
 Total cpu time for bias point =    0.00 minutes
 Total cpu time =    0.06 minutes


 Solution for Bias:

   V(S)               =  0.0000000E+00     V(G)               =  1.0000000E+00
   V(D)               =  4.5000000E+00     V(B)               =  0.0000000E+00


 Projection used to find initial guess

 norm   iter    v-error     n-error     p-error     iiter
  XR      1    0.0000E+00  3.4790E-02  8.9874E-02     0
  XR      2    0.0000E+00  9.3944E-05  1.8750E-04     0
  XR      3*   0.0000E+00  0.0000E+00  0.0000E+00     0

   Electrode       Voltage       Flux      I(Electron)    I(Hole)     I(Total)  
      Name         (Volts)    (Coul/mic.)   (A/micron)   (A/micron)   (A/micron)
 --------------  -----------  -----------  -----------  -----------  -----------
 S                0.0000E+00   6.5255E-17  -1.7599E-05  -4.3281E-17  -1.7599E-05
 G                1.0000E+00   1.6132E-16   0.0000E+00   0.0000E+00   0.0000E+00
 D                4.5000E+00  -3.0949E-17   1.7953E-05  -1.2066E-10   1.7953E-05
 B                0.0000E+00  -9.6967E-19  -2.5411E-17  -3.5365E-07  -3.5365E-07
 
 Absolute convergence criterion met for Poisson
 Absolute convergence criterion met for continuity
 Total cpu time for bias point =    0.00 minutes
 Total cpu time =    0.06 minutes


 Solution for Bias:

   V(S)               =  0.0000000E+00     V(G)               =  1.0000000E+00
   V(D)               =  4.6000000E+00     V(B)               =  0.0000000E+00


 Projection used to find initial guess

 norm   iter    v-error     n-error     p-error     iiter
  XR      1    0.0000E+00  3.0840E-02  6.4449E-02     0
  XR      2    0.0000E+00  5.2040E-05  1.6800E-04     0
  XR      3*   0.0000E+00  0.0000E+00  0.0000E+00     0

   Electrode       Voltage       Flux      I(Electron)    I(Hole)     I(Total)  
      Name         (Volts)    (Coul/mic.)   (A/micron)   (A/micron)   (A/micron)
 --------------  -----------  -----------  -----------  -----------  -----------
 S                0.0000E+00   6.5255E-17  -1.7882E-05  -5.4085E-17  -1.7882E-05
 G                1.0000E+00   1.4197E-16   0.0000E+00   0.0000E+00   0.0000E+00
 D                4.6000E+00  -3.3091E-17   1.8280E-05  -1.2774E-10   1.8280E-05
 B                0.0000E+00  -1.0933E-18  -2.5930E-17  -3.9866E-07  -3.9866E-07
 
 Absolute convergence criterion met for Poisson
 Absolute convergence criterion met for continuity
 Total cpu time for bias point =    0.00 minutes
 Total cpu time =    0.06 minutes


 Solution for Bias:

   V(S)               =  0.0000000E+00     V(G)               =  1.0000000E+00
   V(D)               =  4.7000000E+00     V(B)               =  0.0000000E+00


 Projection used to find initial guess

 norm   iter    v-error     n-error     p-error     iiter
  XR      1    0.0000E+00  2.6842E-02  4.8879E-02     0
  XR      2    0.0000E+00  2.4965E-05  2.0134E-04     0
  XR      3*   0.0000E+00  0.0000E+00  0.0000E+00     0

   Electrode       Voltage       Flux      I(Electron)    I(Hole)     I(Total)  
      Name         (Volts)    (Coul/mic.)   (A/micron)   (A/micron)   (A/micron)
 --------------  -----------  -----------  -----------  -----------  -----------
 S                0.0000E+00   6.5254E-17  -1.8167E-05  -6.6963E-17  -1.8167E-05
 G                1.0000E+00   1.2258E-16   0.0000E+00   0.0000E+00   0.0000E+00
 D                4.7000E+00  -3.5232E-17   1.8614E-05  -1.3376E-10   1.8614E-05
 B                0.0000E+00  -1.2257E-18  -2.6477E-17  -4.4685E-07  -4.4685E-07
 
 Absolute convergence criterion met for Poisson
 Absolute convergence criterion met for continuity
 Total cpu time for bias point =    0.00 minutes
 Total cpu time =    0.06 minutes


 Solution for Bias:

   V(S)               =  0.0000000E+00     V(G)               =  1.0000000E+00
   V(D)               =  4.8000000E+00     V(B)               =  0.0000000E+00


 Projection used to find initial guess

 norm   iter    v-error     n-error     p-error     iiter
  XR      1    0.0000E+00  2.3287E-02  4.8327E-02     0
  XR      2    0.0000E+00  1.0095E-05  2.4170E-04     0
  XR      3*   0.0000E+00  0.0000E+00  0.0000E+00     0

   Electrode       Voltage       Flux      I(Electron)    I(Hole)     I(Total)  
      Name         (Volts)    (Coul/mic.)   (A/micron)   (A/micron)   (A/micron)
 --------------  -----------  -----------  -----------  -----------  -----------
 S                0.0000E+00   6.5254E-17  -1.8456E-05  -8.2797E-17  -1.8456E-05
 G                1.0000E+00   1.0317E-16   0.0000E+00   0.0000E+00   0.0000E+00
 D                4.8000E+00  -3.7374E-17   1.8955E-05  -1.3859E-10   1.8954E-05
 B                0.0000E+00  -1.3672E-18  -2.7054E-17  -4.9834E-07  -4.9834E-07
 
 Absolute convergence criterion met for Poisson
 Absolute convergence criterion met for continuity
 Total cpu time for bias point =    0.00 minutes
 Total cpu time =    0.06 minutes


 Solution for Bias:

   V(S)               =  0.0000000E+00     V(G)               =  1.0000000E+00
   V(D)               =  4.9000000E+00     V(B)               =  0.0000000E+00


 Projection used to find initial guess

 norm   iter    v-error     n-error     p-error     iiter
  XR      1    0.0000E+00  2.0023E-02  5.7377E-02     0
  XR      2    0.0000E+00  2.5376E-07  2.7052E-04     0
  XR      3*   0.0000E+00  0.0000E+00  0.0000E+00     0

   Electrode       Voltage       Flux      I(Electron)    I(Hole)     I(Total)  
      Name         (Volts)    (Coul/mic.)   (A/micron)   (A/micron)   (A/micron)
 --------------  -----------  -----------  -----------  -----------  -----------
 S                0.0000E+00   6.5254E-17  -1.8749E-05  -1.0148E-16  -1.8749E-05
 G                1.0000E+00   8.3738E-17   0.0000E+00   0.0000E+00   0.0000E+00
 D                4.9000E+00  -3.9515E-17   1.9303E-05  -1.4218E-10   1.9302E-05
 B                0.0000E+00  -1.5184E-18  -2.7662E-17  -5.5334E-07  -5.5334E-07
 
 Absolute convergence criterion met for Poisson
 Absolute convergence criterion met for continuity
 Total cpu time for bias point =    0.00 minutes
 Total cpu time =    0.06 minutes


 Solution for Bias:

   V(S)               =  0.0000000E+00     V(G)               =  1.0000000E+00
   V(D)               =  5.0000000E+00     V(B)               =  0.0000000E+00


 Projection used to find initial guess

 norm   iter    v-error     n-error     p-error     iiter
  XR      1    0.0000E+00  1.7365E-02  5.8466E-02     0
  XR      2    0.0000E+00  1.4550E-06  2.7910E-04     0
  XR      3*   0.0000E+00  0.0000E+00  0.0000E+00     0

   Electrode       Voltage       Flux      I(Electron)    I(Hole)     I(Total)  
      Name         (Volts)    (Coul/mic.)   (A/micron)   (A/micron)   (A/micron)
 --------------  -----------  -----------  -----------  -----------  -----------
 S                0.0000E+00   6.5254E-17  -1.9046E-05  -1.2329E-16  -1.9046E-05
 G                1.0000E+00   6.4294E-17   0.0000E+00   0.0000E+00   0.0000E+00
 D                5.0000E+00  -4.1657E-17   1.9659E-05  -1.4461E-10   1.9658E-05
 B                0.0000E+00  -1.6802E-18  -2.8306E-17  -6.1213E-07  -6.1213E-07
 
 Absolute convergence criterion met for Poisson
 Absolute convergence criterion met for continuity
 Total cpu time for bias point =    0.00 minutes
 Total cpu time =    0.06 minutes


 Solution for Bias:

   V(S)               =  0.0000000E+00     V(G)               =  1.0000000E+00
   V(D)               =  5.1000000E+00     V(B)               =  0.0000000E+00


 Projection used to find initial guess

 norm   iter    v-error     n-error     p-error     iiter
  XR      1    0.0000E+00  1.5179E-02  6.1952E-02     0
  XR      2    0.0000E+00  2.3185E-06  2.6450E-04     0
  XR      3*   0.0000E+00  0.0000E+00  0.0000E+00     0

   Electrode       Voltage       Flux      I(Electron)    I(Hole)     I(Total)  
      Name         (Volts)    (Coul/mic.)   (A/micron)   (A/micron)   (A/micron)
 --------------  -----------  -----------  -----------  -----------  -----------
 S                0.0000E+00   6.5254E-17  -1.9348E-05  -1.4879E-16  -1.9348E-05
 G                1.0000E+00   4.4844E-17   0.0000E+00   0.0000E+00   0.0000E+00
 D                5.1000E+00  -4.3798E-17   2.0023E-05  -1.4602E-10   2.0023E-05
 B                0.0000E+00  -1.8537E-18  -2.8990E-17  -6.7516E-07  -6.7516E-07
 
 Absolute convergence criterion met for Poisson
 Absolute convergence criterion met for continuity
 Total cpu time for bias point =    0.00 minutes
 Total cpu time =    0.06 minutes


 Solution for Bias:

   V(S)               =  0.0000000E+00     V(G)               =  1.0000000E+00
   V(D)               =  5.2000000E+00     V(B)               =  0.0000000E+00


 Projection used to find initial guess

 norm   iter    v-error     n-error     p-error     iiter
  XR      1    0.0000E+00  1.4476E-02  7.9377E-02     0
  XR      2    0.0000E+00  1.9934E-06  2.3459E-04     0
  XR      3*   0.0000E+00  0.0000E+00  0.0000E+00     0

   Electrode       Voltage       Flux      I(Electron)    I(Hole)     I(Total)  
      Name         (Volts)    (Coul/mic.)   (A/micron)   (A/micron)   (A/micron)
 --------------  -----------  -----------  -----------  -----------  -----------
 S                0.0000E+00   6.5253E-17  -1.9655E-05  -1.7873E-16  -1.9655E-05
 G                1.0000E+00   2.5390E-17   0.0000E+00   0.0000E+00   0.0000E+00
 D                5.2000E+00  -4.5940E-17   2.0398E-05  -1.4666E-10   2.0398E-05
 B                0.0000E+00  -2.0405E-18  -2.9719E-17  -7.4297E-07  -7.4297E-07
 
 Absolute convergence criterion met for Poisson
 Absolute convergence criterion met for continuity
 Total cpu time for bias point =    0.00 minutes
 Total cpu time =    0.06 minutes


 Solution for Bias:

   V(S)               =  0.0000000E+00     V(G)               =  1.0000000E+00
   V(D)               =  5.3000000E+00     V(B)               =  0.0000000E+00


 Projection used to find initial guess

 norm   iter    v-error     n-error     p-error     iiter
  XR      1    0.0000E+00  1.4135E-02  8.3068E-02     0
  XR      2    0.0000E+00  1.3860E-06  2.0727E-04     0
  XR      3*   0.0000E+00  0.0000E+00  0.0000E+00     0

   Electrode       Voltage       Flux      I(Electron)    I(Hole)     I(Total)  
      Name         (Volts)    (Coul/mic.)   (A/micron)   (A/micron)   (A/micron)
 --------------  -----------  -----------  -----------  -----------  -----------
 S                0.0000E+00   6.5253E-17  -1.9968E-05  -2.1412E-16  -1.9968E-05
 G                1.0000E+00   5.9342E-18   0.0000E+00   0.0000E+00   0.0000E+00
 D                5.3000E+00  -4.8081E-17   2.0784E-05  -1.4679E-10   2.0784E-05
 B                0.0000E+00  -2.2423E-18  -3.0500E-17  -8.1623E-07  -8.1623E-07
 
 Absolute convergence criterion met for Poisson
 Absolute convergence criterion met for continuity
 Total cpu time for bias point =    0.00 minutes
 Total cpu time =    0.06 minutes


 Solution for Bias:

   V(S)               =  0.0000000E+00     V(G)               =  1.0000000E+00
   V(D)               =  5.4000000E+00     V(B)               =  0.0000000E+00


 Projection used to find initial guess

 norm   iter    v-error     n-error     p-error     iiter
  XR      1    0.0000E+00  1.3780E-02  7.1504E-02     0
  XR      2    0.0000E+00  1.2803E-06  1.8287E-04     0
  XR      3*   0.0000E+00  0.0000E+00  0.0000E+00     0

   Electrode       Voltage       Flux      I(Electron)    I(Hole)     I(Total)  
      Name         (Volts)    (Coul/mic.)   (A/micron)   (A/micron)   (A/micron)
 --------------  -----------  -----------  -----------  -----------  -----------
 S                0.0000E+00   6.5253E-17  -2.0288E-05  -2.5630E-16  -2.0288E-05
 G                1.0000E+00  -1.3524E-17   0.0000E+00   0.0000E+00   0.0000E+00
 D                5.4000E+00  -5.0223E-17   2.1184E-05  -1.4668E-10   2.1184E-05
 B                0.0000E+00  -2.4614E-18  -3.1342E-17  -8.9565E-07  -8.9565E-07
 
 Absolute convergence criterion met for Poisson
 Absolute convergence criterion met for continuity
 Total cpu time for bias point =    0.00 minutes
 Total cpu time =    0.06 minutes


 Solution for Bias:

   V(S)               =  0.0000000E+00     V(G)               =  1.0000000E+00
   V(D)               =  5.5000000E+00     V(B)               =  0.0000000E+00


 Projection used to find initial guess

 norm   iter    v-error     n-error     p-error     iiter
  XR      1    0.0000E+00  1.3321E-02  5.2094E-02     0
  XR      2    0.0000E+00  1.1225E-06  1.6266E-04     0
  XR      3*   0.0000E+00  0.0000E+00  0.0000E+00     0

   Electrode       Voltage       Flux      I(Electron)    I(Hole)     I(Total)  
      Name         (Volts)    (Coul/mic.)   (A/micron)   (A/micron)   (A/micron)
 --------------  -----------  -----------  -----------  -----------  -----------
 S                0.0000E+00   6.5253E-17  -2.0616E-05  -3.0701E-16  -2.0616E-05
 G                1.0000E+00  -3.2985E-17   0.0000E+00   0.0000E+00   0.0000E+00
 D                5.5000E+00  -5.2365E-17   2.1598E-05  -1.4662E-10   2.1598E-05
 B                0.0000E+00  -2.6996E-18  -3.2252E-17  -9.8199E-07  -9.8199E-07
 
 Absolute convergence criterion met for Poisson
 Absolute convergence criterion met for continuity
 Total cpu time for bias point =    0.00 minutes
 Total cpu time =    0.06 minutes


 Solution for Bias:

   V(S)               =  0.0000000E+00     V(G)               =  1.0000000E+00
   V(D)               =  5.6000000E+00     V(B)               =  0.0000000E+00


 Projection used to find initial guess

 norm   iter    v-error     n-error     p-error     iiter
  XR      1    0.0000E+00  1.2683E-02  5.8135E-02     0
  XR      2    0.0000E+00  1.6822E-06  1.4625E-04     0
  XR      3*   0.0000E+00  0.0000E+00  0.0000E+00     0

   Electrode       Voltage       Flux      I(Electron)    I(Hole)     I(Total)  
      Name         (Volts)    (Coul/mic.)   (A/micron)   (A/micron)   (A/micron)
 --------------  -----------  -----------  -----------  -----------  -----------
 S                0.0000E+00   6.5253E-17  -2.0953E-05  -3.6838E-16  -2.0953E-05
 G                1.0000E+00  -5.2452E-17   0.0000E+00   0.0000E+00   0.0000E+00
 D                5.6000E+00  -5.4506E-17   2.2029E-05  -1.4683E-10   2.2029E-05
 B                0.0000E+00  -2.9591E-18  -3.3239E-17  -1.0760E-06  -1.0760E-06
 
 Absolute convergence criterion met for Poisson
 Absolute convergence criterion met for continuity
 Total cpu time for bias point =    0.00 minutes
 Total cpu time =    0.06 minutes


 Solution for Bias:

   V(S)               =  0.0000000E+00     V(G)               =  1.0000000E+00
   V(D)               =  5.7000000E+00     V(B)               =  0.0000000E+00


 Projection used to find initial guess

 norm   iter    v-error     n-error     p-error     iiter
  XR      1    0.0000E+00  1.1880E-02  5.6491E-02     0
  XR      2    0.0000E+00  1.9369E-06  1.3286E-04     0
  XR      3*   0.0000E+00  0.0000E+00  0.0000E+00     0

   Electrode       Voltage       Flux      I(Electron)    I(Hole)     I(Total)  
      Name         (Volts)    (Coul/mic.)   (A/micron)   (A/micron)   (A/micron)
 --------------  -----------  -----------  -----------  -----------  -----------
 S                0.0000E+00   6.5252E-17  -2.1299E-05  -4.4313E-16  -2.1299E-05
 G                1.0000E+00  -7.1930E-17   0.0000E+00   0.0000E+00   0.0000E+00
 D                5.7000E+00  -5.6648E-17   2.2477E-05  -1.4748E-10   2.2477E-05
 B                0.0000E+00  -3.2419E-18  -3.4313E-17  -1.1783E-06  -1.1783E-06
 
 Absolute convergence criterion met for Poisson
 Absolute convergence criterion met for continuity
 Total cpu time for bias point =    0.00 minutes
 Total cpu time =    0.06 minutes


 Solution for Bias:

   V(S)               =  0.0000000E+00     V(G)               =  1.0000000E+00
   V(D)               =  5.8000000E+00     V(B)               =  0.0000000E+00


 Projection used to find initial guess

 norm   iter    v-error     n-error     p-error     iiter
  XR      1    0.0000E+00  1.0944E-02  4.7902E-02     0
  XR      2    0.0000E+00  1.8047E-06  1.1540E-04     0
  XR      3*   0.0000E+00  0.0000E+00  0.0000E+00     0

   Electrode       Voltage       Flux      I(Electron)    I(Hole)     I(Total)  
      Name         (Volts)    (Coul/mic.)   (A/micron)   (A/micron)   (A/micron)
 --------------  -----------  -----------  -----------  -----------  -----------
 S                0.0000E+00   6.5252E-17  -2.1656E-05  -5.3483E-16  -2.1656E-05
 G                1.0000E+00  -9.1425E-17   0.0000E+00   0.0000E+00   0.0000E+00
 D                5.8000E+00  -5.8789E-17   2.2945E-05  -1.4870E-10   2.2945E-05
 B                0.0000E+00  -3.5497E-18  -3.5482E-17  -1.2895E-06  -1.2895E-06
 
 Absolute convergence criterion met for Poisson
 Absolute convergence criterion met for continuity
 Total cpu time for bias point =    0.00 minutes
 Total cpu time =    0.07 minutes


 Solution for Bias:

   V(S)               =  0.0000000E+00     V(G)               =  1.0000000E+00
   V(D)               =  5.9000000E+00     V(B)               =  0.0000000E+00


 Projection used to find initial guess

 norm   iter    v-error     n-error     p-error     iiter
  XR      1    0.0000E+00  9.9277E-03  3.6322E-02     0
  XR      2    0.0000E+00  9.1439E-07  1.1046E-04     0
  XR      3*   0.0000E+00  0.0000E+00  0.0000E+00     0

   Electrode       Voltage       Flux      I(Electron)    I(Hole)     I(Total)  
      Name         (Volts)    (Coul/mic.)   (A/micron)   (A/micron)   (A/micron)
 --------------  -----------  -----------  -----------  -----------  -----------
 S                0.0000E+00   6.5252E-17  -2.2024E-05  -6.4790E-16  -2.2024E-05
 G                1.0000E+00  -1.1094E-16   0.0000E+00   0.0000E+00   0.0000E+00
 D                5.9000E+00  -6.0931E-17   2.3434E-05  -1.5056E-10   2.3434E-05
 B                0.0000E+00  -3.8843E-18  -3.6756E-17  -1.4104E-06  -1.4104E-06
 
 Absolute convergence criterion met for Poisson
 Absolute convergence criterion met for continuity
 Total cpu time for bias point =    0.00 minutes
 Total cpu time =    0.07 minutes


 Solution for Bias:

   V(S)               =  0.0000000E+00     V(G)               =  1.0000000E+00
   V(D)               =  6.0000000E+00     V(B)               =  0.0000000E+00


 Projection used to find initial guess

 norm   iter    v-error     n-error     p-error     iiter
  XR      1    0.0000E+00  8.8377E-03  2.8475E-02     0
  XR      2    0.0000E+00  1.2040E-06  1.0285E-04     0
  XR      3*   0.0000E+00  0.0000E+00  0.0000E+00     0

   Electrode       Voltage       Flux      I(Electron)    I(Hole)     I(Total)  
      Name         (Volts)    (Coul/mic.)   (A/micron)   (A/micron)   (A/micron)
 --------------  -----------  -----------  -----------  -----------  -----------
 S                0.0000E+00   6.5252E-17  -2.2404E-05  -7.8790E-16  -2.2404E-05
 G                1.0000E+00  -1.3049E-16   0.0000E+00   0.0000E+00   0.0000E+00
 D                6.0000E+00  -6.3072E-17   2.3945E-05  -1.5308E-10   2.3945E-05
 B                0.0000E+00  -4.2471E-18  -3.8144E-17  -1.5412E-06  -1.5412E-06
 
 Absolute convergence criterion met for Poisson
 Absolute convergence criterion met for continuity
 Total cpu time for bias point =    0.00 minutes
 Total cpu time =    0.07 minutes


 Solution for Bias:

   V(S)               =  0.0000000E+00     V(G)               =  1.0000000E+00
   V(D)               =  6.0000000E+00     V(B)               =  0.0000000E+00


 Previous solution used as initial guess

 norm   iter    v-error     n-error     p-error     iiter
  XR      1    0.0000E+00  0.0000E+00  0.0000E+00     0

   Electrode       Voltage       Flux      I(Electron)    I(Hole)     I(Total)  
      Name         (Volts)    (Coul/mic.)   (A/micron)   (A/micron)   (A/micron)
 --------------  -----------  -----------  -----------  -----------  -----------
 S                0.0000E+00   6.5252E-17  -2.2404E-05  -7.8790E-16  -2.2404E-05
 G                1.0000E+00  -1.3049E-16   0.0000E+00   0.0000E+00   0.0000E+00
 D                6.0000E+00  -6.3072E-17   2.3945E-05  -1.5308E-10   2.3945E-05
 B                0.0000E+00  -4.2471E-18  -3.8144E-17  -1.5412E-06  -1.5412E-06
 
 Absolute convergence criterion met for Poisson
 Absolute convergence criterion met for continuity
 Total cpu time for bias point =    0.00 minutes
 Total cpu time =    0.07 minutes

 Solution written to iv


 *** END MEDICI ***


 TOTAL CPU TIME =    0.07 minutes
