1


        ****************************************************************
        ***                       MEDICI (TM)                        ***
        ***                   Version D-2010.03-0                    ***
        ***                   System K (PC: Linux)                   ***
        ***                 Copyright (C) 1991-2010                  ***
        ***                      Synopsys, Inc.                      ***
        ***                                                          ***
        ***   This software and the associated documentation are     ***
        ***   confidential and proprietary to Synopsys, Inc.  Your   ***
        ***   use or disclosure of this software is subject to the   ***
        ***   terms and conditions of a written license agreement    ***
        ***   between you, or your company, and Synopsys, Inc.       ***
        ***                                                          ***
        ***         MEDICI is a trademark of Synopsys, Inc.          ***
        ****************************************************************

                              23-Nov-2020 00:04:24


     Statements input from file output1



   1... mesh in.f=grid.mesh

   2... model conmob fldmob srh impact.i
   3... symb newton carr=2
   4... method autonr stack=20 itlimit=10

   5... contact name=G n.poly

   6... solve
   7... solve elec=S V(S)=0
   8... solve elec=G V(G)=0.8
   9... solve elec=B V(B)=0

  10... solve elec=D V(D) vstep=0.1 nstep=60

  11... solve out.f=iv


 **************************** Program Configuration ****************************
 *                                                                             *
 * Programmable Device AAM  :       available for use                          *
 * Circuit Analysis AAM     :       available for use                          *
 * Lattice Temperature AAM  :       available for use                          *
 * Heterojunction Device AAM:       available for use                          *
 * Trapped Charge AAM       :       available for use                          *
 * Anisotropic Material AAM :       available for use                          *
 * Optical Device AAM       :       available for use                          *
 *                                                                             *
 * Maximum Nodes Available  :   20000                                          *
 * Configuration Parameter  :   20000                                          *
 *                                                                             *
 * Approximate Number of Nodes Available for:                                  *
 *   2-carrier solutions    :   20000                                          *
 *   2-carrier + lat. temp. :   11454                                          *
 *                                                                             *
 *******************************************************************************

 Grid read from grid.mesh
 Date code = 23-Nov-2020 00:04:03

 Mesh statistics (rectangular) :
     Total grid points =   907
     Total number of triangles =  1702
     Obtuse triangles in semiconductors =    20  ( 1.2%)
     Obtuse triangles in insul. & cond. =    18  ( 1.1%)

    Region     Material      X-min        X-max        Y-min        Y-max
     Name        Type      (microns)    (microns)    (microns)    (microns)
 ------------  --------    ---------    ---------    ---------    ---------
 psub          Silicon        0.0000       3.0000       0.0400       3.0400
 sio           Oxide          0.8750       2.1250       0.0000       0.0400
 S             Electrod       0.0000       0.8750       0.0000       0.0400
 D             Electrod       2.1250       3.0000       0.0000       0.0400

  Electrode     Number       X-min        X-max        Y-min        Y-max
     Name      of Nodes    (microns)    (microns)    (microns)    (microns)
 ------------  --------    ---------    ---------    ---------    ---------
 S                47          0.0000       0.8750       0.0000       0.0400
 G                 9          1.0000       2.0000       0.0000       0.0000
 D                47          2.1250       3.0000       0.0000       0.0400
 B                25          0.0000       3.0000       3.0400       3.0400


 Solution for Bias:

   V(S)               =  0.0000000E+00     V(G)               =  0.0000000E+00
   V(D)               =  0.0000000E+00     V(B)               =  0.0000000E+00


 Initial solution

 norm   iter    v-error     n-error     p-error     iiter
  XR      1    1.3908E+01  7.0605E+00  1.3908E+01     0
  XR      2    1.2982E+01  1.1370E+00  1.7436E+01     0
  XR      3    8.7830E+00  1.6389E+00  1.4767E+02     0
  XR      4    1.6503E+00  3.2956E+00  1.6743E+02     0
  XR      5    2.7633E-02  3.0929E-01  7.1558E+01     0
  XR      6    0.0000E+00  1.1113E-02  9.6877E-01     0
  XR      7    0.0000E+00  6.0670E-06  2.3493E-03     0
  XR      8*   0.0000E+00  0.0000E+00  0.0000E+00     0

   Electrode       Voltage       Flux      I(Electron)    I(Hole)     I(Total)  
      Name         (Volts)    (Coul/mic.)   (A/micron)   (A/micron)   (A/micron)
 --------------  -----------  -----------  -----------  -----------  -----------
 S                0.0000E+00   4.4093E-17   4.4292E-26   4.8947E-31   4.4292E-26
 G                0.0000E+00   3.6699E-16   0.0000E+00   0.0000E+00   0.0000E+00
 D                0.0000E+00   4.4093E-17   4.6911E-26   4.8946E-31   4.6912E-26
 B                0.0000E+00  -2.1178E-31  -3.4517E-30  -9.1193E-26  -9.1196E-26
 
 Absolute convergence criterion met for Poisson
 Absolute convergence criterion met for continuity
 Total cpu time for bias point =    0.00 minutes
 Total cpu time =    0.02 minutes


 Solution for Bias:

   V(S)               =  0.0000000E+00     V(G)               =  0.0000000E+00
   V(D)               =  0.0000000E+00     V(B)               =  0.0000000E+00


 Previous solution used as initial guess

 norm   iter    v-error     n-error     p-error     iiter
  XR      1    0.0000E+00  0.0000E+00  0.0000E+00     0

   Electrode       Voltage       Flux      I(Electron)    I(Hole)     I(Total)  
      Name         (Volts)    (Coul/mic.)   (A/micron)   (A/micron)   (A/micron)
 --------------  -----------  -----------  -----------  -----------  -----------
 S                0.0000E+00   4.4093E-17   1.4730E-30  -2.5489E-35   1.4730E-30
 G                0.0000E+00   3.6699E-16   0.0000E+00   0.0000E+00   0.0000E+00
 D                0.0000E+00   4.4093E-17  -2.5010E-30  -4.8175E-35  -2.5010E-30
 B                0.0000E+00  -1.9259E-31  -8.1262E-34  -1.2670E-31  -1.2751E-31
 
 Absolute convergence criterion met for Poisson
 Absolute convergence criterion met for continuity
 Total cpu time for bias point =    0.00 minutes
 Total cpu time =    0.03 minutes


 Solution for Bias:

   V(S)               =  0.0000000E+00     V(G)               =  8.0000000E-01
   V(D)               =  0.0000000E+00     V(B)               =  0.0000000E+00


 Previous solution used as initial guess

 norm   iter    v-error     n-error     p-error     iiter
  XR      1    1.7399E+01  1.5809E+01  1.5017E+01     0
  XR      2    3.7079E+00  8.5135E+03  3.2267E+00     0
  XR      3    3.1891E-01  1.7760E+01  1.0379E+00     0
  XR      4    7.2092E-01  4.2814E-01  9.5055E-01     0
  XR      5    0.0000E+00  1.2812E-01  3.4665E-01     0
  XR      6*   0.0000E+00  6.5627E-03  1.2675E-02     0
  XR      7    0.0000E+00  1.0728E-03  1.6204E-03     0
  XR      8*   0.0000E+00  8.2641E-07  1.7642E-06     0
  XR      9    0.0000E+00  0.0000E+00  0.0000E+00     0

   Electrode       Voltage       Flux      I(Electron)    I(Hole)     I(Total)  
      Name         (Volts)    (Coul/mic.)   (A/micron)   (A/micron)   (A/micron)
 --------------  -----------  -----------  -----------  -----------  -----------
 S                0.0000E+00   6.1046E-17   5.6877E-22  -9.9183E-37   5.6877E-22
 G                8.0000E-01   9.1672E-16   0.0000E+00   0.0000E+00   0.0000E+00
 D                0.0000E+00   6.1046E-17  -5.6877E-22  -1.0068E-36  -5.6877E-22
 B                0.0000E+00  -1.8059E-31   1.6718E-33  -2.1183E-31  -2.1016E-31
 
 Absolute convergence criterion met for Poisson
 Absolute convergence criterion met for continuity
 Total cpu time for bias point =    0.00 minutes
 Total cpu time =    0.03 minutes


 Solution for Bias:

   V(S)               =  0.0000000E+00     V(G)               =  8.0000000E-01
   V(D)               =  0.0000000E+00     V(B)               =  0.0000000E+00


 Previous solution used as initial guess

 norm   iter    v-error     n-error     p-error     iiter
  XR      1    0.0000E+00  0.0000E+00  0.0000E+00     0

   Electrode       Voltage       Flux      I(Electron)    I(Hole)     I(Total)  
      Name         (Volts)    (Coul/mic.)   (A/micron)   (A/micron)   (A/micron)
 --------------  -----------  -----------  -----------  -----------  -----------
 S                0.0000E+00   6.1046E-17  -2.4457E-27  -1.6587E-37  -2.4457E-27
 G                8.0000E-01   9.1672E-16   0.0000E+00   0.0000E+00   0.0000E+00
 D                0.0000E+00   6.1046E-17   2.4465E-27  -8.2476E-39   2.4465E-27
 B                0.0000E+00  -1.8539E-31   5.2688E-34  -4.6534E-32  -4.6007E-32
 
 Absolute convergence criterion met for Poisson
 Absolute convergence criterion met for continuity
 Total cpu time for bias point =    0.00 minutes
 Total cpu time =    0.03 minutes


 Solution for Bias:

   V(S)               =  0.0000000E+00     V(G)               =  8.0000000E-01
   V(D)               =  0.0000000E+00     V(B)               =  0.0000000E+00


 Previous solution used as initial guess

 norm   iter    v-error     n-error     p-error     iiter
  XR      1    0.0000E+00  0.0000E+00  0.0000E+00     0

   Electrode       Voltage       Flux      I(Electron)    I(Hole)     I(Total)  
      Name         (Volts)    (Coul/mic.)   (A/micron)   (A/micron)   (A/micron)
 --------------  -----------  -----------  -----------  -----------  -----------
 S                0.0000E+00   6.1046E-17   3.1662E-29  -1.2717E-38   3.1662E-29
 G                8.0000E-01   9.1672E-16   0.0000E+00   0.0000E+00   0.0000E+00
 D                0.0000E+00   6.1046E-17  -3.0619E-29   4.0285E-38  -3.0619E-29
 B                0.0000E+00  -1.7820E-31  -1.8847E-33  -9.5737E-32  -9.7621E-32
 
 Absolute convergence criterion met for Poisson
 Absolute convergence criterion met for continuity
 Total cpu time for bias point =    0.00 minutes
 Total cpu time =    0.03 minutes


 Solution for Bias:

   V(S)               =  0.0000000E+00     V(G)               =  8.0000000E-01
   V(D)               =  1.0000000E-01     V(B)               =  0.0000000E+00


 Previous solution used as initial guess

 norm   iter    v-error     n-error     p-error     iiter
  XR      1    3.6140E+00  1.5695E+00  2.7444E+00     0
  XR      2    0.0000E+00  8.1654E+00  9.9300E-01     0
  XR      3    0.0000E+00  7.6642E-02  1.7212E-01     0
  XR      4*   0.0000E+00  4.9227E-04  7.2015E-04     0
  XR      5*   0.0000E+00  3.7620E-06  6.8754E-06     0
  XR      6    0.0000E+00  0.0000E+00  0.0000E+00     0

   Electrode       Voltage       Flux      I(Electron)    I(Hole)     I(Total)  
      Name         (Volts)    (Coul/mic.)   (A/micron)   (A/micron)   (A/micron)
 --------------  -----------  -----------  -----------  -----------  -----------
 S                0.0000E+00   6.1046E-17  -1.4436E-06  -1.4729E-29  -1.4436E-06
 G                8.0000E-01   8.7579E-16   0.0000E+00   0.0000E+00   0.0000E+00
 D                1.0000E-01   5.8935E-17   1.4436E-06   4.0814E-22   1.4436E-06
 B                0.0000E+00  -2.8570E-27  -1.3001E-17  -1.0382E-15  -1.0512E-15
 
 Absolute convergence criterion met for Poisson
 Absolute convergence criterion met for continuity
 Total cpu time for bias point =    0.00 minutes
 Total cpu time =    0.03 minutes


 Solution for Bias:

   V(S)               =  0.0000000E+00     V(G)               =  8.0000000E-01
   V(D)               =  2.0000000E-01     V(B)               =  0.0000000E+00


 Projection used to find initial guess

 norm   iter    v-error     n-error     p-error     iiter
  XR      1    0.0000E+00  1.4563E-01  2.8368E-01     0
  XR      2    0.0000E+00  3.7896E-02  3.8395E-02     0
  XR      3*   0.0000E+00  5.5116E-05  2.3613E-05     0
  XR      4*   0.0000E+00  5.6088E-08  0.0000E+00     0

   Electrode       Voltage       Flux      I(Electron)    I(Hole)     I(Total)  
      Name         (Volts)    (Coul/mic.)   (A/micron)   (A/micron)   (A/micron)
 --------------  -----------  -----------  -----------  -----------  -----------
 S                0.0000E+00   6.1046E-17  -2.1380E-06  -2.1458E-29  -2.1380E-06
 G                8.0000E-01   8.4234E-16   0.0000E+00   0.0000E+00   0.0000E+00
 D                2.0000E-01   5.6821E-17   2.1380E-06   4.1668E-22   2.1380E-06
 B                0.0000E+00  -4.2175E-27  -1.3660E-17  -1.5348E-15  -1.5485E-15
 
 Absolute convergence criterion met for Poisson
 Absolute convergence criterion met for continuity
 Total cpu time for bias point =    0.00 minutes
 Total cpu time =    0.03 minutes


 Solution for Bias:

   V(S)               =  0.0000000E+00     V(G)               =  8.0000000E-01
   V(D)               =  3.0000000E-01     V(B)               =  0.0000000E+00


 Projection used to find initial guess

 norm   iter    v-error     n-error     p-error     iiter
  XR      1    0.0000E+00  1.0083E+00  2.4622E-01     0
  XR      2    0.0000E+00  7.3529E-02  2.8518E-02     0
  XR      3*   0.0000E+00  1.2737E-04  8.3367E-06     0
  XR      4*   0.0000E+00  1.0115E-07  0.0000E+00     0

   Electrode       Voltage       Flux      I(Electron)    I(Hole)     I(Total)  
      Name         (Volts)    (Coul/mic.)   (A/micron)   (A/micron)   (A/micron)
 --------------  -----------  -----------  -----------  -----------  -----------
 S                0.0000E+00   6.1045E-17  -2.4635E-06  -2.4589E-29  -2.4635E-06
 G                8.0000E-01   8.1500E-16   0.0000E+00   0.0000E+00   0.0000E+00
 D                3.0000E-01   5.4702E-17   2.4635E-06   4.1685E-22   2.4635E-06
 B                0.0000E+00  -5.2365E-27  -1.3974E-17  -1.9068E-15  -1.9208E-15
 
 Absolute convergence criterion met for Poisson
 Absolute convergence criterion met for continuity
 Total cpu time for bias point =    0.00 minutes
 Total cpu time =    0.03 minutes


 Solution for Bias:

   V(S)               =  0.0000000E+00     V(G)               =  8.0000000E-01
   V(D)               =  4.0000000E-01     V(B)               =  0.0000000E+00


 Projection used to find initial guess

 norm   iter    v-error     n-error     p-error     iiter
  XR      1    0.0000E+00  7.0363E-01  1.5160E-01     0
  XR      2    0.0000E+00  3.1369E-02  1.0222E-02     0
  XR      3*   0.0000E+00  6.3773E-06  2.4845E-06     0

   Electrode       Voltage       Flux      I(Electron)    I(Hole)     I(Total)  
      Name         (Volts)    (Coul/mic.)   (A/micron)   (A/micron)   (A/micron)
 --------------  -----------  -----------  -----------  -----------  -----------
 S                0.0000E+00   6.1045E-17  -2.6734E-06  -2.6620E-29  -2.6734E-06
 G                8.0000E-01   7.9091E-16   0.0000E+00   0.0000E+00   0.0000E+00
 D                4.0000E-01   5.2578E-17   2.6734E-06  -5.3429E-22   2.6734E-06
 B                0.0000E+00  -6.1023E-27  -1.4256E-17  -2.2229E-15  -2.2372E-15
 
 Absolute convergence criterion met for Poisson
 Absolute convergence criterion met for continuity
 Total cpu time for bias point =    0.00 minutes
 Total cpu time =    0.03 minutes


 Solution for Bias:

   V(S)               =  0.0000000E+00     V(G)               =  8.0000000E-01
   V(D)               =  5.0000000E-01     V(B)               =  0.0000000E+00


 Projection used to find initial guess

 norm   iter    v-error     n-error     p-error     iiter
  XR      1    0.0000E+00  4.0129E-01  1.3737E-01     0
  XR      2    0.0000E+00  2.4155E-03  8.9604E-03     0
  XR      3*   0.0000E+00  4.0428E-06  7.5083E-07     0

   Electrode       Voltage       Flux      I(Electron)    I(Hole)     I(Total)  
      Name         (Volts)    (Coul/mic.)   (A/micron)   (A/micron)   (A/micron)
 --------------  -----------  -----------  -----------  -----------  -----------
 S                0.0000E+00   6.1045E-17  -2.8468E-06  -2.8879E-29  -2.8468E-06
 G                8.0000E-01   7.6836E-16   0.0000E+00   0.0000E+00   0.0000E+00
 D                5.0000E-01   5.0449E-17   2.8468E-06  -2.3123E-20   2.8468E-06
 B                0.0000E+00  -7.3560E-27  -1.4525E-17  -2.6807E-15  -2.6952E-15
 
 Absolute convergence criterion met for Poisson
 Absolute convergence criterion met for continuity
 Total cpu time for bias point =    0.00 minutes
 Total cpu time =    0.03 minutes


 Solution for Bias:

   V(S)               =  0.0000000E+00     V(G)               =  8.0000000E-01
   V(D)               =  6.0000000E-01     V(B)               =  0.0000000E+00


 Projection used to find initial guess

 norm   iter    v-error     n-error     p-error     iiter
  XR      1    0.0000E+00  1.9665E-01  1.0407E-01     0
  XR      2    0.0000E+00  6.4907E-03  4.9624E-03     0
  XR      3*   0.0000E+00  7.8602E-06  3.7948E-07     0

   Electrode       Voltage       Flux      I(Electron)    I(Hole)     I(Total)  
      Name         (Volts)    (Coul/mic.)   (A/micron)   (A/micron)   (A/micron)
 --------------  -----------  -----------  -----------  -----------  -----------
 S                0.0000E+00   6.1045E-17  -3.0049E-06  -3.4336E-29  -3.0049E-06
 G                8.0000E-01   7.4656E-16   0.0000E+00   0.0000E+00   0.0000E+00
 D                6.0000E-01   4.8318E-17   3.0049E-06  -8.3259E-20   3.0049E-06
 B                0.0000E+00  -9.2125E-27  -1.4784E-17  -3.3586E-15  -3.3734E-15
 
 Absolute convergence criterion met for Poisson
 Absolute convergence criterion met for continuity
 Total cpu time for bias point =    0.00 minutes
 Total cpu time =    0.03 minutes


 Solution for Bias:

   V(S)               =  0.0000000E+00     V(G)               =  8.0000000E-01
   V(D)               =  7.0000000E-01     V(B)               =  0.0000000E+00


 Projection used to find initial guess

 norm   iter    v-error     n-error     p-error     iiter
  XR      1    0.0000E+00  2.8757E-01  8.3415E-02     0
  XR      2    0.0000E+00  9.9424E-03  3.0535E-03     0
  XR      3*   0.0000E+00  1.3529E-05  5.9451E-07     0
  XR      4*   0.0000E+00  3.4769E-08  0.0000E+00     0

   Electrode       Voltage       Flux      I(Electron)    I(Hole)     I(Total)  
      Name         (Volts)    (Coul/mic.)   (A/micron)   (A/micron)   (A/micron)
 --------------  -----------  -----------  -----------  -----------  -----------
 S                0.0000E+00   6.1045E-17  -3.1514E-06  -5.8110E-29  -3.1514E-06
 G                8.0000E-01   7.2556E-16   0.0000E+00   0.0000E+00   0.0000E+00
 D                7.0000E-01   4.6184E-17   3.1514E-06  -2.8704E-19   3.1514E-06
 B                0.0000E+00  -1.1306E-26  -1.5035E-17  -4.1231E-15  -4.1381E-15
 
 Absolute convergence criterion met for Poisson
 Absolute convergence criterion met for continuity
 Total cpu time for bias point =    0.00 minutes
 Total cpu time =    0.03 minutes


 Solution for Bias:

   V(S)               =  0.0000000E+00     V(G)               =  8.0000000E-01
   V(D)               =  8.0000000E-01     V(B)               =  0.0000000E+00


 Projection used to find initial guess

 norm   iter    v-error     n-error     p-error     iiter
  XR      1    0.0000E+00  3.2006E-01  7.9570E-02     0
  XR      2    0.0000E+00  1.5922E-02  2.0690E-03     0
  XR      3*   0.0000E+00  9.9435E-06  1.3642E-07     0

   Electrode       Voltage       Flux      I(Electron)    I(Hole)     I(Total)  
      Name         (Volts)    (Coul/mic.)   (A/micron)   (A/micron)   (A/micron)
 --------------  -----------  -----------  -----------  -----------  -----------
 S                0.0000E+00   6.1045E-17  -3.2873E-06  -1.6341E-28  -3.2873E-06
 G                8.0000E-01   7.0553E-16   0.0000E+00   0.0000E+00   0.0000E+00
 D                8.0000E-01   4.4047E-17   3.2873E-06  -9.0825E-19   3.2873E-06
 B                0.0000E+00  -1.4844E-26  -1.5280E-17  -5.4151E-15  -5.4304E-15
 
 Absolute convergence criterion met for Poisson
 Absolute convergence criterion met for continuity
 Total cpu time for bias point =    0.00 minutes
 Total cpu time =    0.03 minutes


 Solution for Bias:

   V(S)               =  0.0000000E+00     V(G)               =  8.0000000E-01
   V(D)               =  9.0000000E-01     V(B)               =  0.0000000E+00


 Projection used to find initial guess

 norm   iter    v-error     n-error     p-error     iiter
  XR      1    0.0000E+00  1.9738E-01  9.3695E-02     0
  XR      2    0.0000E+00  6.0031E-03  3.1938E-03     0
  XR      3*   0.0000E+00  4.0027E-07  3.5645E-07     0

   Electrode       Voltage       Flux      I(Electron)    I(Hole)     I(Total)  
      Name         (Volts)    (Coul/mic.)   (A/micron)   (A/micron)   (A/micron)
 --------------  -----------  -----------  -----------  -----------  -----------
 S                0.0000E+00   6.1045E-17  -3.4155E-06  -5.7376E-28  -3.4155E-06
 G                8.0000E-01   6.8633E-16   0.0000E+00   0.0000E+00   0.0000E+00
 D                9.0000E-01   4.1906E-17   3.4155E-06  -2.6689E-18   3.4155E-06
 B                0.0000E+00  -2.3024E-26  -1.5521E-17  -8.4029E-15  -8.4184E-15
 
 Absolute convergence criterion met for Poisson
 Absolute convergence criterion met for continuity
 Total cpu time for bias point =    0.00 minutes
 Total cpu time =    0.03 minutes


 Solution for Bias:

   V(S)               =  0.0000000E+00     V(G)               =  8.0000000E-01
   V(D)               =  1.0000000E+00     V(B)               =  0.0000000E+00


 Projection used to find initial guess

 norm   iter    v-error     n-error     p-error     iiter
  XR      1    0.0000E+00  3.0108E-01  1.0103E-01     0
  XR      2    0.0000E+00  1.1150E-03  4.2481E-03     0
  XR      3*   0.0000E+00  0.0000E+00  4.2638E-07     0

   Electrode       Voltage       Flux      I(Electron)    I(Hole)     I(Total)  
      Name         (Volts)    (Coul/mic.)   (A/micron)   (A/micron)   (A/micron)
 --------------  -----------  -----------  -----------  -----------  -----------
 S                0.0000E+00   6.1045E-17  -3.5398E-06  -2.1275E-27  -3.5398E-06
 G                8.0000E-01   6.6757E-16   0.0000E+00   0.0000E+00   0.0000E+00
 D                1.0000E+00   3.9764E-17   3.5398E-06  -8.4577E-18   3.5398E-06
 B                0.0000E+00  -4.4595E-26  -1.5758E-17  -1.6281E-14  -1.6297E-14
 
 Absolute convergence criterion met for Poisson
 Absolute convergence criterion met for continuity
 Total cpu time for bias point =    0.00 minutes
 Total cpu time =    0.03 minutes


 Solution for Bias:

   V(S)               =  0.0000000E+00     V(G)               =  8.0000000E-01
   V(D)               =  1.1000000E+00     V(B)               =  0.0000000E+00


 Projection used to find initial guess

 norm   iter    v-error     n-error     p-error     iiter
  XR      1    0.0000E+00  1.6288E-01  9.4957E-02     0
  XR      2    0.0000E+00  2.1076E-04  4.0175E-03     0
  XR      3*   0.0000E+00  0.0000E+00  1.9502E-07     0

   Electrode       Voltage       Flux      I(Electron)    I(Hole)     I(Total)  
      Name         (Volts)    (Coul/mic.)   (A/micron)   (A/micron)   (A/micron)
 --------------  -----------  -----------  -----------  -----------  -----------
 S                0.0000E+00   6.1045E-17  -3.6626E-06  -8.6245E-27  -3.6626E-06
 G                8.0000E-01   6.4896E-16   0.0000E+00   0.0000E+00   0.0000E+00
 D                1.1000E+00   3.7621E-17   3.6626E-06  -3.4930E-17   3.6626E-06
 B                0.0000E+00  -1.1002E-25  -1.5991E-17  -4.0178E-14  -4.0194E-14
 
 Absolute convergence criterion met for Poisson
 Absolute convergence criterion met for continuity
 Total cpu time for bias point =    0.00 minutes
 Total cpu time =    0.04 minutes


 Solution for Bias:

   V(S)               =  0.0000000E+00     V(G)               =  8.0000000E-01
   V(D)               =  1.2000000E+00     V(B)               =  0.0000000E+00


 Projection used to find initial guess

 norm   iter    v-error     n-error     p-error     iiter
  XR      1    0.0000E+00  5.3623E-02  7.8573E-02     0
  XR      2    0.0000E+00  9.0272E-05  2.7355E-03     0
  XR      3*   0.0000E+00  0.0000E+00  0.0000E+00     0

   Electrode       Voltage       Flux      I(Electron)    I(Hole)     I(Total)  
      Name         (Volts)    (Coul/mic.)   (A/micron)   (A/micron)   (A/micron)
 --------------  -----------  -----------  -----------  -----------  -----------
 S                0.0000E+00   6.1045E-17  -3.7851E-06  -3.8922E-26  -3.7851E-06
 G                8.0000E-01   6.3041E-16   0.0000E+00   0.0000E+00   0.0000E+00
 D                1.2000E+00   3.5478E-17   3.7851E-06  -1.6911E-16   3.7851E-06
 B                0.0000E+00  -3.3652E-25  -1.6221E-17  -1.2290E-13  -1.2292E-13
 
 Absolute convergence criterion met for Poisson
 Absolute convergence criterion met for continuity
 Total cpu time for bias point =    0.00 minutes
 Total cpu time =    0.04 minutes


 Solution for Bias:

   V(S)               =  0.0000000E+00     V(G)               =  8.0000000E-01
   V(D)               =  1.3000000E+00     V(B)               =  0.0000000E+00


 Projection used to find initial guess

 norm   iter    v-error     n-error     p-error     iiter
  XR      1    0.0000E+00  1.4776E-02  6.5462E-02     0
  XR      2    0.0000E+00  6.9434E-05  1.8433E-03     0
  XR      3*   0.0000E+00  0.0000E+00  0.0000E+00     0

   Electrode       Voltage       Flux      I(Electron)    I(Hole)     I(Total)  
      Name         (Volts)    (Coul/mic.)   (A/micron)   (A/micron)   (A/micron)
 --------------  -----------  -----------  -----------  -----------  -----------
 S                0.0000E+00   6.1045E-17  -3.9080E-06  -1.7873E-25  -3.9080E-06
 G                8.0000E-01   6.1187E-16   0.0000E+00   0.0000E+00   0.0000E+00
 D                1.3000E+00   3.3335E-17   3.9080E-06  -7.6167E-16   3.9080E-06
 B                0.0000E+00  -1.1378E-24  -1.6447E-17  -4.1557E-13  -4.1559E-13
 
 Absolute convergence criterion met for Poisson
 Absolute convergence criterion met for continuity
 Total cpu time for bias point =    0.00 minutes
 Total cpu time =    0.04 minutes


 Solution for Bias:

   V(S)               =  0.0000000E+00     V(G)               =  8.0000000E-01
   V(D)               =  1.4000000E+00     V(B)               =  0.0000000E+00


 Projection used to find initial guess

 norm   iter    v-error     n-error     p-error     iiter
  XR      1    0.0000E+00  9.2033E-03  5.6678E-02     0
  XR      2    0.0000E+00  6.5227E-05  1.3387E-03     0
  XR      3*   0.0000E+00  0.0000E+00  0.0000E+00     0

   Electrode       Voltage       Flux      I(Electron)    I(Hole)     I(Total)  
      Name         (Volts)    (Coul/mic.)   (A/micron)   (A/micron)   (A/micron)
 --------------  -----------  -----------  -----------  -----------  -----------
 S                0.0000E+00   6.1045E-17  -4.0316E-06  -7.5954E-25  -4.0316E-06
 G                8.0000E-01   5.9332E-16   0.0000E+00   0.0000E+00   0.0000E+00
 D                1.4000E+00   3.1192E-17   4.0316E-06  -2.9177E-15   4.0316E-06
 B                0.0000E+00  -3.7597E-24  -1.6670E-17  -1.3732E-12  -1.3732E-12
 
 Absolute convergence criterion met for Poisson
 Absolute convergence criterion met for continuity
 Total cpu time for bias point =    0.00 minutes
 Total cpu time =    0.04 minutes


 Solution for Bias:

   V(S)               =  0.0000000E+00     V(G)               =  8.0000000E-01
   V(D)               =  1.5000000E+00     V(B)               =  0.0000000E+00


 Projection used to find initial guess

 norm   iter    v-error     n-error     p-error     iiter
  XR      1    0.0000E+00  1.4764E-02  5.5697E-02     0
  XR      2    0.0000E+00  6.9704E-05  1.0483E-03     0
  XR      3*   0.0000E+00  0.0000E+00  0.0000E+00     0

   Electrode       Voltage       Flux      I(Electron)    I(Hole)     I(Total)  
      Name         (Volts)    (Coul/mic.)   (A/micron)   (A/micron)   (A/micron)
 --------------  -----------  -----------  -----------  -----------  -----------
 S                0.0000E+00   6.1045E-17  -4.1561E-06  -2.8624E-24  -4.1561E-06
 G                8.0000E-01   5.7476E-16   0.0000E+00   0.0000E+00   0.0000E+00
 D                1.5000E+00   2.9050E-17   4.1561E-06  -9.4781E-15   4.1561E-06
 B                0.0000E+00  -1.1395E-23  -1.6891E-17  -4.1619E-12  -4.1620E-12
 
 Absolute convergence criterion met for Poisson
 Absolute convergence criterion met for continuity
 Total cpu time for bias point =    0.00 minutes
 Total cpu time =    0.04 minutes


 Solution for Bias:

   V(S)               =  0.0000000E+00     V(G)               =  8.0000000E-01
   V(D)               =  1.6000000E+00     V(B)               =  0.0000000E+00


 Projection used to find initial guess

 norm   iter    v-error     n-error     p-error     iiter
  XR      1    0.0000E+00  1.9919E-02  6.3927E-02     0
  XR      2    0.0000E+00  7.4614E-05  1.3927E-03     0
  XR      3*   0.0000E+00  0.0000E+00  0.0000E+00     0

   Electrode       Voltage       Flux      I(Electron)    I(Hole)     I(Total)  
      Name         (Volts)    (Coul/mic.)   (A/micron)   (A/micron)   (A/micron)
 --------------  -----------  -----------  -----------  -----------  -----------
 S                0.0000E+00   6.1045E-17  -4.2818E-06  -9.5523E-24  -4.2818E-06
 G                8.0000E-01   5.5618E-16   0.0000E+00   0.0000E+00   0.0000E+00
 D                1.6000E+00   2.6907E-17   4.2818E-06  -2.6634E-14   4.2818E-06
 B                0.0000E+00  -3.1161E-23  -1.7110E-17  -1.1381E-11  -1.1381E-11
 
 Absolute convergence criterion met for Poisson
 Absolute convergence criterion met for continuity
 Total cpu time for bias point =    0.00 minutes
 Total cpu time =    0.04 minutes


 Solution for Bias:

   V(S)               =  0.0000000E+00     V(G)               =  8.0000000E-01
   V(D)               =  1.7000000E+00     V(B)               =  0.0000000E+00


 Projection used to find initial guess

 norm   iter    v-error     n-error     p-error     iiter
  XR      1    0.0000E+00  2.3566E-02  8.4575E-02     0
  XR      2    0.0000E+00  7.2999E-05  1.8519E-03     0
  XR      3*   0.0000E+00  0.0000E+00  0.0000E+00     0

   Electrode       Voltage       Flux      I(Electron)    I(Hole)     I(Total)  
      Name         (Volts)    (Coul/mic.)   (A/micron)   (A/micron)   (A/micron)
 --------------  -----------  -----------  -----------  -----------  -----------
 S                0.0000E+00   6.1045E-17  -4.4089E-06  -2.8577E-23  -4.4089E-06
 G                8.0000E-01   5.3757E-16   0.0000E+00   0.0000E+00   0.0000E+00
 D                1.7000E+00   2.4764E-17   4.4089E-06  -6.6152E-14   4.4089E-06
 B                0.0000E+00  -7.7180E-23  -1.7328E-17  -2.8189E-11  -2.8189E-11
 
 Absolute convergence criterion met for Poisson
 Absolute convergence criterion met for continuity
 Total cpu time for bias point =    0.00 minutes
 Total cpu time =    0.04 minutes


 Solution for Bias:

   V(S)               =  0.0000000E+00     V(G)               =  8.0000000E-01
   V(D)               =  1.8000000E+00     V(B)               =  0.0000000E+00


 Projection used to find initial guess

 norm   iter    v-error     n-error     p-error     iiter
  XR      1    0.0000E+00  2.4909E-02  1.5882E-01     0
  XR      2    0.0000E+00  3.3113E-06  1.9914E-03     0
  XR      3*   0.0000E+00  0.0000E+00  0.0000E+00     0

   Electrode       Voltage       Flux      I(Electron)    I(Hole)     I(Total)  
      Name         (Volts)    (Coul/mic.)   (A/micron)   (A/micron)   (A/micron)
 --------------  -----------  -----------  -----------  -----------  -----------
 S                0.0000E+00   6.1045E-17  -4.5373E-06  -7.7637E-23  -4.5373E-06
 G                8.0000E-01   5.1894E-16   0.0000E+00   0.0000E+00   0.0000E+00
 D                1.8000E+00   2.2622E-17   4.5374E-06  -1.4790E-13   4.5374E-06
 B                0.0000E+00  -1.7471E-22  -1.7544E-17  -6.3813E-11  -6.3813E-11
 
 Absolute convergence criterion met for Poisson
 Absolute convergence criterion met for continuity
 Total cpu time for bias point =    0.00 minutes
 Total cpu time =    0.04 minutes


 Solution for Bias:

   V(S)               =  0.0000000E+00     V(G)               =  8.0000000E-01
   V(D)               =  1.9000000E+00     V(B)               =  0.0000000E+00


 Projection used to find initial guess

 norm   iter    v-error     n-error     p-error     iiter
  XR      1    0.0000E+00  2.1473E-02  2.2555E-01     0
  XR      2    0.0000E+00  9.9223E-05  1.6858E-03     0
  XR      3*   0.0000E+00  0.0000E+00  0.0000E+00     0

   Electrode       Voltage       Flux      I(Electron)    I(Hole)     I(Total)  
      Name         (Volts)    (Coul/mic.)   (A/micron)   (A/micron)   (A/micron)
 --------------  -----------  -----------  -----------  -----------  -----------
 S                0.0000E+00   6.1045E-17  -4.6674E-06  -1.9358E-22  -4.6674E-06
 G                8.0000E-01   5.0027E-16   0.0000E+00   0.0000E+00   0.0000E+00
 D                1.9000E+00   2.0479E-17   4.6675E-06  -3.0189E-13   4.6675E-06
 B                0.0000E+00  -3.6431E-22  -1.7758E-17  -1.3306E-10  -1.3306E-10
 
 Absolute convergence criterion met for Poisson
 Absolute convergence criterion met for continuity
 Total cpu time for bias point =    0.00 minutes
 Total cpu time =    0.04 minutes


 Solution for Bias:

   V(S)               =  0.0000000E+00     V(G)               =  8.0000000E-01
   V(D)               =  2.0000000E+00     V(B)               =  0.0000000E+00


 Projection used to find initial guess

 norm   iter    v-error     n-error     p-error     iiter
  XR      1    0.0000E+00  2.2591E-02  3.5161E-01     0
  XR      2    0.0000E+00  8.9543E-05  1.2334E-03     0
  XR      3*   0.0000E+00  0.0000E+00  0.0000E+00     0

   Electrode       Voltage       Flux      I(Electron)    I(Hole)     I(Total)  
      Name         (Volts)    (Coul/mic.)   (A/micron)   (A/micron)   (A/micron)
 --------------  -----------  -----------  -----------  -----------  -----------
 S                0.0000E+00   6.1045E-17  -4.7990E-06  -4.4652E-22  -4.7990E-06
 G                8.0000E-01   4.8156E-16   0.0000E+00   0.0000E+00   0.0000E+00
 D                2.0000E+00   1.8337E-17   4.7993E-06  -5.6867E-13   4.7993E-06
 B                0.0000E+00  -7.0389E-22  -1.7971E-17  -2.5709E-10  -2.5709E-10
 
 Absolute convergence criterion met for Poisson
 Absolute convergence criterion met for continuity
 Total cpu time for bias point =    0.00 minutes
 Total cpu time =    0.04 minutes


 Solution for Bias:

   V(S)               =  0.0000000E+00     V(G)               =  8.0000000E-01
   V(D)               =  2.1000000E+00     V(B)               =  0.0000000E+00


 Projection used to find initial guess

 norm   iter    v-error     n-error     p-error     iiter
  XR      1    0.0000E+00  2.5062E-02  2.3738E-01     0
  XR      2    0.0000E+00  5.8118E-05  9.4595E-04     0
  XR      3*   0.0000E+00  0.0000E+00  0.0000E+00     0

   Electrode       Voltage       Flux      I(Electron)    I(Hole)     I(Total)  
      Name         (Volts)    (Coul/mic.)   (A/micron)   (A/micron)   (A/micron)
 --------------  -----------  -----------  -----------  -----------  -----------
 S                0.0000E+00   6.1044E-17  -4.9324E-06  -9.5983E-22  -4.9324E-06
 G                8.0000E-01   4.6282E-16   0.0000E+00   0.0000E+00   0.0000E+00
 D                2.1000E+00   1.6194E-17   4.9328E-06  -9.9717E-13   4.9328E-06
 B                0.0000E+00  -1.2683E-21  -1.8182E-17  -4.6326E-10  -4.6326E-10
 
 Absolute convergence criterion met for Poisson
 Absolute convergence criterion met for continuity
 Total cpu time for bias point =    0.00 minutes
 Total cpu time =    0.04 minutes


 Solution for Bias:

   V(S)               =  0.0000000E+00     V(G)               =  8.0000000E-01
   V(D)               =  2.2000000E+00     V(B)               =  0.0000000E+00


 Projection used to find initial guess

 norm   iter    v-error     n-error     p-error     iiter
  XR      1    0.0000E+00  2.4476E-02  1.8781E-01     0
  XR      2    0.0000E+00  3.4314E-05  7.4519E-04     0
  XR      3*   0.0000E+00  0.0000E+00  0.0000E+00     0

   Electrode       Voltage       Flux      I(Electron)    I(Hole)     I(Total)  
      Name         (Volts)    (Coul/mic.)   (A/micron)   (A/micron)   (A/micron)
 --------------  -----------  -----------  -----------  -----------  -----------
 S                0.0000E+00   6.1044E-17  -5.0675E-06  -1.9386E-21  -5.0675E-06
 G                8.0000E-01   4.4406E-16   0.0000E+00   0.0000E+00   0.0000E+00
 D                2.2000E+00   1.4052E-17   5.0683E-06  -1.6403E-12   5.0683E-06
 B                0.0000E+00  -2.1477E-21  -1.8392E-17  -7.8443E-10  -7.8443E-10
 
 Absolute convergence criterion met for Poisson
 Absolute convergence criterion met for continuity
 Total cpu time for bias point =    0.00 minutes
 Total cpu time =    0.04 minutes


 Solution for Bias:

   V(S)               =  0.0000000E+00     V(G)               =  8.0000000E-01
   V(D)               =  2.3000000E+00     V(B)               =  0.0000000E+00


 Projection used to find initial guess

 norm   iter    v-error     n-error     p-error     iiter
  XR      1    0.0000E+00  2.1263E-02  2.9956E-01     0
  XR      2    0.0000E+00  9.3341E-06  5.9878E-04     0
  XR      3*   0.0000E+00  0.0000E+00  0.0000E+00     0

   Electrode       Voltage       Flux      I(Electron)    I(Hole)     I(Total)  
      Name         (Volts)    (Coul/mic.)   (A/micron)   (A/micron)   (A/micron)
 --------------  -----------  -----------  -----------  -----------  -----------
 S                0.0000E+00   6.1044E-17  -5.2045E-06  -3.7118E-21  -5.2045E-06
 G                8.0000E-01   4.2527E-16   0.0000E+00   0.0000E+00   0.0000E+00
 D                2.3000E+00   1.1910E-17   5.2057E-06  -2.5493E-12   5.2057E-06
 B                0.0000E+00  -3.4450E-21  -1.8601E-17  -1.2583E-09  -1.2583E-09
 
 Absolute convergence criterion met for Poisson
 Absolute convergence criterion met for continuity
 Total cpu time for bias point =    0.00 minutes
 Total cpu time =    0.04 minutes


 Solution for Bias:

   V(S)               =  0.0000000E+00     V(G)               =  8.0000000E-01
   V(D)               =  2.4000000E+00     V(B)               =  0.0000000E+00


 Projection used to find initial guess

 norm   iter    v-error     n-error     p-error     iiter
  XR      1    0.0000E+00  2.6327E-02  2.5301E-01     0
  XR      2    0.0000E+00  1.6727E-05  5.6196E-04     0
  XR      3*   0.0000E+00  0.0000E+00  0.0000E+00     0

   Electrode       Voltage       Flux      I(Electron)    I(Hole)     I(Total)  
      Name         (Volts)    (Coul/mic.)   (A/micron)   (A/micron)   (A/micron)
 --------------  -----------  -----------  -----------  -----------  -----------
 S                0.0000E+00   6.1044E-17  -5.3434E-06  -6.7709E-21  -5.3434E-06
 G                8.0000E-01   4.0646E-16   0.0000E+00   0.0000E+00   0.0000E+00
 D                2.4000E+00   9.7676E-18   5.3453E-06  -3.7683E-12   5.3453E-06
 B                0.0000E+00  -5.2802E-21  -1.8811E-17  -1.9286E-09  -1.9286E-09
 
 Absolute convergence criterion met for Poisson
 Absolute convergence criterion met for continuity
 Total cpu time for bias point =    0.00 minutes
 Total cpu time =    0.04 minutes


 Solution for Bias:

   V(S)               =  0.0000000E+00     V(G)               =  8.0000000E-01
   V(D)               =  2.5000000E+00     V(B)               =  0.0000000E+00


 Projection used to find initial guess

 norm   iter    v-error     n-error     p-error     iiter
  XR      1    0.0000E+00  2.7443E-02  2.1348E-01     0
  XR      2    0.0000E+00  2.6144E-05  7.6944E-04     0
  XR      3*   0.0000E+00  0.0000E+00  0.0000E+00     0

   Electrode       Voltage       Flux      I(Electron)    I(Hole)     I(Total)  
      Name         (Volts)    (Coul/mic.)   (A/micron)   (A/micron)   (A/micron)
 --------------  -----------  -----------  -----------  -----------  -----------
 S                0.0000E+00   6.1044E-17  -5.4844E-06  -1.1805E-20  -5.4844E-06
 G                8.0000E-01   3.8764E-16   0.0000E+00   0.0000E+00   0.0000E+00
 D                2.5000E+00   7.6254E-18   5.4872E-06  -5.3283E-12   5.4872E-06
 B                0.0000E+00  -7.8011E-21  -1.9022E-17  -2.8493E-09  -2.8493E-09
 
 Absolute convergence criterion met for Poisson
 Absolute convergence criterion met for continuity
 Total cpu time for bias point =    0.00 minutes
 Total cpu time =    0.04 minutes


 Solution for Bias:

   V(S)               =  0.0000000E+00     V(G)               =  8.0000000E-01
   V(D)               =  2.6000000E+00     V(B)               =  0.0000000E+00


 Projection used to find initial guess

 norm   iter    v-error     n-error     p-error     iiter
  XR      1    0.0000E+00  2.5679E-02  2.1690E-01     0
  XR      2    0.0000E+00  1.7538E-05  9.3843E-04     0
  XR      3*   0.0000E+00  0.0000E+00  0.0000E+00     0

   Electrode       Voltage       Flux      I(Electron)    I(Hole)     I(Total)  
      Name         (Volts)    (Coul/mic.)   (A/micron)   (A/micron)   (A/micron)
 --------------  -----------  -----------  -----------  -----------  -----------
 S                0.0000E+00   6.1044E-17  -5.6275E-06  -1.9821E-20  -5.6275E-06
 G                8.0000E-01   3.6881E-16   0.0000E+00   0.0000E+00   0.0000E+00
 D                2.6000E+00   5.4831E-18   5.6315E-06  -7.2380E-12   5.6315E-06
 B                0.0000E+00  -1.1188E-20  -1.9233E-17  -4.0862E-09  -4.0862E-09
 
 Absolute convergence criterion met for Poisson
 Absolute convergence criterion met for continuity
 Total cpu time for bias point =    0.00 minutes
 Total cpu time =    0.04 minutes


 Solution for Bias:

   V(S)               =  0.0000000E+00     V(G)               =  8.0000000E-01
   V(D)               =  2.7000000E+00     V(B)               =  0.0000000E+00


 Projection used to find initial guess

 norm   iter    v-error     n-error     p-error     iiter
  XR      1    0.0000E+00  2.2467E-02  1.2700E-01     0
  XR      2    0.0000E+00  6.5038E-06  9.8188E-04     0
  XR      3*   0.0000E+00  0.0000E+00  0.0000E+00     0

   Electrode       Voltage       Flux      I(Electron)    I(Hole)     I(Total)  
      Name         (Volts)    (Coul/mic.)   (A/micron)   (A/micron)   (A/micron)
 --------------  -----------  -----------  -----------  -----------  -----------
 S                0.0000E+00   6.1044E-17  -5.7727E-06  -3.2204E-20  -5.7727E-06
 G                8.0000E-01   3.4997E-16   0.0000E+00   0.0000E+00   0.0000E+00
 D                2.7000E+00   3.3409E-18   5.7785E-06  -9.4678E-12   5.7785E-06
 B                0.0000E+00  -1.5638E-20  -1.9447E-17  -5.7115E-09  -5.7115E-09
 
 Absolute convergence criterion met for Poisson
 Absolute convergence criterion met for continuity
 Total cpu time for bias point =    0.00 minutes
 Total cpu time =    0.04 minutes


 Solution for Bias:

   V(S)               =  0.0000000E+00     V(G)               =  8.0000000E-01
   V(D)               =  2.8000000E+00     V(B)               =  0.0000000E+00


 Projection used to find initial guess

 norm   iter    v-error     n-error     p-error     iiter
  XR      1    0.0000E+00  2.5106E-02  1.1591E-01     0
  XR      2    0.0000E+00  2.1180E-07  8.7093E-04     0
  XR      3*   0.0000E+00  0.0000E+00  0.0000E+00     0

   Electrode       Voltage       Flux      I(Electron)    I(Hole)     I(Total)  
      Name         (Volts)    (Coul/mic.)   (A/micron)   (A/micron)   (A/micron)
 --------------  -----------  -----------  -----------  -----------  -----------
 S                0.0000E+00   6.1044E-17  -5.9203E-06  -5.0746E-20  -5.9203E-06
 G                8.0000E-01   3.3112E-16   0.0000E+00   0.0000E+00   0.0000E+00
 D                2.8000E+00   1.1986E-18   5.9281E-06  -1.1929E-11   5.9281E-06
 B                0.0000E+00  -2.1338E-20  -1.9662E-17  -7.7934E-09  -7.7934E-09
 
 Absolute convergence criterion met for Poisson
 Absolute convergence criterion met for continuity
 Total cpu time for bias point =    0.00 minutes
 Total cpu time =    0.05 minutes


 Solution for Bias:

   V(S)               =  0.0000000E+00     V(G)               =  8.0000000E-01
   V(D)               =  2.9000000E+00     V(B)               =  0.0000000E+00


 Projection used to find initial guess

 norm   iter    v-error     n-error     p-error     iiter
  XR      1    0.0000E+00  2.3927E-02  1.2484E-01     0
  XR      2    0.0000E+00  3.0621E-07  6.9699E-04     0
  XR      3*   0.0000E+00  0.0000E+00  0.0000E+00     0

   Electrode       Voltage       Flux      I(Electron)    I(Hole)     I(Total)  
      Name         (Volts)    (Coul/mic.)   (A/micron)   (A/micron)   (A/micron)
 --------------  -----------  -----------  -----------  -----------  -----------
 S                0.0000E+00   6.1044E-17  -6.0701E-06  -7.7644E-20  -6.0701E-06
 G                8.0000E-01   3.1225E-16   0.0000E+00   0.0000E+00   0.0000E+00
 D                2.9000E+00  -9.4375E-19   6.0805E-06  -1.4458E-11   6.0805E-06
 B                0.0000E+00  -2.8435E-20  -1.9879E-17  -1.0385E-08  -1.0385E-08
 
 Absolute convergence criterion met for Poisson
 Absolute convergence criterion met for continuity
 Total cpu time for bias point =    0.00 minutes
 Total cpu time =    0.05 minutes


 Solution for Bias:

   V(S)               =  0.0000000E+00     V(G)               =  8.0000000E-01
   V(D)               =  3.0000000E+00     V(B)               =  0.0000000E+00


 Projection used to find initial guess

 norm   iter    v-error     n-error     p-error     iiter
  XR      1    0.0000E+00  2.0074E-02  1.7167E-01     0
  XR      2    0.0000E+00  0.0000E+00  5.6498E-04     0
  XR      3*   0.0000E+00  0.0000E+00  0.0000E+00     0

   Electrode       Voltage       Flux      I(Electron)    I(Hole)     I(Total)  
      Name         (Volts)    (Coul/mic.)   (A/micron)   (A/micron)   (A/micron)
 --------------  -----------  -----------  -----------  -----------  -----------
 S                0.0000E+00   6.1044E-17  -6.2223E-06  -1.1551E-19  -6.2223E-06
 G                8.0000E-01   2.9337E-16   0.0000E+00   0.0000E+00   0.0000E+00
 D                3.0000E+00  -3.0861E-18   6.2358E-06  -1.6822E-11   6.2358E-06
 B                0.0000E+00  -3.7024E-20  -2.0099E-17  -1.3522E-08  -1.3522E-08
 
 Absolute convergence criterion met for Poisson
 Absolute convergence criterion met for continuity
 Total cpu time for bias point =    0.00 minutes
 Total cpu time =    0.05 minutes


 Solution for Bias:

   V(S)               =  0.0000000E+00     V(G)               =  8.0000000E-01
   V(D)               =  3.1000000E+00     V(B)               =  0.0000000E+00


 Projection used to find initial guess

 norm   iter    v-error     n-error     p-error     iiter
  XR      1    0.0000E+00  1.5446E-02  1.7217E-01     0
  XR      2    0.0000E+00  0.0000E+00  4.6903E-04     0
  XR      3*   0.0000E+00  0.0000E+00  0.0000E+00     0

   Electrode       Voltage       Flux      I(Electron)    I(Hole)     I(Total)  
      Name         (Volts)    (Coul/mic.)   (A/micron)   (A/micron)   (A/micron)
 --------------  -----------  -----------  -----------  -----------  -----------
 S                0.0000E+00   6.1044E-17  -6.3768E-06  -1.6746E-19  -6.3768E-06
 G                8.0000E-01   2.7448E-16   0.0000E+00   0.0000E+00   0.0000E+00
 D                3.1000E+00  -5.2284E-18   6.3940E-06  -1.8767E-11   6.3940E-06
 B                0.0000E+00  -4.7162E-20  -2.0321E-17  -1.7224E-08  -1.7224E-08
 
 Absolute convergence criterion met for Poisson
 Absolute convergence criterion met for continuity
 Total cpu time for bias point =    0.00 minutes
 Total cpu time =    0.05 minutes


 Solution for Bias:

   V(S)               =  0.0000000E+00     V(G)               =  8.0000000E-01
   V(D)               =  3.2000000E+00     V(B)               =  0.0000000E+00


 Projection used to find initial guess

 norm   iter    v-error     n-error     p-error     iiter
  XR      1    0.0000E+00  1.3032E-02  1.2113E-01     0
  XR      2    0.0000E+00  0.0000E+00  3.8645E-04     0
  XR      3*   0.0000E+00  0.0000E+00  0.0000E+00     0

   Electrode       Voltage       Flux      I(Electron)    I(Hole)     I(Total)  
      Name         (Volts)    (Coul/mic.)   (A/micron)   (A/micron)   (A/micron)
 --------------  -----------  -----------  -----------  -----------  -----------
 S                0.0000E+00   6.1044E-17  -6.5336E-06  -2.3752E-19  -6.5336E-06
 G                8.0000E-01   2.5557E-16   0.0000E+00   0.0000E+00   0.0000E+00
 D                3.2000E+00  -7.3707E-18   6.5552E-06  -2.0131E-11   6.5552E-06
 B                0.0000E+00  -5.8936E-20  -2.0546E-17  -2.1524E-08  -2.1524E-08
 
 Absolute convergence criterion met for Poisson
 Absolute convergence criterion met for continuity
 Total cpu time for bias point =    0.00 minutes
 Total cpu time =    0.05 minutes


 Solution for Bias:

   V(S)               =  0.0000000E+00     V(G)               =  8.0000000E-01
   V(D)               =  3.3000000E+00     V(B)               =  0.0000000E+00


 Projection used to find initial guess

 norm   iter    v-error     n-error     p-error     iiter
  XR      1    0.0000E+00  1.2733E-02  1.1800E-01     0
  XR      2    0.0000E+00  0.0000E+00  3.3987E-04     0
  XR      3*   0.0000E+00  0.0000E+00  0.0000E+00     0

   Electrode       Voltage       Flux      I(Electron)    I(Hole)     I(Total)  
      Name         (Volts)    (Coul/mic.)   (A/micron)   (A/micron)   (A/micron)
 --------------  -----------  -----------  -----------  -----------  -----------
 S                0.0000E+00   6.1044E-17  -6.6929E-06  -3.3129E-19  -6.6929E-06
 G                8.0000E-01   2.3665E-16   0.0000E+00   0.0000E+00   0.0000E+00
 D                3.3000E+00  -9.5130E-18   6.7194E-06  -2.0972E-11   6.7194E-06
 B                0.0000E+00  -7.2564E-20  -2.0775E-17  -2.6501E-08  -2.6501E-08
 
 Absolute convergence criterion met for Poisson
 Absolute convergence criterion met for continuity
 Total cpu time for bias point =    0.00 minutes
 Total cpu time =    0.05 minutes


 Solution for Bias:

   V(S)               =  0.0000000E+00     V(G)               =  8.0000000E-01
   V(D)               =  3.4000000E+00     V(B)               =  0.0000000E+00


 Projection used to find initial guess

 norm   iter    v-error     n-error     p-error     iiter
  XR      1    0.0000E+00  1.2359E-02  1.6966E-01     0
  XR      2    0.0000E+00  0.0000E+00  2.8804E-04     0
  XR      3*   0.0000E+00  0.0000E+00  0.0000E+00     0

   Electrode       Voltage       Flux      I(Electron)    I(Hole)     I(Total)  
      Name         (Volts)    (Coul/mic.)   (A/micron)   (A/micron)   (A/micron)
 --------------  -----------  -----------  -----------  -----------  -----------
 S                0.0000E+00   6.1044E-17  -6.8546E-06  -4.5771E-19  -6.8546E-06
 G                8.0000E-01   2.1771E-16   0.0000E+00   0.0000E+00   0.0000E+00
 D                3.4000E+00  -1.1655E-17   6.8869E-06  -2.1630E-11   6.8869E-06
 B                0.0000E+00  -8.8475E-20  -2.1009E-17  -3.2311E-08  -3.2311E-08
 
 Absolute convergence criterion met for Poisson
 Absolute convergence criterion met for continuity
 Total cpu time for bias point =    0.00 minutes
 Total cpu time =    0.05 minutes


 Solution for Bias:

   V(S)               =  0.0000000E+00     V(G)               =  8.0000000E-01
   V(D)               =  3.5000000E+00     V(B)               =  0.0000000E+00


 Projection used to find initial guess

 norm   iter    v-error     n-error     p-error     iiter
  XR      1    0.0000E+00  1.1695E-02  1.6598E-01     0
  XR      2    0.0000E+00  0.0000E+00  3.7262E-04     0
  XR      3*   0.0000E+00  0.0000E+00  0.0000E+00     0

   Electrode       Voltage       Flux      I(Electron)    I(Hole)     I(Total)  
      Name         (Volts)    (Coul/mic.)   (A/micron)   (A/micron)   (A/micron)
 --------------  -----------  -----------  -----------  -----------  -----------
 S                0.0000E+00   6.1044E-17  -7.0189E-06  -6.3032E-19  -7.0189E-06
 G                8.0000E-01   1.9874E-16   0.0000E+00   0.0000E+00   0.0000E+00
 D                3.5000E+00  -1.3798E-17   7.0580E-06  -2.2596E-11   7.0580E-06
 B                0.0000E+00  -1.0724E-19  -2.1249E-17  -3.9163E-08  -3.9163E-08
 
 Absolute convergence criterion met for Poisson
 Absolute convergence criterion met for continuity
 Total cpu time for bias point =    0.00 minutes
 Total cpu time =    0.05 minutes


 Solution for Bias:

   V(S)               =  0.0000000E+00     V(G)               =  8.0000000E-01
   V(D)               =  3.6000000E+00     V(B)               =  0.0000000E+00


 Projection used to find initial guess

 norm   iter    v-error     n-error     p-error     iiter
  XR      1    0.0000E+00  1.0719E-02  1.1235E-01     0
  XR      2    0.0000E+00  0.0000E+00  4.5699E-04     0
  XR      3*   0.0000E+00  0.0000E+00  0.0000E+00     0

   Electrode       Voltage       Flux      I(Electron)    I(Hole)     I(Total)  
      Name         (Volts)    (Coul/mic.)   (A/micron)   (A/micron)   (A/micron)
 --------------  -----------  -----------  -----------  -----------  -----------
 S                0.0000E+00   6.1044E-17  -7.1858E-06  -8.6767E-19  -7.1858E-06
 G                8.0000E-01   1.7975E-16   0.0000E+00   0.0000E+00   0.0000E+00
 D                3.6000E+00  -1.5940E-17   7.2331E-06  -2.4269E-11   7.2331E-06
 B                0.0000E+00  -1.2939E-19  -2.1497E-17  -4.7250E-08  -4.7250E-08
 
 Absolute convergence criterion met for Poisson
 Absolute convergence criterion met for continuity
 Total cpu time for bias point =    0.00 minutes
 Total cpu time =    0.05 minutes


 Solution for Bias:

   V(S)               =  0.0000000E+00     V(G)               =  8.0000000E-01
   V(D)               =  3.7000000E+00     V(B)               =  0.0000000E+00


 Projection used to find initial guess

 norm   iter    v-error     n-error     p-error     iiter
  XR      1    0.0000E+00  1.5879E-02  7.9971E-02     0
  XR      2    0.0000E+00  0.0000E+00  5.0713E-04     0
  XR      3*   0.0000E+00  0.0000E+00  0.0000E+00     0

   Electrode       Voltage       Flux      I(Electron)    I(Hole)     I(Total)  
      Name         (Volts)    (Coul/mic.)   (A/micron)   (A/micron)   (A/micron)
 --------------  -----------  -----------  -----------  -----------  -----------
 S                0.0000E+00   6.1044E-17  -7.3556E-06  -1.1943E-18  -7.3556E-06
 G                8.0000E-01   1.6074E-16   0.0000E+00   0.0000E+00   0.0000E+00
 D                3.7000E+00  -1.8082E-17   7.4123E-06  -2.6762E-11   7.4123E-06
 B                0.0000E+00  -1.5525E-19  -2.1755E-17  -5.6689E-08  -5.6689E-08
 
 Absolute convergence criterion met for Poisson
 Absolute convergence criterion met for continuity
 Total cpu time for bias point =    0.00 minutes
 Total cpu time =    0.05 minutes


 Solution for Bias:

   V(S)               =  0.0000000E+00     V(G)               =  8.0000000E-01
   V(D)               =  3.8000000E+00     V(B)               =  0.0000000E+00


 Projection used to find initial guess

 norm   iter    v-error     n-error     p-error     iiter
  XR      1    0.0000E+00  2.2200E-02  8.9663E-02     0
  XR      2    0.0000E+00  0.0000E+00  5.0143E-04     0
  XR      3*   0.0000E+00  0.0000E+00  0.0000E+00     0

   Electrode       Voltage       Flux      I(Electron)    I(Hole)     I(Total)  
      Name         (Volts)    (Coul/mic.)   (A/micron)   (A/micron)   (A/micron)
 --------------  -----------  -----------  -----------  -----------  -----------
 S                0.0000E+00   6.1044E-17  -7.5280E-06  -1.6316E-18  -7.5280E-06
 G                8.0000E-01   1.4168E-16   0.0000E+00   0.0000E+00   0.0000E+00
 D                3.8000E+00  -2.0224E-17   7.5956E-06  -2.9929E-11   7.5956E-06
 B                0.0000E+00  -1.8492E-19  -2.2021E-17  -6.7523E-08  -6.7523E-08
 
 Absolute convergence criterion met for Poisson
 Absolute convergence criterion met for continuity
 Total cpu time for bias point =    0.00 minutes
 Total cpu time =    0.05 minutes


 Solution for Bias:

   V(S)               =  0.0000000E+00     V(G)               =  8.0000000E-01
   V(D)               =  3.9000000E+00     V(B)               =  0.0000000E+00


 Projection used to find initial guess

 norm   iter    v-error     n-error     p-error     iiter
  XR      1    0.0000E+00  2.9019E-02  9.7567E-02     0
  XR      2    0.0000E+00  1.0007E-04  4.4219E-04     0
  XR      3*   0.0000E+00  0.0000E+00  0.0000E+00     0

   Electrode       Voltage       Flux      I(Electron)    I(Hole)     I(Total)  
      Name         (Volts)    (Coul/mic.)   (A/micron)   (A/micron)   (A/micron)
 --------------  -----------  -----------  -----------  -----------  -----------
 S                0.0000E+00   6.1043E-17  -7.7031E-06  -2.2064E-18  -7.7031E-06
 G                8.0000E-01   1.2259E-16   0.0000E+00   0.0000E+00   0.0000E+00
 D                3.9000E+00  -2.2366E-17   7.7829E-06  -3.3496E-11   7.7829E-06
 B                0.0000E+00  -2.1840E-19  -2.2296E-17  -7.9744E-08  -7.9744E-08
 
 Absolute convergence criterion met for Poisson
 Absolute convergence criterion met for continuity
 Total cpu time for bias point =    0.00 minutes
 Total cpu time =    0.05 minutes


 Solution for Bias:

   V(S)               =  0.0000000E+00     V(G)               =  8.0000000E-01
   V(D)               =  4.0000000E+00     V(B)               =  0.0000000E+00


 Projection used to find initial guess

 norm   iter    v-error     n-error     p-error     iiter
  XR      1    0.0000E+00  3.5129E-02  1.0774E-01     0
  XR      2    0.0000E+00  1.3721E-04  3.7434E-04     0
  XR      3*   0.0000E+00  0.0000E+00  0.0000E+00     0

   Electrode       Voltage       Flux      I(Electron)    I(Hole)     I(Total)  
      Name         (Volts)    (Coul/mic.)   (A/micron)   (A/micron)   (A/micron)
 --------------  -----------  -----------  -----------  -----------  -----------
 S                0.0000E+00   6.1043E-17  -7.8808E-06  -2.9471E-18  -7.8808E-06
 G                8.0000E-01   1.0346E-16   0.0000E+00   0.0000E+00   0.0000E+00
 D                4.0000E+00  -2.4508E-17   7.9741E-06  -3.7171E-11   7.9741E-06
 B                0.0000E+00  -2.5562E-19  -2.2580E-17  -9.3328E-08  -9.3328E-08
 
 Absolute convergence criterion met for Poisson
 Absolute convergence criterion met for continuity
 Total cpu time for bias point =    0.00 minutes
 Total cpu time =    0.05 minutes


 Solution for Bias:

   V(S)               =  0.0000000E+00     V(G)               =  8.0000000E-01
   V(D)               =  4.1000000E+00     V(B)               =  0.0000000E+00


 Projection used to find initial guess

 norm   iter    v-error     n-error     p-error     iiter
  XR      1    0.0000E+00  3.9253E-02  1.3723E-01     0
  XR      2    0.0000E+00  1.4798E-04  3.1937E-04     0
  XR      3*   0.0000E+00  0.0000E+00  0.0000E+00     0

   Electrode       Voltage       Flux      I(Electron)    I(Hole)     I(Total)  
      Name         (Volts)    (Coul/mic.)   (A/micron)   (A/micron)   (A/micron)
 --------------  -----------  -----------  -----------  -----------  -----------
 S                0.0000E+00   6.1043E-17  -8.0609E-06  -3.8831E-18  -8.0609E-06
 G                8.0000E-01   8.4276E-17   0.0000E+00   0.0000E+00   0.0000E+00
 D                4.1000E+00  -2.6650E-17   8.1692E-06  -4.0681E-11   8.1691E-06
 B                0.0000E+00  -2.9649E-19  -2.2873E-17  -1.0824E-07  -1.0824E-07
 
 Absolute convergence criterion met for Poisson
 Absolute convergence criterion met for continuity
 Total cpu time for bias point =    0.00 minutes
 Total cpu time =    0.05 minutes


 Solution for Bias:

   V(S)               =  0.0000000E+00     V(G)               =  8.0000000E-01
   V(D)               =  4.2000000E+00     V(B)               =  0.0000000E+00


 Projection used to find initial guess

 norm   iter    v-error     n-error     p-error     iiter
  XR      1    0.0000E+00  4.0679E-02  1.3087E-01     0
  XR      2    0.0000E+00  1.2576E-04  2.7013E-04     0
  XR      3*   0.0000E+00  0.0000E+00  0.0000E+00     0

   Electrode       Voltage       Flux      I(Electron)    I(Hole)     I(Total)  
      Name         (Volts)    (Coul/mic.)   (A/micron)   (A/micron)   (A/micron)
 --------------  -----------  -----------  -----------  -----------  -----------
 S                0.0000E+00   6.1043E-17  -8.2434E-06  -5.0440E-18  -8.2434E-06
 G                8.0000E-01   6.5051E-17   0.0000E+00   0.0000E+00   0.0000E+00
 D                4.2000E+00  -2.8792E-17   8.3679E-06  -4.3785E-11   8.3678E-06
 B                0.0000E+00  -3.4093E-19  -2.3175E-17  -1.2446E-07  -1.2446E-07
 
 Absolute convergence criterion met for Poisson
 Absolute convergence criterion met for continuity
 Total cpu time for bias point =    0.00 minutes
 Total cpu time =    0.05 minutes


 Solution for Bias:

   V(S)               =  0.0000000E+00     V(G)               =  8.0000000E-01
   V(D)               =  4.3000000E+00     V(B)               =  0.0000000E+00


 Projection used to find initial guess

 norm   iter    v-error     n-error     p-error     iiter
  XR      1    0.0000E+00  3.9565E-02  9.1187E-02     0
  XR      2    0.0000E+00  8.4793E-05  2.4020E-04     0
  XR      3*   0.0000E+00  0.0000E+00  0.0000E+00     0

   Electrode       Voltage       Flux      I(Electron)    I(Hole)     I(Total)  
      Name         (Volts)    (Coul/mic.)   (A/micron)   (A/micron)   (A/micron)
 --------------  -----------  -----------  -----------  -----------  -----------
 S                0.0000E+00   6.1043E-17  -8.4282E-06  -6.4612E-18  -8.4282E-06
 G                8.0000E-01   4.5787E-17   0.0000E+00   0.0000E+00   0.0000E+00
 D                4.3000E+00  -3.0934E-17   8.5702E-06  -4.6291E-11   8.5702E-06
 B                0.0000E+00  -3.8887E-19  -2.3486E-17  -1.4195E-07  -1.4195E-07
 
 Absolute convergence criterion met for Poisson
 Absolute convergence criterion met for continuity
 Total cpu time for bias point =    0.00 minutes
 Total cpu time =    0.05 minutes


 Solution for Bias:

   V(S)               =  0.0000000E+00     V(G)               =  8.0000000E-01
   V(D)               =  4.4000000E+00     V(B)               =  0.0000000E+00


 Projection used to find initial guess

 norm   iter    v-error     n-error     p-error     iiter
  XR      1    0.0000E+00  3.6676E-02  9.5966E-02     0
  XR      2    0.0000E+00  4.4898E-05  2.0503E-04     0
  XR      3*   0.0000E+00  0.0000E+00  0.0000E+00     0

   Electrode       Voltage       Flux      I(Electron)    I(Hole)     I(Total)  
      Name         (Volts)    (Coul/mic.)   (A/micron)   (A/micron)   (A/micron)
 --------------  -----------  -----------  -----------  -----------  -----------
 S                0.0000E+00   6.1043E-17  -8.6155E-06  -8.1708E-18  -8.6155E-06
 G                8.0000E-01   2.6493E-17   0.0000E+00   0.0000E+00   0.0000E+00
 D                4.4000E+00  -3.3076E-17   8.7763E-06  -4.8072E-11   8.7763E-06
 B                0.0000E+00  -4.4037E-19  -2.3806E-17  -1.6074E-07  -1.6074E-07
 
 Absolute convergence criterion met for Poisson
 Absolute convergence criterion met for continuity
 Total cpu time for bias point =    0.00 minutes
 Total cpu time =    0.06 minutes


 Solution for Bias:

   V(S)               =  0.0000000E+00     V(G)               =  8.0000000E-01
   V(D)               =  4.5000000E+00     V(B)               =  0.0000000E+00


 Projection used to find initial guess

 norm   iter    v-error     n-error     p-error     iiter
  XR      1    0.0000E+00  3.2945E-02  1.0686E-01     0
  XR      2    0.0000E+00  1.7644E-05  1.8938E-04     0
  XR      3*   0.0000E+00  0.0000E+00  0.0000E+00     0

   Electrode       Voltage       Flux      I(Electron)    I(Hole)     I(Total)  
      Name         (Volts)    (Coul/mic.)   (A/micron)   (A/micron)   (A/micron)
 --------------  -----------  -----------  -----------  -----------  -----------
 S                0.0000E+00   6.1043E-17  -8.8055E-06  -1.0296E-17  -8.8055E-06
 G                8.0000E-01   7.1743E-18   0.0000E+00   0.0000E+00   0.0000E+00
 D                4.5000E+00  -3.5218E-17   8.9864E-06  -4.9094E-11   8.9864E-06
 B                0.0000E+00  -4.9566E-19  -2.4136E-17  -1.8090E-07  -1.8090E-07
 
 Absolute convergence criterion met for Poisson
 Absolute convergence criterion met for continuity
 Total cpu time for bias point =    0.00 minutes
 Total cpu time =    0.06 minutes


 Solution for Bias:

   V(S)               =  0.0000000E+00     V(G)               =  8.0000000E-01
   V(D)               =  4.6000000E+00     V(B)               =  0.0000000E+00


 Projection used to find initial guess

 norm   iter    v-error     n-error     p-error     iiter
  XR      1    0.0000E+00  2.8887E-02  9.3091E-02     0
  XR      2    0.0000E+00  1.1585E-10  1.7024E-04     0
  XR      3*   0.0000E+00  0.0000E+00  0.0000E+00     0

   Electrode       Voltage       Flux      I(Electron)    I(Hole)     I(Total)  
      Name         (Volts)    (Coul/mic.)   (A/micron)   (A/micron)   (A/micron)
 --------------  -----------  -----------  -----------  -----------  -----------
 S                0.0000E+00   6.1043E-17  -8.9982E-06  -1.2826E-17  -8.9982E-06
 G                8.0000E-01  -1.2159E-17   0.0000E+00   0.0000E+00   0.0000E+00
 D                4.6000E+00  -3.7360E-17   9.2009E-06  -4.9422E-11   9.2008E-06
 B                0.0000E+00  -5.5523E-19  -2.4479E-17  -2.0263E-07  -2.0263E-07
 
 Absolute convergence criterion met for Poisson
 Absolute convergence criterion met for continuity
 Total cpu time for bias point =    0.00 minutes
 Total cpu time =    0.06 minutes


 Solution for Bias:

   V(S)               =  0.0000000E+00     V(G)               =  8.0000000E-01
   V(D)               =  4.7000000E+00     V(B)               =  0.0000000E+00


 Projection used to find initial guess

 norm   iter    v-error     n-error     p-error     iiter
  XR      1    0.0000E+00  2.5026E-02  6.5455E-02     0
  XR      2    0.0000E+00  2.2696E-06  2.0077E-04     0
  XR      3*   0.0000E+00  0.0000E+00  0.0000E+00     0

   Electrode       Voltage       Flux      I(Electron)    I(Hole)     I(Total)  
      Name         (Volts)    (Coul/mic.)   (A/micron)   (A/micron)   (A/micron)
 --------------  -----------  -----------  -----------  -----------  -----------
 S                0.0000E+00   6.1043E-17  -9.1939E-06  -1.5797E-17  -9.1939E-06
 G                8.0000E-01  -3.1502E-17   0.0000E+00   0.0000E+00   0.0000E+00
 D                4.7000E+00  -3.9502E-17   9.4201E-06  -4.9211E-11   9.4201E-06
 B                0.0000E+00  -6.1989E-19  -2.4836E-17  -2.2620E-07  -2.2620E-07
 
 Absolute convergence criterion met for Poisson
 Absolute convergence criterion met for continuity
 Total cpu time for bias point =    0.00 minutes
 Total cpu time =    0.06 minutes


 Solution for Bias:

   V(S)               =  0.0000000E+00     V(G)               =  8.0000000E-01
   V(D)               =  4.8000000E+00     V(B)               =  0.0000000E+00


 Projection used to find initial guess

 norm   iter    v-error     n-error     p-error     iiter
  XR      1    0.0000E+00  2.1483E-02  5.7727E-02     0
  XR      2    0.0000E+00  2.0553E-06  2.4118E-04     0
  XR      3*   0.0000E+00  0.0000E+00  0.0000E+00     0

   Electrode       Voltage       Flux      I(Electron)    I(Hole)     I(Total)  
      Name         (Volts)    (Coul/mic.)   (A/micron)   (A/micron)   (A/micron)
 --------------  -----------  -----------  -----------  -----------  -----------
 S                0.0000E+00   6.1043E-17  -9.3929E-06  -1.9312E-17  -9.3929E-06
 G                8.0000E-01  -5.0848E-17   0.0000E+00   0.0000E+00   0.0000E+00
 D                4.8000E+00  -4.1644E-17   9.6450E-06  -4.8680E-11   9.6449E-06
 B                0.0000E+00  -6.9067E-19  -2.5210E-17  -2.5200E-07  -2.5200E-07
 
 Absolute convergence criterion met for Poisson
 Absolute convergence criterion met for continuity
 Total cpu time for bias point =    0.00 minutes
 Total cpu time =    0.06 minutes


 Solution for Bias:

   V(S)               =  0.0000000E+00     V(G)               =  8.0000000E-01
   V(D)               =  4.9000000E+00     V(B)               =  0.0000000E+00


 Projection used to find initial guess

 norm   iter    v-error     n-error     p-error     iiter
  XR      1    0.0000E+00  1.8270E-02  5.2744E-02     0
  XR      2    0.0000E+00  1.9074E-10  2.7016E-04     0
  XR      3*   0.0000E+00  0.0000E+00  0.0000E+00     0

   Electrode       Voltage       Flux      I(Electron)    I(Hole)     I(Total)  
      Name         (Volts)    (Coul/mic.)   (A/micron)   (A/micron)   (A/micron)
 --------------  -----------  -----------  -----------  -----------  -----------
 S                0.0000E+00   6.1043E-17  -9.5958E-06  -2.3510E-17  -9.5958E-06
 G                8.0000E-01  -7.0196E-17   0.0000E+00   0.0000E+00   0.0000E+00
 D                4.9000E+00  -4.3786E-17   9.8763E-06  -4.8063E-11   9.8762E-06
 B                0.0000E+00  -7.6880E-19  -2.5605E-17  -2.8048E-07  -2.8048E-07
 
 Absolute convergence criterion met for Poisson
 Absolute convergence criterion met for continuity
 Total cpu time for bias point =    0.00 minutes
 Total cpu time =    0.06 minutes


 Solution for Bias:

   V(S)               =  0.0000000E+00     V(G)               =  8.0000000E-01
   V(D)               =  5.0000000E+00     V(B)               =  0.0000000E+00


 Projection used to find initial guess

 norm   iter    v-error     n-error     p-error     iiter
  XR      1    0.0000E+00  1.5714E-02  6.1494E-02     0
  XR      2    0.0000E+00  7.9787E-07  2.7900E-04     0
  XR      3*   0.0000E+00  0.0000E+00  0.0000E+00     0

   Electrode       Voltage       Flux      I(Electron)    I(Hole)     I(Total)  
      Name         (Volts)    (Coul/mic.)   (A/micron)   (A/micron)   (A/micron)
 --------------  -----------  -----------  -----------  -----------  -----------
 S                0.0000E+00   6.1043E-17  -9.8028E-06  -2.8576E-17  -9.8028E-06
 G                8.0000E-01  -8.9546E-17   0.0000E+00   0.0000E+00   0.0000E+00
 D                5.0000E+00  -4.5928E-17   1.0115E-05  -4.7569E-11   1.0115E-05
 B                0.0000E+00  -8.5550E-19  -2.6025E-17  -3.1206E-07  -3.1206E-07
 
 Absolute convergence criterion met for Poisson
 Absolute convergence criterion met for continuity
 Total cpu time for bias point =    0.00 minutes
 Total cpu time =    0.06 minutes


 Solution for Bias:

   V(S)               =  0.0000000E+00     V(G)               =  8.0000000E-01
   V(D)               =  5.1000000E+00     V(B)               =  0.0000000E+00


 Projection used to find initial guess

 norm   iter    v-error     n-error     p-error     iiter
  XR      1    0.0000E+00  1.3631E-02  6.4861E-02     0
  XR      2    0.0000E+00  2.9227E-06  2.6468E-04     0
  XR      3*   0.0000E+00  0.0000E+00  0.0000E+00     0

   Electrode       Voltage       Flux      I(Electron)    I(Hole)     I(Total)  
      Name         (Volts)    (Coul/mic.)   (A/micron)   (A/micron)   (A/micron)
 --------------  -----------  -----------  -----------  -----------  -----------
 S                0.0000E+00   6.1042E-17  -1.0014E-05  -3.4732E-17  -1.0014E-05
 G                8.0000E-01  -1.0890E-16   0.0000E+00   0.0000E+00   0.0000E+00
 D                5.1000E+00  -4.8070E-17   1.0362E-05  -4.7357E-11   1.0361E-05
 B                0.0000E+00  -9.5191E-19  -2.6473E-17  -3.4718E-07  -3.4718E-07
 
 Absolute convergence criterion met for Poisson
 Absolute convergence criterion met for continuity
 Total cpu time for bias point =    0.00 minutes
 Total cpu time =    0.06 minutes


 Solution for Bias:

   V(S)               =  0.0000000E+00     V(G)               =  8.0000000E-01
   V(D)               =  5.2000000E+00     V(B)               =  0.0000000E+00


 Projection used to find initial guess

 norm   iter    v-error     n-error     p-error     iiter
  XR      1    0.0000E+00  1.1659E-02  6.7357E-02     0
  XR      2    0.0000E+00  3.3274E-06  2.3483E-04     0
  XR      3*   0.0000E+00  0.0000E+00  0.0000E+00     0

   Electrode       Voltage       Flux      I(Electron)    I(Hole)     I(Total)  
      Name         (Volts)    (Coul/mic.)   (A/micron)   (A/micron)   (A/micron)
 --------------  -----------  -----------  -----------  -----------  -----------
 S                0.0000E+00   6.1042E-17  -1.0231E-05  -4.2272E-17  -1.0231E-05
 G                8.0000E-01  -1.2825E-16   0.0000E+00   0.0000E+00   0.0000E+00
 D                5.2000E+00  -5.0212E-17   1.0617E-05  -4.7526E-11   1.0617E-05
 B                0.0000E+00  -1.0590E-18  -2.6951E-17  -3.8619E-07  -3.8619E-07
 
 Absolute convergence criterion met for Poisson
 Absolute convergence criterion met for continuity
 Total cpu time for bias point =    0.00 minutes
 Total cpu time =    0.06 minutes


 Solution for Bias:

   V(S)               =  0.0000000E+00     V(G)               =  8.0000000E-01
   V(D)               =  5.3000000E+00     V(B)               =  0.0000000E+00


 Projection used to find initial guess

 norm   iter    v-error     n-error     p-error     iiter
  XR      1    0.0000E+00  9.8516E-03  8.6207E-02     0
  XR      2    0.0000E+00  2.9928E-06  2.0747E-04     0
  XR      3*   0.0000E+00  0.0000E+00  0.0000E+00     0

   Electrode       Voltage       Flux      I(Electron)    I(Hole)     I(Total)  
      Name         (Volts)    (Coul/mic.)   (A/micron)   (A/micron)   (A/micron)
 --------------  -----------  -----------  -----------  -----------  -----------
 S                0.0000E+00   6.1042E-17  -1.0452E-05  -5.1551E-17  -1.0452E-05
 G                8.0000E-01  -1.4762E-16   0.0000E+00   0.0000E+00   0.0000E+00
 D                5.3000E+00  -5.2354E-17   1.0882E-05  -4.8120E-11   1.0882E-05
 B                0.0000E+00  -1.1778E-18  -2.7465E-17  -4.2940E-07  -4.2940E-07
 
 Absolute convergence criterion met for Poisson
 Absolute convergence criterion met for continuity
 Total cpu time for bias point =    0.00 minutes
 Total cpu time =    0.06 minutes


 Solution for Bias:

   V(S)               =  0.0000000E+00     V(G)               =  8.0000000E-01
   V(D)               =  5.4000000E+00     V(B)               =  0.0000000E+00


 Projection used to find initial guess

 norm   iter    v-error     n-error     p-error     iiter
  XR      1    0.0000E+00  8.2251E-03  8.8988E-02     0
  XR      2    0.0000E+00  3.6414E-07  1.8295E-04     0
  XR      3*   0.0000E+00  0.0000E+00  0.0000E+00     0

   Electrode       Voltage       Flux      I(Electron)    I(Hole)     I(Total)  
      Name         (Volts)    (Coul/mic.)   (A/micron)   (A/micron)   (A/micron)
 --------------  -----------  -----------  -----------  -----------  -----------
 S                0.0000E+00   6.1042E-17  -1.0680E-05  -6.3007E-17  -1.0680E-05
 G                8.0000E-01  -1.6699E-16   0.0000E+00   0.0000E+00   0.0000E+00
 D                5.4000E+00  -5.4495E-17   1.1157E-05  -4.9150E-11   1.1157E-05
 B                0.0000E+00  -1.3088E-18  -2.8015E-17  -4.7710E-07  -4.7710E-07
 
 Absolute convergence criterion met for Poisson
 Absolute convergence criterion met for continuity
 Total cpu time for bias point =    0.00 minutes
 Total cpu time =    0.06 minutes


 Solution for Bias:

   V(S)               =  0.0000000E+00     V(G)               =  8.0000000E-01
   V(D)               =  5.5000000E+00     V(B)               =  0.0000000E+00


 Projection used to find initial guess

 norm   iter    v-error     n-error     p-error     iiter
  XR      1    0.0000E+00  6.7994E-03  7.4730E-02     0
  XR      2    0.0000E+00  4.2837E-07  1.6272E-04     0
  XR      3*   0.0000E+00  0.0000E+00  0.0000E+00     0

   Electrode       Voltage       Flux      I(Electron)    I(Hole)     I(Total)  
      Name         (Volts)    (Coul/mic.)   (A/micron)   (A/micron)   (A/micron)
 --------------  -----------  -----------  -----------  -----------  -----------
 S                0.0000E+00   6.1042E-17  -1.0912E-05  -7.7181E-17  -1.0912E-05
 G                8.0000E-01  -1.8638E-16   0.0000E+00   0.0000E+00   0.0000E+00
 D                5.5000E+00  -5.6637E-17   1.1442E-05  -5.0597E-11   1.1442E-05
 B                0.0000E+00  -1.4529E-18  -2.8605E-17  -5.2951E-07  -5.2951E-07
 
 Absolute convergence criterion met for Poisson
 Absolute convergence criterion met for continuity
 Total cpu time for bias point =    0.00 minutes
 Total cpu time =    0.06 minutes


 Solution for Bias:

   V(S)               =  0.0000000E+00     V(G)               =  8.0000000E-01
   V(D)               =  5.6000000E+00     V(B)               =  0.0000000E+00


 Projection used to find initial guess

 norm   iter    v-error     n-error     p-error     iiter
  XR      1    0.0000E+00  5.5250E-03  5.4469E-02     0
  XR      2    0.0000E+00  5.1415E-07  1.4616E-04     0
  XR      3*   0.0000E+00  0.0000E+00  0.0000E+00     0

   Electrode       Voltage       Flux      I(Electron)    I(Hole)     I(Total)  
      Name         (Volts)    (Coul/mic.)   (A/micron)   (A/micron)   (A/micron)
 --------------  -----------  -----------  -----------  -----------  -----------
 S                0.0000E+00   6.1042E-17  -1.1151E-05  -9.4742E-17  -1.1151E-05
 G                8.0000E-01  -2.0579E-16   0.0000E+00   0.0000E+00   0.0000E+00
 D                5.6000E+00  -5.8779E-17   1.1738E-05  -5.2433E-11   1.1738E-05
 B                0.0000E+00  -1.6107E-18  -2.9239E-17  -5.8688E-07  -5.8688E-07
 
 Absolute convergence criterion met for Poisson
 Absolute convergence criterion met for continuity
 Total cpu time for bias point =    0.00 minutes
 Total cpu time =    0.06 minutes


 Solution for Bias:

   V(S)               =  0.0000000E+00     V(G)               =  8.0000000E-01
   V(D)               =  5.7000000E+00     V(B)               =  0.0000000E+00


 Projection used to find initial guess

 norm   iter    v-error     n-error     p-error     iiter
  XR      1    0.0000E+00  4.5059E-03  6.2393E-02     0
  XR      2    0.0000E+00  6.2802E-07  1.3269E-04     0
  XR      3*   0.0000E+00  0.0000E+00  0.0000E+00     0

   Electrode       Voltage       Flux      I(Electron)    I(Hole)     I(Total)  
      Name         (Volts)    (Coul/mic.)   (A/micron)   (A/micron)   (A/micron)
 --------------  -----------  -----------  -----------  -----------  -----------
 S                0.0000E+00   6.1042E-17  -1.1397E-05  -1.1651E-16  -1.1397E-05
 G                8.0000E-01  -2.2522E-16   0.0000E+00   0.0000E+00   0.0000E+00
 D                5.7000E+00  -6.0921E-17   1.2046E-05  -5.4618E-11   1.2046E-05
 B                0.0000E+00  -1.7828E-18  -2.9919E-17  -6.4941E-07  -6.4941E-07
 
 Absolute convergence criterion met for Poisson
 Absolute convergence criterion met for continuity
 Total cpu time for bias point =    0.00 minutes
 Total cpu time =    0.06 minutes


 Solution for Bias:

   V(S)               =  0.0000000E+00     V(G)               =  8.0000000E-01
   V(D)               =  5.8000000E+00     V(B)               =  0.0000000E+00


 Projection used to find initial guess

 norm   iter    v-error     n-error     p-error     iiter
  XR      1    0.0000E+00  3.5549E-03  6.1261E-02     0
  XR      2    0.0000E+00  7.8012E-07  1.1506E-04     0
  XR      3*   0.0000E+00  0.0000E+00  0.0000E+00     0

   Electrode       Voltage       Flux      I(Electron)    I(Hole)     I(Total)  
      Name         (Volts)    (Coul/mic.)   (A/micron)   (A/micron)   (A/micron)
 --------------  -----------  -----------  -----------  -----------  -----------
 S                0.0000E+00   6.1042E-17  -1.1649E-05  -1.4351E-16  -1.1649E-05
 G                8.0000E-01  -2.4467E-16   0.0000E+00   0.0000E+00   0.0000E+00
 D                5.8000E+00  -6.3063E-17   1.2366E-05  -5.7113E-11   1.2366E-05
 B                0.0000E+00  -1.9698E-18  -3.0649E-17  -7.1730E-07  -7.1730E-07
 
 Absolute convergence criterion met for Poisson
 Absolute convergence criterion met for continuity
 Total cpu time for bias point =    0.00 minutes
 Total cpu time =    0.06 minutes


 Solution for Bias:

   V(S)               =  0.0000000E+00     V(G)               =  8.0000000E-01
   V(D)               =  5.9000000E+00     V(B)               =  0.0000000E+00


 Projection used to find initial guess

 norm   iter    v-error     n-error     p-error     iiter
  XR      1    0.0000E+00  3.5205E-03  5.2167E-02     0
  XR      2    0.0000E+00  9.8466E-07  1.1020E-04     0
  XR      3*   0.0000E+00  0.0000E+00  0.0000E+00     0

   Electrode       Voltage       Flux      I(Electron)    I(Hole)     I(Total)  
      Name         (Volts)    (Coul/mic.)   (A/micron)   (A/micron)   (A/micron)
 --------------  -----------  -----------  -----------  -----------  -----------
 S                0.0000E+00   6.1042E-17  -1.1907E-05  -1.7698E-16  -1.1907E-05
 G                8.0000E-01  -2.6416E-16   0.0000E+00   0.0000E+00   0.0000E+00
 D                5.9000E+00  -6.5205E-17   1.2698E-05  -5.9879E-11   1.2698E-05
 B                0.0000E+00  -2.1721E-18  -3.1432E-17  -7.9074E-07  -7.9074E-07
 
 Absolute convergence criterion met for Poisson
 Absolute convergence criterion met for continuity
 Total cpu time for bias point =    0.00 minutes
 Total cpu time =    0.06 minutes


 Solution for Bias:

   V(S)               =  0.0000000E+00     V(G)               =  8.0000000E-01
   V(D)               =  6.0000000E+00     V(B)               =  0.0000000E+00


 Projection used to find initial guess

 norm   iter    v-error     n-error     p-error     iiter
  XR      1    0.0000E+00  5.3784E-03  3.9441E-02     0
  XR      2    0.0000E+00  1.2622E-06  1.0266E-04     0
  XR      3*   0.0000E+00  0.0000E+00  0.0000E+00     0

   Electrode       Voltage       Flux      I(Electron)    I(Hole)     I(Total)  
      Name         (Volts)    (Coul/mic.)   (A/micron)   (A/micron)   (A/micron)
 --------------  -----------  -----------  -----------  -----------  -----------
 S                0.0000E+00   6.1042E-17  -1.2173E-05  -2.1845E-16  -1.2173E-05
 G                8.0000E-01  -2.8368E-16   0.0000E+00   0.0000E+00   0.0000E+00
 D                6.0000E+00  -6.7346E-17   1.3043E-05  -6.2874E-11   1.3043E-05
 B                0.0000E+00  -2.3904E-18  -3.2271E-17  -8.6992E-07  -8.6992E-07
 
 Absolute convergence criterion met for Poisson
 Absolute convergence criterion met for continuity
 Total cpu time for bias point =    0.00 minutes
 Total cpu time =    0.07 minutes


 Solution for Bias:

   V(S)               =  0.0000000E+00     V(G)               =  8.0000000E-01
   V(D)               =  6.0000000E+00     V(B)               =  0.0000000E+00


 Previous solution used as initial guess

 norm   iter    v-error     n-error     p-error     iiter
  XR      1    0.0000E+00  0.0000E+00  0.0000E+00     0

   Electrode       Voltage       Flux      I(Electron)    I(Hole)     I(Total)  
      Name         (Volts)    (Coul/mic.)   (A/micron)   (A/micron)   (A/micron)
 --------------  -----------  -----------  -----------  -----------  -----------
 S                0.0000E+00   6.1042E-17  -1.2173E-05  -2.1845E-16  -1.2173E-05
 G                8.0000E-01  -2.8368E-16   0.0000E+00   0.0000E+00   0.0000E+00
 D                6.0000E+00  -6.7346E-17   1.3043E-05  -6.2874E-11   1.3043E-05
 B                0.0000E+00  -2.3904E-18  -3.2271E-17  -8.6992E-07  -8.6992E-07
 
 Absolute convergence criterion met for Poisson
 Absolute convergence criterion met for continuity
 Total cpu time for bias point =    0.00 minutes
 Total cpu time =    0.07 minutes

 Solution written to iv


 *** END MEDICI ***


 TOTAL CPU TIME =    0.07 minutes
