1


        ****************************************************************
        ***                       MEDICI (TM)                        ***
        ***                   Version D-2010.03-0                    ***
        ***                   System K (PC: Linux)                   ***
        ***                 Copyright (C) 1991-2010                  ***
        ***                      Synopsys, Inc.                      ***
        ***                                                          ***
        ***   This software and the associated documentation are     ***
        ***   confidential and proprietary to Synopsys, Inc.  Your   ***
        ***   use or disclosure of this software is subject to the   ***
        ***   terms and conditions of a written license agreement    ***
        ***   between you, or your company, and Synopsys, Inc.       ***
        ***                                                          ***
        ***         MEDICI is a trademark of Synopsys, Inc.          ***
        ****************************************************************

                              23-Nov-2020 00:04:10


     Statements input from file transfer



   1... mesh in.f=grid.mesh

   2... model conmob fldmob srh impact.i
   3... symb newton carr=2
   4... method autonr stack=20 itlimit=10

   5... contact name=G n.poly

   6... solve
   7... solve elec=S V(S)=0
   8... solve elec=D V(D)=0.1
   9... solve elec=B V(B)=0

  10... solve elec=G V(G) vstep=0.1 nstep=20

  11... solve out.f=iv


 **************************** Program Configuration ****************************
 *                                                                             *
 * Programmable Device AAM  :       available for use                          *
 * Circuit Analysis AAM     :       available for use                          *
 * Lattice Temperature AAM  :       available for use                          *
 * Heterojunction Device AAM:       available for use                          *
 * Trapped Charge AAM       :       available for use                          *
 * Anisotropic Material AAM :       available for use                          *
 * Optical Device AAM       :       available for use                          *
 *                                                                             *
 * Maximum Nodes Available  :   20000                                          *
 * Configuration Parameter  :   20000                                          *
 *                                                                             *
 * Approximate Number of Nodes Available for:                                  *
 *   2-carrier solutions    :   20000                                          *
 *   2-carrier + lat. temp. :   11454                                          *
 *                                                                             *
 *******************************************************************************

 Grid read from grid.mesh
 Date code = 23-Nov-2020 00:04:03

 Mesh statistics (rectangular) :
     Total grid points =   907
     Total number of triangles =  1702
     Obtuse triangles in semiconductors =    20  ( 1.2%)
     Obtuse triangles in insul. & cond. =    18  ( 1.1%)

    Region     Material      X-min        X-max        Y-min        Y-max
     Name        Type      (microns)    (microns)    (microns)    (microns)
 ------------  --------    ---------    ---------    ---------    ---------
 psub          Silicon        0.0000       3.0000       0.0400       3.0400
 sio           Oxide          0.8750       2.1250       0.0000       0.0400
 S             Electrod       0.0000       0.8750       0.0000       0.0400
 D             Electrod       2.1250       3.0000       0.0000       0.0400

  Electrode     Number       X-min        X-max        Y-min        Y-max
     Name      of Nodes    (microns)    (microns)    (microns)    (microns)
 ------------  --------    ---------    ---------    ---------    ---------
 S                47          0.0000       0.8750       0.0000       0.0400
 G                 9          1.0000       2.0000       0.0000       0.0000
 D                47          2.1250       3.0000       0.0000       0.0400
 B                25          0.0000       3.0000       3.0400       3.0400


 Solution for Bias:

   V(S)               =  0.0000000E+00     V(G)               =  0.0000000E+00
   V(D)               =  0.0000000E+00     V(B)               =  0.0000000E+00


 Initial solution

 norm   iter    v-error     n-error     p-error     iiter
  XR      1    1.3908E+01  7.0605E+00  1.3908E+01     0
  XR      2    1.2982E+01  1.1370E+00  1.7436E+01     0
  XR      3    8.7830E+00  1.6389E+00  1.4767E+02     0
  XR      4    1.6503E+00  3.2956E+00  1.6743E+02     0
  XR      5    2.7633E-02  3.0929E-01  7.1558E+01     0
  XR      6    0.0000E+00  1.1113E-02  9.6877E-01     0
  XR      7    0.0000E+00  6.0670E-06  2.3493E-03     0
  XR      8*   0.0000E+00  0.0000E+00  0.0000E+00     0

   Electrode       Voltage       Flux      I(Electron)    I(Hole)     I(Total)  
      Name         (Volts)    (Coul/mic.)   (A/micron)   (A/micron)   (A/micron)
 --------------  -----------  -----------  -----------  -----------  -----------
 S                0.0000E+00   4.4093E-17   4.4292E-26   4.8947E-31   4.4292E-26
 G                0.0000E+00   3.6699E-16   0.0000E+00   0.0000E+00   0.0000E+00
 D                0.0000E+00   4.4093E-17   4.6911E-26   4.8946E-31   4.6912E-26
 B                0.0000E+00  -2.1178E-31  -3.4517E-30  -9.1193E-26  -9.1196E-26
 
 Absolute convergence criterion met for Poisson
 Absolute convergence criterion met for continuity
 Total cpu time for bias point =    0.00 minutes
 Total cpu time =    0.02 minutes


 Solution for Bias:

   V(S)               =  0.0000000E+00     V(G)               =  0.0000000E+00
   V(D)               =  0.0000000E+00     V(B)               =  0.0000000E+00


 Previous solution used as initial guess

 norm   iter    v-error     n-error     p-error     iiter
  XR      1    0.0000E+00  0.0000E+00  0.0000E+00     0

   Electrode       Voltage       Flux      I(Electron)    I(Hole)     I(Total)  
      Name         (Volts)    (Coul/mic.)   (A/micron)   (A/micron)   (A/micron)
 --------------  -----------  -----------  -----------  -----------  -----------
 S                0.0000E+00   4.4093E-17   1.4730E-30  -2.5489E-35   1.4730E-30
 G                0.0000E+00   3.6699E-16   0.0000E+00   0.0000E+00   0.0000E+00
 D                0.0000E+00   4.4093E-17  -2.5010E-30  -4.8175E-35  -2.5010E-30
 B                0.0000E+00  -1.9259E-31  -8.1262E-34  -1.2670E-31  -1.2751E-31
 
 Absolute convergence criterion met for Poisson
 Absolute convergence criterion met for continuity
 Total cpu time for bias point =    0.00 minutes
 Total cpu time =    0.02 minutes


 Solution for Bias:

   V(S)               =  0.0000000E+00     V(G)               =  0.0000000E+00
   V(D)               =  1.0000000E-01     V(B)               =  0.0000000E+00


 Previous solution used as initial guess

 norm   iter    v-error     n-error     p-error     iiter
  XR      1    3.6137E+00  3.2284E+00  2.7438E+00     0
  XR      2    0.0000E+00  1.1152E+01  2.2465E+02     0
  XR      3    0.0000E+00  1.6574E-01  1.4182E-01     0
  XR      4*   0.0000E+00  5.4560E-04  8.7834E-04     0
  XR      5*   0.0000E+00  3.8828E-06  6.8869E-06     0
  XR      6    0.0000E+00  0.0000E+00  0.0000E+00     0

   Electrode       Voltage       Flux      I(Electron)    I(Hole)     I(Total)  
      Name         (Volts)    (Coul/mic.)   (A/micron)   (A/micron)   (A/micron)
 --------------  -----------  -----------  -----------  -----------  -----------
 S                0.0000E+00   4.4093E-17  -4.3886E-13  -3.7340E-31  -4.3886E-13
 G                0.0000E+00   3.4897E-16   0.0000E+00   0.0000E+00   0.0000E+00
 D                1.0000E-01   4.1956E-17   4.4001E-13   4.0814E-22   4.4001E-13
 B                0.0000E+00  -3.1633E-27  -1.2714E-17  -1.1502E-15  -1.1629E-15
 
 Absolute convergence criterion met for Poisson
 Absolute convergence criterion met for continuity
 Total cpu time for bias point =    0.00 minutes
 Total cpu time =    0.03 minutes


 Solution for Bias:

   V(S)               =  0.0000000E+00     V(G)               =  0.0000000E+00
   V(D)               =  1.0000000E-01     V(B)               =  0.0000000E+00


 Previous solution used as initial guess

 norm   iter    v-error     n-error     p-error     iiter
  XR      1    0.0000E+00  0.0000E+00  0.0000E+00     0

   Electrode       Voltage       Flux      I(Electron)    I(Hole)     I(Total)  
      Name         (Volts)    (Coul/mic.)   (A/micron)   (A/micron)   (A/micron)
 --------------  -----------  -----------  -----------  -----------  -----------
 S                0.0000E+00   4.4093E-17  -4.3886E-13  -3.7340E-31  -4.3886E-13
 G                0.0000E+00   3.4897E-16   0.0000E+00   0.0000E+00   0.0000E+00
 D                1.0000E-01   4.1956E-17   4.4003E-13   4.0814E-22   4.4003E-13
 B                0.0000E+00  -3.1633E-27  -1.2714E-17  -1.1502E-15  -1.1629E-15
 
 Absolute convergence criterion met for Poisson
 Absolute convergence criterion met for continuity
 Total cpu time for bias point =    0.00 minutes
 Total cpu time =    0.03 minutes


 Solution for Bias:

   V(S)               =  0.0000000E+00     V(G)               =  0.0000000E+00
   V(D)               =  1.0000000E-01     V(B)               =  0.0000000E+00


 Previous solution used as initial guess

 norm   iter    v-error     n-error     p-error     iiter
  XR      1    0.0000E+00  0.0000E+00  0.0000E+00     0

   Electrode       Voltage       Flux      I(Electron)    I(Hole)     I(Total)  
      Name         (Volts)    (Coul/mic.)   (A/micron)   (A/micron)   (A/micron)
 --------------  -----------  -----------  -----------  -----------  -----------
 S                0.0000E+00   4.4093E-17  -4.3886E-13  -3.7340E-31  -4.3886E-13
 G                0.0000E+00   3.4897E-16   0.0000E+00   0.0000E+00   0.0000E+00
 D                1.0000E-01   4.1956E-17   4.4003E-13   4.0814E-22   4.4003E-13
 B                0.0000E+00  -3.1633E-27  -1.2714E-17  -1.1502E-15  -1.1629E-15
 
 Absolute convergence criterion met for Poisson
 Absolute convergence criterion met for continuity
 Total cpu time for bias point =    0.00 minutes
 Total cpu time =    0.03 minutes


 Solution for Bias:

   V(S)               =  0.0000000E+00     V(G)               =  1.0000000E-01
   V(D)               =  1.0000000E-01     V(B)               =  0.0000000E+00


 Previous solution used as initial guess

 norm   iter    v-error     n-error     p-error     iiter
  XR      1    2.2368E+00  1.9718E+00  2.0812E+00     0
  XR      2    0.0000E+00  1.6964E+00  1.6012E+00     0
  XR      3    0.0000E+00  4.0134E-02  1.8924E-02     0
  XR      4*   0.0000E+00  2.1888E-06  0.0000E+00     0
  XR      5*   0.0000E+00  3.7349E-10  0.0000E+00     0

   Electrode       Voltage       Flux      I(Electron)    I(Hole)     I(Total)  
      Name         (Volts)    (Coul/mic.)   (A/micron)   (A/micron)   (A/micron)
 --------------  -----------  -----------  -----------  -----------  -----------
 S                0.0000E+00   4.6221E-17  -3.9327E-12  -4.8642E-31  -3.9327E-12
 G                1.0000E-01   4.0718E-16   0.0000E+00   0.0000E+00   0.0000E+00
 D                1.0000E-01   4.4087E-17   3.9338E-12   4.0810E-22   3.9338E-12
 B                0.0000E+00  -3.1197E-27  -1.2721E-17  -1.1342E-15  -1.1469E-15
 
 Absolute convergence criterion met for Poisson
 Absolute convergence criterion met for continuity
 Total cpu time for bias point =    0.00 minutes
 Total cpu time =    0.03 minutes


 Solution for Bias:

   V(S)               =  0.0000000E+00     V(G)               =  2.0000000E-01
   V(D)               =  1.0000000E-01     V(B)               =  0.0000000E+00


 Projection used to find initial guess

 norm   iter    v-error     n-error     p-error     iiter
  XR      1    0.0000E+00  1.6248E-01  1.8107E-01     0
  XR      2    0.0000E+00  6.9547E-03  1.2455E-02     0
  XR      3*   0.0000E+00  5.0630E-05  2.6906E-05     0
  XR      4*   0.0000E+00  1.9412E-07  6.5818E-09     0
  XR      5*   0.0000E+00  2.3688E-10  0.0000E+00     0

   Electrode       Voltage       Flux      I(Electron)    I(Hole)     I(Total)  
      Name         (Volts)    (Coul/mic.)   (A/micron)   (A/micron)   (A/micron)
 --------------  -----------  -----------  -----------  -----------  -----------
 S                0.0000E+00   4.8348E-17  -3.7860E-11  -4.7762E-31  -3.7860E-11
 G                2.0000E-01   4.6535E-16   0.0000E+00   0.0000E+00   0.0000E+00
 D                1.0000E-01   4.6216E-17   3.7861E-11   4.0797E-22   3.7861E-11
 B                0.0000E+00  -2.8516E-27  -1.2728E-17  -1.0363E-15  -1.0490E-15
 
 Absolute convergence criterion met for Poisson
 Absolute convergence criterion met for continuity
 Total cpu time for bias point =    0.00 minutes
 Total cpu time =    0.03 minutes


 Solution for Bias:

   V(S)               =  0.0000000E+00     V(G)               =  3.0000000E-01
   V(D)               =  1.0000000E-01     V(B)               =  0.0000000E+00


 Projection used to find initial guess

 norm   iter    v-error     n-error     p-error     iiter
  XR      1    0.0000E+00  1.2724E-01  2.3865E-01     0
  XR      2    0.0000E+00  9.7776E-03  2.4335E-02     0
  XR      3*   0.0000E+00  3.7194E-05  4.5905E-05     0
  XR      4*   0.0000E+00  6.0606E-08  1.2558E-07     0
  XR      5    0.0000E+00  0.0000E+00  0.0000E+00     0

   Electrode       Voltage       Flux      I(Electron)    I(Hole)     I(Total)  
      Name         (Volts)    (Coul/mic.)   (A/micron)   (A/micron)   (A/micron)
 --------------  -----------  -----------  -----------  -----------  -----------
 S                0.0000E+00   5.0472E-17  -4.0020E-10  -5.2438E-31  -4.0020E-10
 G                3.0000E-01   5.2325E-16   0.0000E+00   0.0000E+00   0.0000E+00
 D                1.0000E-01   4.8343E-17   4.0020E-10   4.0777E-22   4.0020E-10
 B                0.0000E+00  -2.7853E-27  -1.2738E-17  -1.0121E-15  -1.0248E-15
 
 Absolute convergence criterion met for Poisson
 Absolute convergence criterion met for continuity
 Total cpu time for bias point =    0.00 minutes
 Total cpu time =    0.03 minutes


 Solution for Bias:

   V(S)               =  0.0000000E+00     V(G)               =  4.0000000E-01
   V(D)               =  1.0000000E-01     V(B)               =  0.0000000E+00


 Projection used to find initial guess

 norm   iter    v-error     n-error     p-error     iiter
  XR      1    0.0000E+00  2.4293E-01  2.6729E-01     0
  XR      2    0.0000E+00  2.3122E-02  3.9495E-02     0
  XR      3*   0.0000E+00  2.3014E-04  3.4711E-05     0
  XR      4*   0.0000E+00  1.1084E-06  6.8429E-08     0

   Electrode       Voltage       Flux      I(Electron)    I(Hole)     I(Total)  
      Name         (Volts)    (Coul/mic.)   (A/micron)   (A/micron)   (A/micron)
 --------------  -----------  -----------  -----------  -----------  -----------
 S                0.0000E+00   5.2593E-17  -4.5325E-09  -7.7175E-31  -4.5325E-09
 G                4.0000E-01   5.8146E-16   0.0000E+00   0.0000E+00   0.0000E+00
 D                1.0000E-01   5.0468E-17   4.5325E-09   4.0813E-22   4.5325E-09
 B                0.0000E+00  -2.7922E-27  -1.2756E-17  -1.0146E-15  -1.0274E-15
 
 Absolute convergence criterion met for Poisson
 Absolute convergence criterion met for continuity
 Total cpu time for bias point =    0.00 minutes
 Total cpu time =    0.03 minutes


 Solution for Bias:

   V(S)               =  0.0000000E+00     V(G)               =  5.0000000E-01
   V(D)               =  1.0000000E-01     V(B)               =  0.0000000E+00


 Projection used to find initial guess

 norm   iter    v-error     n-error     p-error     iiter
  XR      1    0.0000E+00  3.1758E-01  1.3572E-01     0
  XR      2    0.0000E+00  3.4321E-02  1.0928E-02     0
  XR      3*   0.0000E+00  8.5665E-04  1.4218E-04     0
  XR      4*   0.0000E+00  1.1509E-05  1.4811E-06     0
  XR      5*   0.0000E+00  8.9816E-08  0.0000E+00     0

   Electrode       Voltage       Flux      I(Electron)    I(Hole)     I(Total)  
      Name         (Volts)    (Coul/mic.)   (A/micron)   (A/micron)   (A/micron)
 --------------  -----------  -----------  -----------  -----------  -----------
 S                0.0000E+00   5.4710E-17  -4.5983E-08  -1.8000E-30  -4.5983E-08
 G                5.0000E-01   6.4249E-16   0.0000E+00   0.0000E+00   0.0000E+00
 D                1.0000E-01   5.2591E-17   4.5983E-08   4.0814E-22   4.5983E-08
 B                0.0000E+00  -2.8061E-27  -1.2797E-17  -1.0197E-15  -1.0325E-15
 
 Absolute convergence criterion met for Poisson
 Absolute convergence criterion met for continuity
 Total cpu time for bias point =    0.00 minutes
 Total cpu time =    0.03 minutes


 Solution for Bias:

   V(S)               =  0.0000000E+00     V(G)               =  6.0000000E-01
   V(D)               =  1.0000000E-01     V(B)               =  0.0000000E+00


 Projection used to find initial guess

 norm   iter    v-error     n-error     p-error     iiter
  XR      1    0.0000E+00  5.3820E-01  2.0058E-01     0
  XR      2    0.0000E+00  9.4228E-02  6.3787E-02     0
  XR      3*   0.0000E+00  2.0743E-03  9.0203E-04     0
  XR      4*   0.0000E+00  5.2566E-05  2.1165E-06     0
  XR      5*   0.0000E+00  1.9049E-06  1.5555E-07     0

   Electrode       Voltage       Flux      I(Electron)    I(Hole)     I(Total)  
      Name         (Volts)    (Coul/mic.)   (A/micron)   (A/micron)   (A/micron)
 --------------  -----------  -----------  -----------  -----------  -----------
 S                0.0000E+00   5.6824E-17  -2.7112E-07  -5.0902E-30  -2.7112E-07
 G                6.0000E-01   7.1109E-16   0.0000E+00   0.0000E+00   0.0000E+00
 D                1.0000E-01   5.4708E-17   2.7112E-07   4.0814E-22   2.7112E-07
 B                0.0000E+00  -2.8227E-27  -1.2881E-17  -1.0257E-15  -1.0385E-15
 
 Absolute convergence criterion met for Poisson
 Absolute convergence criterion met for continuity
 Total cpu time for bias point =    0.00 minutes
 Total cpu time =    0.03 minutes


 Solution for Bias:

   V(S)               =  0.0000000E+00     V(G)               =  7.0000000E-01
   V(D)               =  1.0000000E-01     V(B)               =  0.0000000E+00


 Projection used to find initial guess

 norm   iter    v-error     n-error     p-error     iiter
  XR      1    0.0000E+00  5.7467E-01  2.8327E-01     0
  XR      2    0.0000E+00  1.2331E-01  1.1744E-01     0
  XR      3    0.0000E+00  3.3237E-03  2.7868E-03     0
  XR      4*   0.0000E+00  2.5026E-07  0.0000E+00     0

   Electrode       Voltage       Flux      I(Electron)    I(Hole)     I(Total)  
      Name         (Volts)    (Coul/mic.)   (A/micron)   (A/micron)   (A/micron)
 --------------  -----------  -----------  -----------  -----------  -----------
 S                0.0000E+00   5.8936E-17  -7.8046E-07  -9.9913E-30  -7.8046E-07
 G                7.0000E-01   7.8979E-16   0.0000E+00   0.0000E+00   0.0000E+00
 D                1.0000E-01   5.6823E-17   7.8046E-07   4.0814E-22   7.8046E-07
 B                0.0000E+00  -2.8411E-27  -1.2956E-17  -1.0324E-15  -1.0453E-15
 
 Absolute convergence criterion met for Poisson
 Absolute convergence criterion met for continuity
 Total cpu time for bias point =    0.00 minutes
 Total cpu time =    0.03 minutes


 Solution for Bias:

   V(S)               =  0.0000000E+00     V(G)               =  8.0000000E-01
   V(D)               =  1.0000000E-01     V(B)               =  0.0000000E+00


 Projection used to find initial guess

 norm   iter    v-error     n-error     p-error     iiter
  XR      1    0.0000E+00  4.3577E-01  2.4574E-01     0
  XR      2    0.0000E+00  4.6302E-02  8.6542E-02     0
  XR      3    0.0000E+00  8.5888E-04  1.5450E-03     0
  XR      4*   0.0000E+00  3.7392E-08  0.0000E+00     0

   Electrode       Voltage       Flux      I(Electron)    I(Hole)     I(Total)  
      Name         (Volts)    (Coul/mic.)   (A/micron)   (A/micron)   (A/micron)
 --------------  -----------  -----------  -----------  -----------  -----------
 S                0.0000E+00   6.1046E-17  -1.4436E-06  -1.4729E-29  -1.4436E-06
 G                8.0000E-01   8.7579E-16   0.0000E+00   0.0000E+00   0.0000E+00
 D                1.0000E-01   5.8935E-17   1.4436E-06   4.0814E-22   1.4436E-06
 B                0.0000E+00  -2.8570E-27  -1.3001E-17  -1.0382E-15  -1.0512E-15
 
 Absolute convergence criterion met for Poisson
 Absolute convergence criterion met for continuity
 Total cpu time for bias point =    0.00 minutes
 Total cpu time =    0.03 minutes


 Solution for Bias:

   V(S)               =  0.0000000E+00     V(G)               =  9.0000000E-01
   V(D)               =  1.0000000E-01     V(B)               =  0.0000000E+00


 Projection used to find initial guess

 norm   iter    v-error     n-error     p-error     iiter
  XR      1    0.0000E+00  2.5243E-01  1.4059E-01     0
  XR      2    0.0000E+00  8.2742E-03  2.6534E-02     0
  XR      3*   0.0000E+00  4.0837E-05  1.4646E-04     0
  XR      4*   0.0000E+00  8.6467E-08  5.6126E-08     0

   Electrode       Voltage       Flux      I(Electron)    I(Hole)     I(Total)  
      Name         (Volts)    (Coul/mic.)   (A/micron)   (A/micron)   (A/micron)
 --------------  -----------  -----------  -----------  -----------  -----------
 S                0.0000E+00   6.3155E-17  -2.1597E-06  -1.8823E-29  -2.1597E-06
 G                9.0000E-01   9.6566E-16   0.0000E+00   0.0000E+00   0.0000E+00
 D                1.0000E-01   6.1047E-17   2.1597E-06   4.0814E-22   2.1597E-06
 B                0.0000E+00  -2.8702E-27  -1.3027E-17  -1.0430E-15  -1.0560E-15
 
 Absolute convergence criterion met for Poisson
 Absolute convergence criterion met for continuity
 Total cpu time for bias point =    0.00 minutes
 Total cpu time =    0.03 minutes


 Solution for Bias:

   V(S)               =  0.0000000E+00     V(G)               =  1.0000000E+00
   V(D)               =  1.0000000E-01     V(B)               =  0.0000000E+00


 Projection used to find initial guess

 norm   iter    v-error     n-error     p-error     iiter
  XR      1    0.0000E+00  1.3786E-01  7.8362E-02     0
  XR      2    0.0000E+00  1.5406E-03  7.8258E-03     0
  XR      3*   0.0000E+00  2.5026E-06  1.2522E-05     0
  XR      4*   0.0000E+00  5.5238E-10  0.0000E+00     0

   Electrode       Voltage       Flux      I(Electron)    I(Hole)     I(Total)  
      Name         (Volts)    (Coul/mic.)   (A/micron)   (A/micron)   (A/micron)
 --------------  -----------  -----------  -----------  -----------  -----------
 S                0.0000E+00   6.5264E-17  -2.8958E-06  -2.2413E-29  -2.8958E-06
 G                1.0000E+00   1.0576E-15   0.0000E+00   0.0000E+00   0.0000E+00
 D                1.0000E-01   6.3157E-17   2.8958E-06   4.0815E-22   2.8958E-06
 B                0.0000E+00  -2.8814E-27  -1.3044E-17  -1.0471E-15  -1.0601E-15
 
 Absolute convergence criterion met for Poisson
 Absolute convergence criterion met for continuity
 Total cpu time for bias point =    0.00 minutes
 Total cpu time =    0.03 minutes


 Solution for Bias:

   V(S)               =  0.0000000E+00     V(G)               =  1.1000000E+00
   V(D)               =  1.0000000E-01     V(B)               =  0.0000000E+00


 Projection used to find initial guess

 norm   iter    v-error     n-error     p-error     iiter
  XR      1    0.0000E+00  8.1224E-02  4.6801E-02     0
  XR      2    0.0000E+00  3.8129E-04  2.8078E-03     0
  XR      3*   0.0000E+00  3.4966E-08  5.5216E-08     0

   Electrode       Voltage       Flux      I(Electron)    I(Hole)     I(Total)  
      Name         (Volts)    (Coul/mic.)   (A/micron)   (A/micron)   (A/micron)
 --------------  -----------  -----------  -----------  -----------  -----------
 S                0.0000E+00   6.7373E-17  -3.6408E-06  -2.5641E-29  -3.6408E-06
 G                1.1000E+00   1.1508E-15   0.0000E+00   0.0000E+00   0.0000E+00
 D                1.0000E-01   6.5268E-17   3.6408E-06   4.0815E-22   3.6408E-06
 B                0.0000E+00  -2.8912E-27  -1.3057E-17  -1.0507E-15  -1.0637E-15
 
 Absolute convergence criterion met for Poisson
 Absolute convergence criterion met for continuity
 Total cpu time for bias point =    0.00 minutes
 Total cpu time =    0.03 minutes


 Solution for Bias:

   V(S)               =  0.0000000E+00     V(G)               =  1.2000000E+00
   V(D)               =  1.0000000E-01     V(B)               =  0.0000000E+00


 Projection used to find initial guess

 norm   iter    v-error     n-error     p-error     iiter
  XR      1    0.0000E+00  5.2133E-02  3.0277E-02     0
  XR      2    0.0000E+00  1.3384E-04  1.1854E-03     0
  XR      3*   0.0000E+00  3.3667E-09  0.0000E+00     0

   Electrode       Voltage       Flux      I(Electron)    I(Hole)     I(Total)  
      Name         (Volts)    (Coul/mic.)   (A/micron)   (A/micron)   (A/micron)
 --------------  -----------  -----------  -----------  -----------  -----------
 S                0.0000E+00   6.9481E-17  -4.3901E-06  -2.8606E-29  -4.3901E-06
 G                1.2000E+00   1.2449E-15   0.0000E+00   0.0000E+00   0.0000E+00
 D                1.0000E-01   6.7378E-17   4.3901E-06   4.0815E-22   4.3901E-06
 B                0.0000E+00  -2.9001E-27  -1.3067E-17  -1.0539E-15  -1.0669E-15
 
 Absolute convergence criterion met for Poisson
 Absolute convergence criterion met for continuity
 Total cpu time for bias point =    0.00 minutes
 Total cpu time =    0.03 minutes


 Solution for Bias:

   V(S)               =  0.0000000E+00     V(G)               =  1.3000000E+00
   V(D)               =  1.0000000E-01     V(B)               =  0.0000000E+00


 Projection used to find initial guess

 norm   iter    v-error     n-error     p-error     iiter
  XR      1    0.0000E+00  3.5849E-02  2.0907E-02     0
  XR      2    0.0000E+00  6.7381E-05  5.7006E-04     0
  XR      3*   0.0000E+00  6.8045E-10  0.0000E+00     0

   Electrode       Voltage       Flux      I(Electron)    I(Hole)     I(Total)  
      Name         (Volts)    (Coul/mic.)   (A/micron)   (A/micron)   (A/micron)
 --------------  -----------  -----------  -----------  -----------  -----------
 S                0.0000E+00   7.1589E-17  -5.1416E-06  -3.1373E-29  -5.1416E-06
 G                1.3000E+00   1.3395E-15   0.0000E+00   0.0000E+00   0.0000E+00
 D                1.0000E-01   6.9487E-17   5.1416E-06   4.0815E-22   5.1416E-06
 B                0.0000E+00  -2.9082E-27  -1.3075E-17  -1.0568E-15  -1.0699E-15
 
 Absolute convergence criterion met for Poisson
 Absolute convergence criterion met for continuity
 Total cpu time for bias point =    0.00 minutes
 Total cpu time =    0.04 minutes


 Solution for Bias:

   V(S)               =  0.0000000E+00     V(G)               =  1.4000000E+00
   V(D)               =  1.0000000E-01     V(B)               =  0.0000000E+00


 Projection used to find initial guess

 norm   iter    v-error     n-error     p-error     iiter
  XR      1    0.0000E+00  2.5991E-02  1.5185E-02     0
  XR      2    0.0000E+00  3.7607E-05  3.0310E-04     0
  XR      3*   0.0000E+00  0.0000E+00  0.0000E+00     0

   Electrode       Voltage       Flux      I(Electron)    I(Hole)     I(Total)  
      Name         (Volts)    (Coul/mic.)   (A/micron)   (A/micron)   (A/micron)
 --------------  -----------  -----------  -----------  -----------  -----------
 S                0.0000E+00   7.3697E-17  -5.8941E-06  -3.3985E-29  -5.8941E-06
 G                1.4000E+00   1.4346E-15   0.0000E+00   0.0000E+00   0.0000E+00
 D                1.0000E-01   7.1597E-17   5.8941E-06   4.0816E-22   5.8941E-06
 B                0.0000E+00  -2.9156E-27  -1.3082E-17  -1.0595E-15  -1.0726E-15
 
 Absolute convergence criterion met for Poisson
 Absolute convergence criterion met for continuity
 Total cpu time for bias point =    0.00 minutes
 Total cpu time =    0.04 minutes


 Solution for Bias:

   V(S)               =  0.0000000E+00     V(G)               =  1.5000000E+00
   V(D)               =  1.0000000E-01     V(B)               =  0.0000000E+00


 Projection used to find initial guess

 norm   iter    v-error     n-error     p-error     iiter
  XR      1    0.0000E+00  1.9631E-02  1.1473E-02     0
  XR      2    0.0000E+00  2.2650E-05  1.7423E-04     0
  XR      3*   0.0000E+00  0.0000E+00  0.0000E+00     0

   Electrode       Voltage       Flux      I(Electron)    I(Hole)     I(Total)  
      Name         (Volts)    (Coul/mic.)   (A/micron)   (A/micron)   (A/micron)
 --------------  -----------  -----------  -----------  -----------  -----------
 S                0.0000E+00   7.5805E-17  -6.6470E-06  -3.6473E-29  -6.6470E-06
 G                1.5000E+00   1.5300E-15   0.0000E+00   0.0000E+00   0.0000E+00
 D                1.0000E-01   7.3706E-17   6.6470E-06   4.0816E-22   6.6470E-06
 B                0.0000E+00  -2.9225E-27  -1.3088E-17  -1.0621E-15  -1.0751E-15
 
 Absolute convergence criterion met for Poisson
 Absolute convergence criterion met for continuity
 Total cpu time for bias point =    0.00 minutes
 Total cpu time =    0.04 minutes


 Solution for Bias:

   V(S)               =  0.0000000E+00     V(G)               =  1.6000000E+00
   V(D)               =  1.0000000E-01     V(B)               =  0.0000000E+00


 Projection used to find initial guess

 norm   iter    v-error     n-error     p-error     iiter
  XR      1    0.0000E+00  1.5313E-02  8.9427E-03     0
  XR      2    0.0000E+00  1.4460E-05  1.0654E-04     0
  XR      3*   0.0000E+00  0.0000E+00  0.0000E+00     0

   Electrode       Voltage       Flux      I(Electron)    I(Hole)     I(Total)  
      Name         (Volts)    (Coul/mic.)   (A/micron)   (A/micron)   (A/micron)
 --------------  -----------  -----------  -----------  -----------  -----------
 S                0.0000E+00   7.7912E-17  -7.3998E-06  -3.8859E-29  -7.3998E-06
 G                1.6000E+00   1.6256E-15   0.0000E+00   0.0000E+00   0.0000E+00
 D                1.0000E-01   7.5816E-17   7.3998E-06   4.0816E-22   7.3998E-06
 B                0.0000E+00  -2.9290E-27  -1.3093E-17  -1.0644E-15  -1.0775E-15
 
 Absolute convergence criterion met for Poisson
 Absolute convergence criterion met for continuity
 Total cpu time for bias point =    0.00 minutes
 Total cpu time =    0.04 minutes


 Solution for Bias:

   V(S)               =  0.0000000E+00     V(G)               =  1.7000000E+00
   V(D)               =  1.0000000E-01     V(B)               =  0.0000000E+00


 Projection used to find initial guess

 norm   iter    v-error     n-error     p-error     iiter
  XR      1    0.0000E+00  1.2258E-02  7.1486E-03     0
  XR      2    0.0000E+00  9.6664E-06  1.7146E-05     0
  XR      3*   0.0000E+00  0.0000E+00  0.0000E+00     0

   Electrode       Voltage       Flux      I(Electron)    I(Hole)     I(Total)  
      Name         (Volts)    (Coul/mic.)   (A/micron)   (A/micron)   (A/micron)
 --------------  -----------  -----------  -----------  -----------  -----------
 S                0.0000E+00   8.0020E-17  -8.1525E-06  -4.1161E-29  -8.1525E-06
 G                1.7000E+00   1.7215E-15   0.0000E+00   0.0000E+00   0.0000E+00
 D                1.0000E-01   7.7925E-17   8.1525E-06   4.0816E-22   8.1525E-06
 B                0.0000E+00  -2.9351E-27  -1.3098E-17  -1.0666E-15  -1.0797E-15
 
 Absolute convergence criterion met for Poisson
 Absolute convergence criterion met for continuity
 Total cpu time for bias point =    0.00 minutes
 Total cpu time =    0.04 minutes


 Solution for Bias:

   V(S)               =  0.0000000E+00     V(G)               =  1.8000000E+00
   V(D)               =  1.0000000E-01     V(B)               =  0.0000000E+00


 Projection used to find initial guess

 norm   iter    v-error     n-error     p-error     iiter
  XR      1    0.0000E+00  1.0022E-02  5.8339E-03     0
  XR      2    0.0000E+00  6.7076E-06  1.0465E-05     0
  XR      3*   0.0000E+00  0.0000E+00  0.0000E+00     0

   Electrode       Voltage       Flux      I(Electron)    I(Hole)     I(Total)  
      Name         (Volts)    (Coul/mic.)   (A/micron)   (A/micron)   (A/micron)
 --------------  -----------  -----------  -----------  -----------  -----------
 S                0.0000E+00   8.2127E-17  -8.9048E-06  -4.3391E-29  -8.9048E-06
 G                1.8000E+00   1.8175E-15   0.0000E+00   0.0000E+00   0.0000E+00
 D                1.0000E-01   8.0034E-17   8.9048E-06   4.0817E-22   8.9048E-06
 B                0.0000E+00  -2.9408E-27  -1.3102E-17  -1.0687E-15  -1.0818E-15
 
 Absolute convergence criterion met for Poisson
 Absolute convergence criterion met for continuity
 Total cpu time for bias point =    0.00 minutes
 Total cpu time =    0.04 minutes


 Solution for Bias:

   V(S)               =  0.0000000E+00     V(G)               =  1.9000000E+00
   V(D)               =  1.0000000E-01     V(B)               =  0.0000000E+00


 Projection used to find initial guess

 norm   iter    v-error     n-error     p-error     iiter
  XR      1    0.0000E+00  8.3403E-03  4.8439E-03     0
  XR      2    0.0000E+00  4.8004E-06  7.3136E-06     0

   Electrode       Voltage       Flux      I(Electron)    I(Hole)     I(Total)  
      Name         (Volts)    (Coul/mic.)   (A/micron)   (A/micron)   (A/micron)
 --------------  -----------  -----------  -----------  -----------  -----------
 S                0.0000E+00   8.4234E-17  -9.6566E-06  -4.5560E-29  -9.6566E-06
 G                1.9000E+00   1.9137E-15   0.0000E+00   0.0000E+00   0.0000E+00
 D                1.0000E-01   8.2143E-17   9.6566E-06   4.0817E-22   9.6566E-06
 B                0.0000E+00  -2.9463E-27  -1.3106E-17  -1.0707E-15  -1.0838E-15
 
 Absolute convergence criterion met for Poisson
 Absolute convergence criterion met for continuity
 Total cpu time for bias point =    0.00 minutes
 Total cpu time =    0.04 minutes


 Solution for Bias:

   V(S)               =  0.0000000E+00     V(G)               =  2.0000000E+00
   V(D)               =  1.0000000E-01     V(B)               =  0.0000000E+00


 Projection used to find initial guess

 norm   iter    v-error     n-error     p-error     iiter
  XR      1    0.0000E+00  7.0443E-03  4.0809E-03     0
  XR      2    0.0000E+00  2.1787E-06  0.0000E+00     0

   Electrode       Voltage       Flux      I(Electron)    I(Hole)     I(Total)  
      Name         (Volts)    (Coul/mic.)   (A/micron)   (A/micron)   (A/micron)
 --------------  -----------  -----------  -----------  -----------  -----------
 S                0.0000E+00   8.6341E-17  -1.0408E-05  -4.7676E-29  -1.0408E-05
 G                2.0000E+00   2.0100E-15   0.0000E+00   0.0000E+00   0.0000E+00
 D                1.0000E-01   8.4252E-17   1.0408E-05   4.0817E-22   1.0408E-05
 B                0.0000E+00  -2.9515E-27  -1.3109E-17  -1.0726E-15  -1.0857E-15
 
 Absolute convergence criterion met for Poisson
 Absolute convergence criterion met for continuity
 Total cpu time for bias point =    0.00 minutes
 Total cpu time =    0.04 minutes


 Solution for Bias:

   V(S)               =  0.0000000E+00     V(G)               =  2.0000000E+00
   V(D)               =  1.0000000E-01     V(B)               =  0.0000000E+00


 Previous solution used as initial guess

 norm   iter    v-error     n-error     p-error     iiter
  XR      1    0.0000E+00  0.0000E+00  0.0000E+00     0

   Electrode       Voltage       Flux      I(Electron)    I(Hole)     I(Total)  
      Name         (Volts)    (Coul/mic.)   (A/micron)   (A/micron)   (A/micron)
 --------------  -----------  -----------  -----------  -----------  -----------
 S                0.0000E+00   8.6341E-17  -1.0408E-05  -4.7676E-29  -1.0408E-05
 G                2.0000E+00   2.0100E-15   0.0000E+00   0.0000E+00   0.0000E+00
 D                1.0000E-01   8.4252E-17   1.0408E-05   4.0817E-22   1.0408E-05
 B                0.0000E+00  -2.9515E-27  -1.3109E-17  -1.0726E-15  -1.0857E-15
 
 Absolute convergence criterion met for Poisson
 Absolute convergence criterion met for continuity
 Total cpu time for bias point =    0.00 minutes
 Total cpu time =    0.04 minutes

 Solution written to iv


 *** END MEDICI ***


 TOTAL CPU TIME =    0.04 minutes
