1


        ****************************************************************
        ***                       MEDICI (TM)                        ***
        ***                   Version D-2010.03-0                    ***
        ***                   System K (PC: Linux)                   ***
        ***                 Copyright (C) 1991-2010                  ***
        ***                      Synopsys, Inc.                      ***
        ***                                                          ***
        ***   This software and the associated documentation are     ***
        ***   confidential and proprietary to Synopsys, Inc.  Your   ***
        ***   use or disclosure of this software is subject to the   ***
        ***   terms and conditions of a written license agreement    ***
        ***   between you, or your company, and Synopsys, Inc.       ***
        ***                                                          ***
        ***         MEDICI is a trademark of Synopsys, Inc.          ***
        ****************************************************************

                               9-Nov-2020 00:35:58


     Statements input from file plot



   1... mesh in.f=grid.mesh
   2... $load in.f=iv

   3... plot.2d bound junc fill depl
   4... plot.2d bound junc fill depl grid title="grid"
   5... $contour flowline`
   6... plot.1d doping log x.sta=4.5 x.end=4.5 y.sta=0 y.end=10 title="doping_p"
   7... plot.1d doping log x.sta=7.5 x.end=7.5 y.sta=0 y.end=10 title="doping_n"

   8... plot.1d in.f=common_emitter.ivl x.ax=V(C) y.ax=i(C) left=0 right=5 title="emitter"
   9... plot.1d in.f=common_emitter1.ivl x.ax=V(C) y.ax=i(C) left=0 right=5 unchanged
  10... plot.1d in.f=common_emitter2.ivl x.ax=V(C) y.ax=i(C) left=0 right=5 unchanged
  11... $plot.1d in.f=cathnode.ivl x.ax=V(k) y.ax=i(k) left=0 right=6 title="breakdown"

  12... $plot.1d in.f=test.ivl doping y.start=0.5 y.end=0.5 x.start=0 x.end=5 title="break dop"
  13... $plot.2d bound junc fill depl
  14... $contour flowline
  15... $contour potentia color=6
  16... $plot.1d doping y.start=0.5 y.end=0.5 title="break dop"

 **************************** Program Configuration ****************************
 *                                                                             *
 * Programmable Device AAM  :       available for use                          *
 * Circuit Analysis AAM     :       available for use                          *
 * Lattice Temperature AAM  :       available for use                          *
 * Heterojunction Device AAM:       available for use                          *
 * Trapped Charge AAM       :       available for use                          *
 * Anisotropic Material AAM :       available for use                          *
 * Optical Device AAM       :       available for use                          *
 *                                                                             *
 * Maximum Nodes Available  :   10000                                          *
 * Configuration Parameter  :   10000                                          *
 *                                                                             *
 * Approximate Number of Nodes Available for:                                  *
 *   2-carrier solutions    :   10000                                          *
 *   2-carrier + lat. temp. :    5727                                          *
 *                                                                             *
 *******************************************************************************

 Grid read from grid.mesh
 Date code =  9-Nov-2020 00:19:19

 Mesh statistics (rectangular) :
     Total grid points =  2299
     Total number of triangles =  4368
     Obtuse triangles in semiconductors =   188  ( 4.3%)
     Obtuse triangles in insul. & cond. =    10  ( 0.2%)

    Region     Material      X-min        X-max        Y-min        Y-max
     Name        Type      (microns)    (microns)    (microns)    (microns)
 ------------  --------    ---------    ---------    ---------    ---------
 sio           Oxide          0.0000      12.0000      -0.2000       0.0000
 nsub          Silicon        0.0000      12.0000       0.0000       2.0000
 B             Electrod       4.0000       5.0000      -0.2000       0.0000
 E             Electrod       7.0000       8.0000      -0.2000       0.0000

  Electrode     Number       X-min        X-max        Y-min        Y-max
     Name      of Nodes    (microns)    (microns)    (microns)    (microns)
 ------------  --------    ---------    ---------    ---------    ---------
 B                27          4.0000       5.0000      -0.2000       0.0000
 E                27          7.0000       8.0000      -0.2000       0.0000
 C                97          0.0000      12.0000       2.0000       2.0000

 Warning number   88 detected in line number   3
 Solution must be present for depletion edges.

 Warning number   88 detected in line number   4
 Solution must be present for depletion edges.


 *** END MEDICI ***


 TOTAL CPU TIME =    0.02 minutes
