1


        ****************************************************************
        ***                       MEDICI (TM)                        ***
        ***                   Version D-2010.03-0                    ***
        ***                   System K (PC: Linux)                   ***
        ***                 Copyright (C) 1991-2010                  ***
        ***                      Synopsys, Inc.                      ***
        ***                                                          ***
        ***   This software and the associated documentation are     ***
        ***   confidential and proprietary to Synopsys, Inc.  Your   ***
        ***   use or disclosure of this software is subject to the   ***
        ***   terms and conditions of a written license agreement    ***
        ***   between you, or your company, and Synopsys, Inc.       ***
        ***                                                          ***
        ***         MEDICI is a trademark of Synopsys, Inc.          ***
        ****************************************************************

                               5-Nov-2020 18:30:18


     Statements input from file cathnode



   1... mesh in.f=grid.mesh


   2... model conmob fldmob srh impact.i
   3... symb newton carr=2
   4... method autonr stack=20 itlimit=10
   5... solve elec=k vstep=0.1 nstep=70
   6... solve elec=k vstep=0.1 nstep=5 previous`

   7... solve out.f=iv

   8... stop

 **************************** Program Configuration ****************************
 *                                                                             *
 * Programmable Device AAM  :       available for use                          *
 * Circuit Analysis AAM     :       available for use                          *
 * Lattice Temperature AAM  :       available for use                          *
 * Heterojunction Device AAM:       available for use                          *
 * Trapped Charge AAM       :       available for use                          *
 * Anisotropic Material AAM :       available for use                          *
 * Optical Device AAM       :       available for use                          *
 *                                                                             *
 * Maximum Nodes Available  :   10000                                          *
 * Configuration Parameter  :   10000                                          *
 *                                                                             *
 * Approximate Number of Nodes Available for:                                  *
 *   2-carrier solutions    :   10000                                          *
 *   2-carrier + lat. temp. :    5727                                          *
 *                                                                             *
 *******************************************************************************

 Grid read from grid.mesh
 Date code =  5-Nov-2020 18:30:06

 Mesh statistics (rectangular) :
     Total grid points =   609
     Total number of triangles =  1100
     Obtuse triangles in semiconductors =   100  ( 9.1%)
     Obtuse triangles in insul. & cond. =     0  ( 0.0%)

    Region     Material      X-min        X-max        Y-min        Y-max
     Name        Type      (microns)    (microns)    (microns)    (microns)
 ------------  --------    ---------    ---------    ---------    ---------
 psub          Silicon        0.0000       0.1500       0.0000       1.0000

  Electrode     Number       X-min        X-max        Y-min        Y-max
     Name      of Nodes    (microns)    (microns)    (microns)    (microns)
 ------------  --------    ---------    ---------    ---------    ---------
 A                51          0.0000       0.0000       0.0000       1.0000
 K                51          0.1500       0.1500       0.0000       1.0000


 Solution for Bias:

   V(A)               =  0.0000000E+00     V(K)               =  1.0000000E-01


 Initial solution

 norm   iter    v-error     n-error     p-error     iiter
  XR      1    6.9636E+00  6.9636E+00  6.9636E+00     0
  XR      2    5.8574E+00  2.9112E+01  2.8572E+01     0
  XR      3    1.3059E+00  2.2776E+00  4.5640E+00     0
  XR      4    0.0000E+00  1.0797E+01  9.9710E-01     0
  XR      5    0.0000E+00  8.8257E-02  9.1373E-01     0
  XR      6    0.0000E+00  0.0000E+00  0.0000E+00     0

   Electrode       Voltage       Flux      I(Electron)    I(Hole)     I(Total)  
      Name         (Volts)    (Coul/mic.)   (A/micron)   (A/micron)   (A/micron)
 --------------  -----------  -----------  -----------  -----------  -----------
 A                0.0000E+00  -2.3887E-16  -2.8879E-17  -1.6848E-16  -1.9736E-16
 K                1.0000E-01   2.3887E-16   1.8197E-16   1.5176E-17   1.9714E-16
 
 Absolute convergence criterion met for Poisson
 Absolute convergence criterion met for continuity
 Total cpu time for bias point =    0.00 minutes
 Total cpu time =    0.02 minutes


 Solution for Bias:

   V(A)               =  0.0000000E+00     V(K)               =  2.0000000E-01


 Previous solution used as initial guess

 norm   iter    v-error     n-error     p-error     iiter
  XR      1    3.6576E+00  2.1671E+00  2.9197E+00     0
  XR      2    0.0000E+00  4.8332E+00  3.9668E-01     0
  XR      3    0.0000E+00  5.0180E-02  8.8836E-03     0
  XR      4*   0.0000E+00  3.1454E-05  2.4255E-06     0
  XR      5*   0.0000E+00  1.7620E-08  0.0000E+00     0
  XR      6    0.0000E+00  0.0000E+00  0.0000E+00     0

   Electrode       Voltage       Flux      I(Electron)    I(Hole)     I(Total)  
      Name         (Volts)    (Coul/mic.)   (A/micron)   (A/micron)   (A/micron)
 --------------  -----------  -----------  -----------  -----------  -----------
 A                0.0000E+00  -2.9433E-16  -3.0803E-17  -2.9076E-16  -3.2156E-16
 K                2.0000E-01   2.9433E-16   3.0459E-16   1.6971E-17   3.2156E-16
 
 Absolute convergence criterion met for Poisson
 Absolute convergence criterion met for continuity
 Total cpu time for bias point =    0.00 minutes
 Total cpu time =    0.02 minutes


 Solution for Bias:

   V(A)               =  0.0000000E+00     V(K)               =  3.0000000E-01


 Projection used to find initial guess

 norm   iter    v-error     n-error     p-error     iiter
  XR      1    0.0000E+00  3.1857E-02  3.1857E-02     0
  XR      2    0.0000E+00  4.5864E-04  4.5865E-04     0
  XR      3*   0.0000E+00  0.0000E+00  0.0000E+00     0

   Electrode       Voltage       Flux      I(Electron)    I(Hole)     I(Total)  
      Name         (Volts)    (Coul/mic.)   (A/micron)   (A/micron)   (A/micron)
 --------------  -----------  -----------  -----------  -----------  -----------
 A                0.0000E+00  -3.5410E-16  -3.1786E-17  -4.4523E-16  -4.7702E-16
 K                3.0000E-01   3.5410E-16   4.5643E-16   1.8375E-17   4.7481E-16
 
 Absolute convergence criterion met for Poisson
 Absolute convergence criterion met for continuity
 Total cpu time for bias point =    0.00 minutes
 Total cpu time =    0.03 minutes


 Solution for Bias:

   V(A)               =  0.0000000E+00     V(K)               =  4.0000000E-01


 Projection used to find initial guess

 norm   iter    v-error     n-error     p-error     iiter
  XR      1    0.0000E+00  2.4467E-02  2.4467E-02     0
  XR      2    0.0000E+00  2.8130E-04  2.8131E-04     0
  XR      3*   0.0000E+00  0.0000E+00  0.0000E+00     0

   Electrode       Voltage       Flux      I(Electron)    I(Hole)     I(Total)  
      Name         (Volts)    (Coul/mic.)   (A/micron)   (A/micron)   (A/micron)
 --------------  -----------  -----------  -----------  -----------  -----------
 A                0.0000E+00  -4.1716E-16  -3.2488E-17  -5.2543E-16  -5.5791E-16
 K                4.0000E-01   4.1716E-16   5.3824E-16   1.9660E-17   5.5790E-16
 
 Absolute convergence criterion met for Poisson
 Absolute convergence criterion met for continuity
 Total cpu time for bias point =    0.00 minutes
 Total cpu time =    0.03 minutes


 Solution for Bias:

   V(A)               =  0.0000000E+00     V(K)               =  5.0000000E-01


 Projection used to find initial guess

 norm   iter    v-error     n-error     p-error     iiter
  XR      1    0.0000E+00  1.7478E-02  1.7478E-02     0
  XR      2    0.0000E+00  1.4714E-04  1.4714E-04     0
  XR      3*   0.0000E+00  0.0000E+00  0.0000E+00     0

   Electrode       Voltage       Flux      I(Electron)    I(Hole)     I(Total)  
      Name         (Volts)    (Coul/mic.)   (A/micron)   (A/micron)   (A/micron)
 --------------  -----------  -----------  -----------  -----------  -----------
 A                0.0000E+00  -4.8257E-16  -3.2992E-17  -5.4878E-16  -5.8177E-16
 K                5.0000E-01   4.8257E-16   5.6095E-16   2.0817E-17   5.8177E-16
 
 Absolute convergence criterion met for Poisson
 Absolute convergence criterion met for continuity
 Total cpu time for bias point =    0.00 minutes
 Total cpu time =    0.03 minutes


 Solution for Bias:

   V(A)               =  0.0000000E+00     V(K)               =  6.0000000E-01


 Projection used to find initial guess

 norm   iter    v-error     n-error     p-error     iiter
  XR      1    0.0000E+00  1.1776E-02  1.1776E-02     0
  XR      2    0.0000E+00  0.0000E+00  0.0000E+00     0
  XR      3*   0.0000E+00  0.0000E+00  0.0000E+00     0

   Electrode       Voltage       Flux      I(Electron)    I(Hole)     I(Total)  
      Name         (Volts)    (Coul/mic.)   (A/micron)   (A/micron)   (A/micron)
 --------------  -----------  -----------  -----------  -----------  -----------
 A                0.0000E+00  -5.4956E-16  -3.3357E-17  -5.5912E-16  -5.9248E-16
 K                6.0000E-01   5.4956E-16   5.7063E-16   2.1846E-17   5.9248E-16
 
 Absolute convergence criterion met for Poisson
 Absolute convergence criterion met for continuity
 Total cpu time for bias point =    0.00 minutes
 Total cpu time =    0.03 minutes


 Solution for Bias:

   V(A)               =  0.0000000E+00     V(K)               =  7.0000000E-01


 Projection used to find initial guess

 norm   iter    v-error     n-error     p-error     iiter
  XR      1    0.0000E+00  7.6028E-03  7.6028E-03     0
  XR      2    0.0000E+00  0.0000E+00  0.0000E+00     0
  XR      3*   0.0000E+00  0.0000E+00  0.0000E+00     0

   Electrode       Voltage       Flux      I(Electron)    I(Hole)     I(Total)  
      Name         (Volts)    (Coul/mic.)   (A/micron)   (A/micron)   (A/micron)
 --------------  -----------  -----------  -----------  -----------  -----------
 A                0.0000E+00  -6.1758E-16  -3.3624E-17  -5.7484E-16  -6.0846E-16
 K                7.0000E-01   6.1758E-16   5.8571E-16   2.2755E-17   6.0846E-16
 
 Absolute convergence criterion met for Poisson
 Absolute convergence criterion met for continuity
 Total cpu time for bias point =    0.00 minutes
 Total cpu time =    0.03 minutes


 Solution for Bias:

   V(A)               =  0.0000000E+00     V(K)               =  8.0000000E-01


 Projection used to find initial guess

 norm   iter    v-error     n-error     p-error     iiter
  XR      1    0.0000E+00  4.7678E-03  4.7678E-03     0
  XR      2    0.0000E+00  0.0000E+00  0.0000E+00     0

   Electrode       Voltage       Flux      I(Electron)    I(Hole)     I(Total)  
      Name         (Volts)    (Coul/mic.)   (A/micron)   (A/micron)   (A/micron)
 --------------  -----------  -----------  -----------  -----------  -----------
 A                0.0000E+00  -6.8624E-16  -3.3824E-17  -6.1240E-16  -6.4622E-16
 K                8.0000E-01   6.8624E-16   6.2214E-16   2.3556E-17   6.4569E-16
 
 Absolute convergence criterion met for Poisson
 Absolute convergence criterion met for continuity
 Total cpu time for bias point =    0.00 minutes
 Total cpu time =    0.03 minutes


 Solution for Bias:

   V(A)               =  0.0000000E+00     V(K)               =  9.0000000E-01


 Projection used to find initial guess

 norm   iter    v-error     n-error     p-error     iiter
  XR      1    0.0000E+00  2.9342E-03  2.9342E-03     0
  XR      2    0.0000E+00  0.0000E+00  0.0000E+00     0

   Electrode       Voltage       Flux      I(Electron)    I(Hole)     I(Total)  
      Name         (Volts)    (Coul/mic.)   (A/micron)   (A/micron)   (A/micron)
 --------------  -----------  -----------  -----------  -----------  -----------
 A                0.0000E+00  -7.5529E-16  -3.3976E-17  -6.9169E-16  -7.2566E-16
 K                9.0000E-01   7.5529E-16   7.0137E-16   2.4264E-17   7.2564E-16
 
 Absolute convergence criterion met for Poisson
 Absolute convergence criterion met for continuity
 Total cpu time for bias point =    0.00 minutes
 Total cpu time =    0.03 minutes


 Solution for Bias:

   V(A)               =  0.0000000E+00     V(K)               =  1.0000000E+00


 Projection used to find initial guess

 norm   iter    v-error     n-error     p-error     iiter
  XR      1    0.0000E+00  1.7845E-03  1.7845E-03     0
  XR      2    0.0000E+00  0.0000E+00  0.0000E+00     0

   Electrode       Voltage       Flux      I(Electron)    I(Hole)     I(Total)  
      Name         (Volts)    (Coul/mic.)   (A/micron)   (A/micron)   (A/micron)
 --------------  -----------  -----------  -----------  -----------  -----------
 A                0.0000E+00  -8.2458E-16  -3.4094E-17  -8.1606E-16  -8.5015E-16
 K                1.0000E+00   8.2458E-16   8.2526E-16   2.4891E-17   8.5015E-16
 
 Absolute convergence criterion met for Poisson
 Absolute convergence criterion met for continuity
 Total cpu time for bias point =    0.00 minutes
 Total cpu time =    0.03 minutes


 Solution for Bias:

   V(A)               =  0.0000000E+00     V(K)               =  1.1000000E+00


 Projection used to find initial guess

 norm   iter    v-error     n-error     p-error     iiter
  XR      1    0.0000E+00  1.0774E-03  1.0774E-03     0
  XR      2    0.0000E+00  0.0000E+00  0.0000E+00     0

   Electrode       Voltage       Flux      I(Electron)    I(Hole)     I(Total)  
      Name         (Volts)    (Coul/mic.)   (A/micron)   (A/micron)   (A/micron)
 --------------  -----------  -----------  -----------  -----------  -----------
 A                0.0000E+00  -8.9401E-16  -3.4186E-17  -9.3587E-16  -9.7005E-16
 K                1.1000E+00   8.9401E-16   9.4460E-16   2.5448E-17   9.7005E-16
 
 Absolute convergence criterion met for Poisson
 Absolute convergence criterion met for continuity
 Total cpu time for bias point =    0.00 minutes
 Total cpu time =    0.03 minutes


 Solution for Bias:

   V(A)               =  0.0000000E+00     V(K)               =  1.2000000E+00


 Projection used to find initial guess

 norm   iter    v-error     n-error     p-error     iiter
  XR      1    0.0000E+00  6.4756E-04  6.4756E-04     0
  XR      2    0.0000E+00  0.0000E+00  0.0000E+00     0

   Electrode       Voltage       Flux      I(Electron)    I(Hole)     I(Total)  
      Name         (Volts)    (Coul/mic.)   (A/micron)   (A/micron)   (A/micron)
 --------------  -----------  -----------  -----------  -----------  -----------
 A                0.0000E+00  -9.6354E-16  -3.4260E-17  -1.0082E-15  -1.0425E-15
 K                1.2000E+00   9.6354E-16   1.0165E-15   2.5947E-17   1.0425E-15
 
 Absolute convergence criterion met for Poisson
 Absolute convergence criterion met for continuity
 Total cpu time for bias point =    0.00 minutes
 Total cpu time =    0.03 minutes


 Solution for Bias:

   V(A)               =  0.0000000E+00     V(K)               =  1.3000000E+00


 Projection used to find initial guess

 norm   iter    v-error     n-error     p-error     iiter
  XR      1    0.0000E+00  3.8819E-04  3.8819E-04     0
  XR      2    0.0000E+00  0.0000E+00  0.0000E+00     0

   Electrode       Voltage       Flux      I(Electron)    I(Hole)     I(Total)  
      Name         (Volts)    (Coul/mic.)   (A/micron)   (A/micron)   (A/micron)
 --------------  -----------  -----------  -----------  -----------  -----------
 A                0.0000E+00  -1.0331E-15  -3.4320E-17  -1.0408E-15  -1.0751E-15
 K                1.3000E+00   1.0331E-15   1.0487E-15   2.6394E-17   1.0751E-15
 
 Absolute convergence criterion met for Poisson
 Absolute convergence criterion met for continuity
 Total cpu time for bias point =    0.00 minutes
 Total cpu time =    0.03 minutes


 Solution for Bias:

   V(A)               =  0.0000000E+00     V(K)               =  1.4000000E+00


 Projection used to find initial guess

 norm   iter    v-error     n-error     p-error     iiter
  XR      1    0.0000E+00  2.3233E-04  2.3233E-04     0
  XR      2    0.0000E+00  0.0000E+00  0.0000E+00     0

   Electrode       Voltage       Flux      I(Electron)    I(Hole)     I(Total)  
      Name         (Volts)    (Coul/mic.)   (A/micron)   (A/micron)   (A/micron)
 --------------  -----------  -----------  -----------  -----------  -----------
 A                0.0000E+00  -1.1027E-15  -3.4370E-17  -1.0541E-15  -1.0885E-15
 K                1.4000E+00   1.1027E-15   1.0617E-15   2.6796E-17   1.0885E-15
 
 Absolute convergence criterion met for Poisson
 Absolute convergence criterion met for continuity
 Total cpu time for bias point =    0.00 minutes
 Total cpu time =    0.03 minutes


 Solution for Bias:

   V(A)               =  0.0000000E+00     V(K)               =  1.5000000E+00


 Projection used to find initial guess

 norm   iter    v-error     n-error     p-error     iiter
  XR      1    0.0000E+00  1.3891E-04  1.3891E-04     0
  XR      2    0.0000E+00  0.0000E+00  0.0000E+00     0

   Electrode       Voltage       Flux      I(Electron)    I(Hole)     I(Total)  
      Name         (Volts)    (Coul/mic.)   (A/micron)   (A/micron)   (A/micron)
 --------------  -----------  -----------  -----------  -----------  -----------
 A                0.0000E+00  -1.1723E-15  -3.4410E-17  -1.0600E-15  -1.0944E-15
 K                1.5000E+00   1.1723E-15   1.0673E-15   2.7158E-17   1.0944E-15
 
 Absolute convergence criterion met for Poisson
 Absolute convergence criterion met for continuity
 Total cpu time for bias point =    0.00 minutes
 Total cpu time =    0.03 minutes


 Solution for Bias:

   V(A)               =  0.0000000E+00     V(K)               =  1.6000000E+00


 Projection used to find initial guess

 norm   iter    v-error     n-error     p-error     iiter
  XR      1    0.0000E+00  8.3008E-05  8.2920E-05     0
  XR      2    0.0000E+00  0.0000E+00  0.0000E+00     0

   Electrode       Voltage       Flux      I(Electron)    I(Hole)     I(Total)  
      Name         (Volts)    (Coul/mic.)   (A/micron)   (A/micron)   (A/micron)
 --------------  -----------  -----------  -----------  -----------  -----------
 A                0.0000E+00  -1.2420E-15  -3.4444E-17  -1.0635E-15  -1.0980E-15
 K                1.6000E+00   1.2420E-15   1.0705E-15   2.7483E-17   1.0980E-15
 
 Absolute convergence criterion met for Poisson
 Absolute convergence criterion met for continuity
 Total cpu time for bias point =    0.00 minutes
 Total cpu time =    0.03 minutes


 Solution for Bias:

   V(A)               =  0.0000000E+00     V(K)               =  1.7000000E+00


 Projection used to find initial guess

 norm   iter    v-error     n-error     p-error     iiter
  XR      1    0.0000E+00  0.0000E+00  0.0000E+00     0

   Electrode       Voltage       Flux      I(Electron)    I(Hole)     I(Total)  
      Name         (Volts)    (Coul/mic.)   (A/micron)   (A/micron)   (A/micron)
 --------------  -----------  -----------  -----------  -----------  -----------
 A                0.0000E+00  -1.3116E-15  -3.4473E-17  -9.6883E-16  -1.0033E-15
 K                1.7000E+00   1.3116E-15   9.5209E-16   2.7777E-17   9.7987E-16
 
 Absolute convergence criterion met for Poisson
 Absolute convergence criterion met for continuity
 Total cpu time for bias point =    0.00 minutes
 Total cpu time =    0.03 minutes


 Solution for Bias:

   V(A)               =  0.0000000E+00     V(K)               =  1.8000000E+00


 Projection used to find initial guess

 norm   iter    v-error     n-error     p-error     iiter
  XR      1    0.0000E+00  0.0000E+00  0.0000E+00     0

   Electrode       Voltage       Flux      I(Electron)    I(Hole)     I(Total)  
      Name         (Volts)    (Coul/mic.)   (A/micron)   (A/micron)   (A/micron)
 --------------  -----------  -----------  -----------  -----------  -----------
 A                0.0000E+00  -1.3813E-15  -3.4497E-17  -1.0492E-15  -1.0837E-15
 K                1.8000E+00   1.3813E-15   1.0509E-15   2.8029E-17   1.0789E-15
 
 Absolute convergence criterion met for Poisson
 Absolute convergence criterion met for continuity
 Total cpu time for bias point =    0.00 minutes
 Total cpu time =    0.03 minutes


 Solution for Bias:

   V(A)               =  0.0000000E+00     V(K)               =  1.9000000E+00


 Projection used to find initial guess

 norm   iter    v-error     n-error     p-error     iiter
  XR      1    0.0000E+00  0.0000E+00  0.0000E+00     0

   Electrode       Voltage       Flux      I(Electron)    I(Hole)     I(Total)  
      Name         (Volts)    (Coul/mic.)   (A/micron)   (A/micron)   (A/micron)
 --------------  -----------  -----------  -----------  -----------  -----------
 A                0.0000E+00  -1.4509E-15  -3.4517E-17  -1.0705E-15  -1.1051E-15
 K                1.9000E+00   1.4509E-15   1.0758E-15   2.8249E-17   1.1041E-15
 
 Absolute convergence criterion met for Poisson
 Absolute convergence criterion met for continuity
 Total cpu time for bias point =    0.00 minutes
 Total cpu time =    0.03 minutes


 Solution for Bias:

   V(A)               =  0.0000000E+00     V(K)               =  2.0000000E+00


 Projection used to find initial guess

 norm   iter    v-error     n-error     p-error     iiter
  XR      1    0.0000E+00  0.0000E+00  0.0000E+00     0

   Electrode       Voltage       Flux      I(Electron)    I(Hole)     I(Total)  
      Name         (Volts)    (Coul/mic.)   (A/micron)   (A/micron)   (A/micron)
 --------------  -----------  -----------  -----------  -----------  -----------
 A                0.0000E+00  -1.5206E-15  -3.4533E-17  -1.0808E-15  -1.1153E-15
 K                2.0000E+00   1.5206E-15   1.0867E-15   2.8434E-17   1.1151E-15
 
 Absolute convergence criterion met for Poisson
 Absolute convergence criterion met for continuity
 Total cpu time for bias point =    0.00 minutes
 Total cpu time =    0.03 minutes


 Solution for Bias:

   V(A)               =  0.0000000E+00     V(K)               =  2.1000000E+00


 Projection used to find initial guess

 norm   iter    v-error     n-error     p-error     iiter
  XR      1    0.0000E+00  0.0000E+00  0.0000E+00     0

   Electrode       Voltage       Flux      I(Electron)    I(Hole)     I(Total)  
      Name         (Volts)    (Coul/mic.)   (A/micron)   (A/micron)   (A/micron)
 --------------  -----------  -----------  -----------  -----------  -----------
 A                0.0000E+00  -1.5902E-15  -3.4546E-17  -1.0913E-15  -1.1258E-15
 K                2.1000E+00   1.5902E-15   1.0972E-15   2.8582E-17   1.1258E-15
 
 Absolute convergence criterion met for Poisson
 Absolute convergence criterion met for continuity
 Total cpu time for bias point =    0.00 minutes
 Total cpu time =    0.03 minutes


 Solution for Bias:

   V(A)               =  0.0000000E+00     V(K)               =  2.2000000E+00


 Projection used to find initial guess

 norm   iter    v-error     n-error     p-error     iiter
  XR      1    0.0000E+00  0.0000E+00  0.0000E+00     0

   Electrode       Voltage       Flux      I(Electron)    I(Hole)     I(Total)  
      Name         (Volts)    (Coul/mic.)   (A/micron)   (A/micron)   (A/micron)
 --------------  -----------  -----------  -----------  -----------  -----------
 A                0.0000E+00  -1.6599E-15  -3.4555E-17  -1.1058E-15  -1.1403E-15
 K                2.2000E+00   1.6599E-15   1.1116E-15   2.8690E-17   1.1403E-15
 
 Absolute convergence criterion met for Poisson
 Absolute convergence criterion met for continuity
 Total cpu time for bias point =    0.00 minutes
 Total cpu time =    0.03 minutes


 Solution for Bias:

   V(A)               =  0.0000000E+00     V(K)               =  2.3000000E+00


 Projection used to find initial guess

 norm   iter    v-error     n-error     p-error     iiter
  XR      1    0.0000E+00  0.0000E+00  0.0000E+00     0

   Electrode       Voltage       Flux      I(Electron)    I(Hole)     I(Total)  
      Name         (Volts)    (Coul/mic.)   (A/micron)   (A/micron)   (A/micron)
 --------------  -----------  -----------  -----------  -----------  -----------
 A                0.0000E+00  -1.7295E-15  -3.4560E-17  -1.1270E-15  -1.1615E-15
 K                2.3000E+00   1.7295E-15   1.1328E-15   2.8751E-17   1.1615E-15
 
 Absolute convergence criterion met for Poisson
 Absolute convergence criterion met for continuity
 Total cpu time for bias point =    0.00 minutes
 Total cpu time =    0.03 minutes


 Solution for Bias:

   V(A)               =  0.0000000E+00     V(K)               =  2.4000000E+00


 Projection used to find initial guess

 norm   iter    v-error     n-error     p-error     iiter
  XR      1    0.0000E+00  0.0000E+00  0.0000E+00     0

   Electrode       Voltage       Flux      I(Electron)    I(Hole)     I(Total)  
      Name         (Volts)    (Coul/mic.)   (A/micron)   (A/micron)   (A/micron)
 --------------  -----------  -----------  -----------  -----------  -----------
 A                0.0000E+00  -1.7992E-15  -3.4561E-17  -1.1578E-15  -1.1923E-15
 K                2.4000E+00   1.7992E-15   1.1636E-15   2.8758E-17   1.1923E-15
 
 Absolute convergence criterion met for Poisson
 Absolute convergence criterion met for continuity
 Total cpu time for bias point =    0.00 minutes
 Total cpu time =    0.03 minutes


 Solution for Bias:

   V(A)               =  0.0000000E+00     V(K)               =  2.5000000E+00


 Projection used to find initial guess

 norm   iter    v-error     n-error     p-error     iiter
  XR      1    0.0000E+00  0.0000E+00  0.0000E+00     0

   Electrode       Voltage       Flux      I(Electron)    I(Hole)     I(Total)  
      Name         (Volts)    (Coul/mic.)   (A/micron)   (A/micron)   (A/micron)
 --------------  -----------  -----------  -----------  -----------  -----------
 A                0.0000E+00  -1.8688E-15  -3.4557E-17  -1.2007E-15  -1.2353E-15
 K                2.5000E+00   1.8688E-15   1.2066E-15   2.8700E-17   1.2353E-15
 
 Absolute convergence criterion met for Poisson
 Absolute convergence criterion met for continuity
 Total cpu time for bias point =    0.00 minutes
 Total cpu time =    0.03 minutes


 Solution for Bias:

   V(A)               =  0.0000000E+00     V(K)               =  2.6000000E+00


 Projection used to find initial guess

 norm   iter    v-error     n-error     p-error     iiter
  XR      1    0.0000E+00  0.0000E+00  0.0000E+00     0

   Electrode       Voltage       Flux      I(Electron)    I(Hole)     I(Total)  
      Name         (Volts)    (Coul/mic.)   (A/micron)   (A/micron)   (A/micron)
 --------------  -----------  -----------  -----------  -----------  -----------
 A                0.0000E+00  -1.9385E-15  -3.4547E-17  -1.2567E-15  -1.2912E-15
 K                2.6000E+00   1.9385E-15   1.2627E-15   2.8563E-17   1.2912E-15
 
 Absolute convergence criterion met for Poisson
 Absolute convergence criterion met for continuity
 Total cpu time for bias point =    0.00 minutes
 Total cpu time =    0.03 minutes


 Solution for Bias:

   V(A)               =  0.0000000E+00     V(K)               =  2.7000000E+00


 Projection used to find initial guess

 norm   iter    v-error     n-error     p-error     iiter
  XR      1    0.0000E+00  0.0000E+00  0.0000E+00     0

   Electrode       Voltage       Flux      I(Electron)    I(Hole)     I(Total)  
      Name         (Volts)    (Coul/mic.)   (A/micron)   (A/micron)   (A/micron)
 --------------  -----------  -----------  -----------  -----------  -----------
 A                0.0000E+00  -2.0081E-15  -3.4528E-17  -1.3232E-15  -1.3577E-15
 K                2.7000E+00   2.0081E-15   1.3294E-15   2.8333E-17   1.3577E-15
 
 Absolute convergence criterion met for Poisson
 Absolute convergence criterion met for continuity
 Total cpu time for bias point =    0.00 minutes
 Total cpu time =    0.03 minutes


 Solution for Bias:

   V(A)               =  0.0000000E+00     V(K)               =  2.8000000E+00


 Projection used to find initial guess

 norm   iter    v-error     n-error     p-error     iiter
  XR      1    0.0000E+00  0.0000E+00  0.0000E+00     0

   Electrode       Voltage       Flux      I(Electron)    I(Hole)     I(Total)  
      Name         (Volts)    (Coul/mic.)   (A/micron)   (A/micron)   (A/micron)
 --------------  -----------  -----------  -----------  -----------  -----------
 A                0.0000E+00  -2.0778E-15  -3.4499E-17  -1.3938E-15  -1.4283E-15
 K                2.8000E+00   2.0778E-15   1.4003E-15   2.8002E-17   1.4283E-15
 
 Absolute convergence criterion met for Poisson
 Absolute convergence criterion met for continuity
 Total cpu time for bias point =    0.00 minutes
 Total cpu time =    0.03 minutes


 Solution for Bias:

   V(A)               =  0.0000000E+00     V(K)               =  2.9000000E+00


 Projection used to find initial guess

 norm   iter    v-error     n-error     p-error     iiter
  XR      1    0.0000E+00  0.0000E+00  0.0000E+00     0

   Electrode       Voltage       Flux      I(Electron)    I(Hole)     I(Total)  
      Name         (Volts)    (Coul/mic.)   (A/micron)   (A/micron)   (A/micron)
 --------------  -----------  -----------  -----------  -----------  -----------
 A                0.0000E+00  -2.1474E-15  -3.4458E-17  -1.4607E-15  -1.4952E-15
 K                2.9000E+00   2.1474E-15   1.4676E-15   2.7569E-17   1.4952E-15
 
 Absolute convergence criterion met for Poisson
 Absolute convergence criterion met for continuity
 Total cpu time for bias point =    0.00 minutes
 Total cpu time =    0.03 minutes


 Solution for Bias:

   V(A)               =  0.0000000E+00     V(K)               =  3.0000000E+00


 Projection used to find initial guess

 norm   iter    v-error     n-error     p-error     iiter
  XR      1    0.0000E+00  0.0000E+00  0.0000E+00     0

   Electrode       Voltage       Flux      I(Electron)    I(Hole)     I(Total)  
      Name         (Volts)    (Coul/mic.)   (A/micron)   (A/micron)   (A/micron)
 --------------  -----------  -----------  -----------  -----------  -----------
 A                0.0000E+00  -2.2171E-15  -3.4403E-17  -1.5183E-15  -1.5527E-15
 K                3.0000E+00   2.2171E-15   1.5257E-15   2.7037E-17   1.5527E-15
 
 Absolute convergence criterion met for Poisson
 Absolute convergence criterion met for continuity
 Total cpu time for bias point =    0.00 minutes
 Total cpu time =    0.03 minutes


 Solution for Bias:

   V(A)               =  0.0000000E+00     V(K)               =  3.1000000E+00


 Projection used to find initial guess

 norm   iter    v-error     n-error     p-error     iiter
  XR      1    0.0000E+00  0.0000E+00  0.0000E+00     0

   Electrode       Voltage       Flux      I(Electron)    I(Hole)     I(Total)  
      Name         (Volts)    (Coul/mic.)   (A/micron)   (A/micron)   (A/micron)
 --------------  -----------  -----------  -----------  -----------  -----------
 A                0.0000E+00  -2.2867E-15  -3.4332E-17  -1.5647E-15  -1.5990E-15
 K                3.1000E+00   2.2867E-15   1.5726E-15   2.6412E-17   1.5990E-15
 
 Absolute convergence criterion met for Poisson
 Absolute convergence criterion met for continuity
 Total cpu time for bias point =    0.00 minutes
 Total cpu time =    0.03 minutes


 Solution for Bias:

   V(A)               =  0.0000000E+00     V(K)               =  3.2000000E+00


 Projection used to find initial guess

 norm   iter    v-error     n-error     p-error     iiter
  XR      1    0.0000E+00  0.0000E+00  0.0000E+00     0

   Electrode       Voltage       Flux      I(Electron)    I(Hole)     I(Total)  
      Name         (Volts)    (Coul/mic.)   (A/micron)   (A/micron)   (A/micron)
 --------------  -----------  -----------  -----------  -----------  -----------
 A                0.0000E+00  -2.3564E-15  -3.4243E-17  -1.6012E-15  -1.6354E-15
 K                3.2000E+00   2.3564E-15   1.6097E-15   2.5695E-17   1.6354E-15
 
 Absolute convergence criterion met for Poisson
 Absolute convergence criterion met for continuity
 Total cpu time for bias point =    0.00 minutes
 Total cpu time =    0.04 minutes


 Solution for Bias:

   V(A)               =  0.0000000E+00     V(K)               =  3.3000000E+00


 Projection used to find initial guess

 norm   iter    v-error     n-error     p-error     iiter
  XR      1    0.0000E+00  0.0000E+00  0.0000E+00     0

   Electrode       Voltage       Flux      I(Electron)    I(Hole)     I(Total)  
      Name         (Volts)    (Coul/mic.)   (A/micron)   (A/micron)   (A/micron)
 --------------  -----------  -----------  -----------  -----------  -----------
 A                0.0000E+00  -2.4261E-15  -3.4133E-17  -1.6303E-15  -1.6645E-15
 K                3.3000E+00   2.4261E-15   1.6396E-15   2.4883E-17   1.6645E-15
 
 Absolute convergence criterion met for Poisson
 Absolute convergence criterion met for continuity
 Total cpu time for bias point =    0.00 minutes
 Total cpu time =    0.04 minutes


 Solution for Bias:

   V(A)               =  0.0000000E+00     V(K)               =  3.4000000E+00


 Projection used to find initial guess

 norm   iter    v-error     n-error     p-error     iiter
  XR      1    0.0000E+00  0.0000E+00  0.0000E+00     0

   Electrode       Voltage       Flux      I(Electron)    I(Hole)     I(Total)  
      Name         (Volts)    (Coul/mic.)   (A/micron)   (A/micron)   (A/micron)
 --------------  -----------  -----------  -----------  -----------  -----------
 A                0.0000E+00  -2.4957E-15  -3.3999E-17  -1.6547E-15  -1.6887E-15
 K                3.4000E+00   2.4957E-15   1.6647E-15   2.3972E-17   1.6887E-15
 
 Absolute convergence criterion met for Poisson
 Absolute convergence criterion met for continuity
 Total cpu time for bias point =    0.00 minutes
 Total cpu time =    0.04 minutes


 Solution for Bias:

   V(A)               =  0.0000000E+00     V(K)               =  3.5000000E+00


 Projection used to find initial guess

 norm   iter    v-error     n-error     p-error     iiter
  XR      1    0.0000E+00  0.0000E+00  0.0000E+00     0

   Electrode       Voltage       Flux      I(Electron)    I(Hole)     I(Total)  
      Name         (Volts)    (Coul/mic.)   (A/micron)   (A/micron)   (A/micron)
 --------------  -----------  -----------  -----------  -----------  -----------
 A                0.0000E+00  -2.5654E-15  -3.3838E-17  -1.6764E-15  -1.7102E-15
 K                3.5000E+00   2.5654E-15   1.6873E-15   2.2955E-17   1.7102E-15
 
 Absolute convergence criterion met for Poisson
 Absolute convergence criterion met for continuity
 Total cpu time for bias point =    0.00 minutes
 Total cpu time =    0.04 minutes


 Solution for Bias:

   V(A)               =  0.0000000E+00     V(K)               =  3.6000000E+00


 Projection used to find initial guess

 norm   iter    v-error     n-error     p-error     iiter
  XR      1    0.0000E+00  0.0000E+00  0.0000E+00     0

   Electrode       Voltage       Flux      I(Electron)    I(Hole)     I(Total)  
      Name         (Volts)    (Coul/mic.)   (A/micron)   (A/micron)   (A/micron)
 --------------  -----------  -----------  -----------  -----------  -----------
 A                0.0000E+00  -2.6350E-15  -3.3645E-17  -1.6968E-15  -1.7305E-15
 K                3.6000E+00   2.6350E-15   1.7087E-15   2.1824E-17   1.7305E-15
 
 Absolute convergence criterion met for Poisson
 Absolute convergence criterion met for continuity
 Total cpu time for bias point =    0.00 minutes
 Total cpu time =    0.04 minutes


 Solution for Bias:

   V(A)               =  0.0000000E+00     V(K)               =  3.7000000E+00


 Projection used to find initial guess

 norm   iter    v-error     n-error     p-error     iiter
  XR      1    0.0000E+00  0.0000E+00  0.0000E+00     0

   Electrode       Voltage       Flux      I(Electron)    I(Hole)     I(Total)  
      Name         (Volts)    (Coul/mic.)   (A/micron)   (A/micron)   (A/micron)
 --------------  -----------  -----------  -----------  -----------  -----------
 A                0.0000E+00  -2.7047E-15  -3.3418E-17  -1.7171E-15  -1.7505E-15
 K                3.7000E+00   2.7047E-15   1.7299E-15   2.0574E-17   1.7505E-15
 
 Absolute convergence criterion met for Poisson
 Absolute convergence criterion met for continuity
 Total cpu time for bias point =    0.00 minutes
 Total cpu time =    0.04 minutes


 Solution for Bias:

   V(A)               =  0.0000000E+00     V(K)               =  3.8000000E+00


 Projection used to find initial guess

 norm   iter    v-error     n-error     p-error     iiter
  XR      1    0.0000E+00  0.0000E+00  0.0000E+00     0

   Electrode       Voltage       Flux      I(Electron)    I(Hole)     I(Total)  
      Name         (Volts)    (Coul/mic.)   (A/micron)   (A/micron)   (A/micron)
 --------------  -----------  -----------  -----------  -----------  -----------
 A                0.0000E+00  -2.7743E-15  -3.3152E-17  -1.7378E-15  -1.7709E-15
 K                3.8000E+00   2.7743E-15   1.7517E-15   1.9196E-17   1.7709E-15
 
 Absolute convergence criterion met for Poisson
 Absolute convergence criterion met for continuity
 Total cpu time for bias point =    0.00 minutes
 Total cpu time =    0.04 minutes


 Solution for Bias:

   V(A)               =  0.0000000E+00     V(K)               =  3.9000000E+00


 Projection used to find initial guess

 norm   iter    v-error     n-error     p-error     iiter
  XR      1    0.0000E+00  0.0000E+00  0.0000E+00     0

   Electrode       Voltage       Flux      I(Electron)    I(Hole)     I(Total)  
      Name         (Volts)    (Coul/mic.)   (A/micron)   (A/micron)   (A/micron)
 --------------  -----------  -----------  -----------  -----------  -----------
 A                0.0000E+00  -2.8440E-15  -3.2842E-17  -1.7593E-15  -1.7922E-15
 K                3.9000E+00   2.8440E-15   1.7745E-15   1.7684E-17   1.7922E-15
 
 Absolute convergence criterion met for Poisson
 Absolute convergence criterion met for continuity
 Total cpu time for bias point =    0.00 minutes
 Total cpu time =    0.04 minutes


 Solution for Bias:

   V(A)               =  0.0000000E+00     V(K)               =  4.0000000E+00


 Projection used to find initial guess

 norm   iter    v-error     n-error     p-error     iiter
  XR      1    0.0000E+00  0.0000E+00  0.0000E+00     0

   Electrode       Voltage       Flux      I(Electron)    I(Hole)     I(Total)  
      Name         (Volts)    (Coul/mic.)   (A/micron)   (A/micron)   (A/micron)
 --------------  -----------  -----------  -----------  -----------  -----------
 A                0.0000E+00  -2.9136E-15  -3.2484E-17  -1.7821E-15  -1.8146E-15
 K                4.0000E+00   2.9136E-15   1.7986E-15   1.6030E-17   1.8146E-15
 
 Absolute convergence criterion met for Poisson
 Absolute convergence criterion met for continuity
 Total cpu time for bias point =    0.00 minutes
 Total cpu time =    0.04 minutes


 Solution for Bias:

   V(A)               =  0.0000000E+00     V(K)               =  4.1000000E+00


 Projection used to find initial guess

 norm   iter    v-error     n-error     p-error     iiter
  XR      1    0.0000E+00  0.0000E+00  0.0000E+00     0

   Electrode       Voltage       Flux      I(Electron)    I(Hole)     I(Total)  
      Name         (Volts)    (Coul/mic.)   (A/micron)   (A/micron)   (A/micron)
 --------------  -----------  -----------  -----------  -----------  -----------
 A                0.0000E+00  -2.9833E-15  -3.2071E-17  -1.8064E-15  -1.8384E-15
 K                4.1000E+00   2.9833E-15   1.8242E-15   1.4227E-17   1.8384E-15
 
 Absolute convergence criterion met for Poisson
 Absolute convergence criterion met for continuity
 Total cpu time for bias point =    0.00 minutes
 Total cpu time =    0.04 minutes


 Solution for Bias:

   V(A)               =  0.0000000E+00     V(K)               =  4.2000000E+00


 Projection used to find initial guess

 norm   iter    v-error     n-error     p-error     iiter
  XR      1    0.0000E+00  0.0000E+00  0.0000E+00     0

   Electrode       Voltage       Flux      I(Electron)    I(Hole)     I(Total)  
      Name         (Volts)    (Coul/mic.)   (A/micron)   (A/micron)   (A/micron)
 --------------  -----------  -----------  -----------  -----------  -----------
 A                0.0000E+00  -3.0529E-15  -3.1598E-17  -1.8323E-15  -1.8639E-15
 K                4.2000E+00   3.0529E-15   1.8516E-15   1.2265E-17   1.8639E-15
 
 Absolute convergence criterion met for Poisson
 Absolute convergence criterion met for continuity
 Total cpu time for bias point =    0.00 minutes
 Total cpu time =    0.04 minutes


 Solution for Bias:

   V(A)               =  0.0000000E+00     V(K)               =  4.3000000E+00


 Projection used to find initial guess

 norm   iter    v-error     n-error     p-error     iiter
  XR      1    0.0000E+00  0.0000E+00  0.0000E+00     0

   Electrode       Voltage       Flux      I(Electron)    I(Hole)     I(Total)  
      Name         (Volts)    (Coul/mic.)   (A/micron)   (A/micron)   (A/micron)
 --------------  -----------  -----------  -----------  -----------  -----------
 A                0.0000E+00  -3.1226E-15  -3.1059E-17  -1.8600E-15  -1.8910E-15
 K                4.3000E+00   3.1226E-15   1.8809E-15   1.0137E-17   1.8910E-15
 
 Absolute convergence criterion met for Poisson
 Absolute convergence criterion met for continuity
 Total cpu time for bias point =    0.00 minutes
 Total cpu time =    0.04 minutes


 Solution for Bias:

   V(A)               =  0.0000000E+00     V(K)               =  4.4000000E+00


 Projection used to find initial guess

 norm   iter    v-error     n-error     p-error     iiter
  XR      1    0.0000E+00  0.0000E+00  0.0000E+00     0

   Electrode       Voltage       Flux      I(Electron)    I(Hole)     I(Total)  
      Name         (Volts)    (Coul/mic.)   (A/micron)   (A/micron)   (A/micron)
 --------------  -----------  -----------  -----------  -----------  -----------
 A                0.0000E+00  -3.1922E-15  -3.0448E-17  -1.8896E-15  -1.9201E-15
 K                4.4000E+00   3.1922E-15   1.9123E-15   7.8315E-18   1.9201E-15
 
 Absolute convergence criterion met for Poisson
 Absolute convergence criterion met for continuity
 Total cpu time for bias point =    0.00 minutes
 Total cpu time =    0.04 minutes


 Solution for Bias:

   V(A)               =  0.0000000E+00     V(K)               =  4.5000000E+00


 Projection used to find initial guess

 norm   iter    v-error     n-error     p-error     iiter
  XR      1    0.0000E+00  0.0000E+00  0.0000E+00     0

   Electrode       Voltage       Flux      I(Electron)    I(Hole)     I(Total)  
      Name         (Volts)    (Coul/mic.)   (A/micron)   (A/micron)   (A/micron)
 --------------  -----------  -----------  -----------  -----------  -----------
 A                0.0000E+00  -3.2619E-15  -2.9756E-17  -1.9215E-15  -1.9512E-15
 K                4.5000E+00   3.2619E-15   1.9459E-15   5.3390E-18   1.9512E-15
 
 Absolute convergence criterion met for Poisson
 Absolute convergence criterion met for continuity
 Total cpu time for bias point =    0.00 minutes
 Total cpu time =    0.04 minutes


 Solution for Bias:

   V(A)               =  0.0000000E+00     V(K)               =  4.6000000E+00


 Projection used to find initial guess

 norm   iter    v-error     n-error     p-error     iiter
  XR      1    0.0000E+00  0.0000E+00  0.0000E+00     0

   Electrode       Voltage       Flux      I(Electron)    I(Hole)     I(Total)  
      Name         (Volts)    (Coul/mic.)   (A/micron)   (A/micron)   (A/micron)
 --------------  -----------  -----------  -----------  -----------  -----------
 A                0.0000E+00  -3.3315E-15  -2.8977E-17  -1.9556E-15  -1.9846E-15
 K                4.6000E+00   3.3315E-15   1.9819E-15   2.6474E-18   1.9846E-15
 
 Absolute convergence criterion met for Poisson
 Absolute convergence criterion met for continuity
 Total cpu time for bias point =    0.00 minutes
 Total cpu time =    0.04 minutes


 Solution for Bias:

   V(A)               =  0.0000000E+00     V(K)               =  4.7000000E+00


 Projection used to find initial guess

 norm   iter    v-error     n-error     p-error     iiter
  XR      1    0.0000E+00  0.0000E+00  0.0000E+00     0

   Electrode       Voltage       Flux      I(Electron)    I(Hole)     I(Total)  
      Name         (Volts)    (Coul/mic.)   (A/micron)   (A/micron)   (A/micron)
 --------------  -----------  -----------  -----------  -----------  -----------
 A                0.0000E+00  -3.4012E-15  -2.8101E-17  -1.9923E-15  -2.0204E-15
 K                4.7000E+00   3.4012E-15   2.0206E-15  -2.5642E-19   2.0204E-15
 
 Absolute convergence criterion met for Poisson
 Absolute convergence criterion met for continuity
 Total cpu time for bias point =    0.00 minutes
 Total cpu time =    0.04 minutes


 Solution for Bias:

   V(A)               =  0.0000000E+00     V(K)               =  4.8000000E+00


 Projection used to find initial guess

 norm   iter    v-error     n-error     p-error     iiter
  XR      1    0.0000E+00  0.0000E+00  0.0000E+00     0

   Electrode       Voltage       Flux      I(Electron)    I(Hole)     I(Total)  
      Name         (Volts)    (Coul/mic.)   (A/micron)   (A/micron)   (A/micron)
 --------------  -----------  -----------  -----------  -----------  -----------
 A                0.0000E+00  -3.4708E-15  -2.7120E-17  -2.0316E-15  -2.0587E-15
 K                4.8000E+00   3.4708E-15   2.0621E-15  -3.3871E-18   2.0587E-15
 
 Absolute convergence criterion met for Poisson
 Absolute convergence criterion met for continuity
 Total cpu time for bias point =    0.00 minutes
 Total cpu time =    0.04 minutes


 Solution for Bias:

   V(A)               =  0.0000000E+00     V(K)               =  4.9000000E+00


 Projection used to find initial guess

 norm   iter    v-error     n-error     p-error     iiter
  XR      1    0.0000E+00  0.0000E+00  0.0000E+00     0

   Electrode       Voltage       Flux      I(Electron)    I(Hole)     I(Total)  
      Name         (Volts)    (Coul/mic.)   (A/micron)   (A/micron)   (A/micron)
 --------------  -----------  -----------  -----------  -----------  -----------
 A                0.0000E+00  -3.5405E-15  -2.6022E-17  -2.0739E-15  -2.1000E-15
 K                4.9000E+00   3.5405E-15   2.1067E-15  -6.7611E-18   2.1000E-15
 
 Absolute convergence criterion met for Poisson
 Absolute convergence criterion met for continuity
 Total cpu time for bias point =    0.00 minutes
 Total cpu time =    0.04 minutes


 Solution for Bias:

   V(A)               =  0.0000000E+00     V(K)               =  5.0000000E+00


 Projection used to find initial guess

 norm   iter    v-error     n-error     p-error     iiter
  XR      1    0.0000E+00  0.0000E+00  0.0000E+00     0

   Electrode       Voltage       Flux      I(Electron)    I(Hole)     I(Total)  
      Name         (Volts)    (Coul/mic.)   (A/micron)   (A/micron)   (A/micron)
 --------------  -----------  -----------  -----------  -----------  -----------
 A                0.0000E+00  -3.6102E-15  -2.4796E-17  -2.1194E-15  -2.1442E-15
 K                5.0000E+00   3.6102E-15   2.1546E-15  -1.0397E-17   2.1442E-15
 
 Absolute convergence criterion met for Poisson
 Absolute convergence criterion met for continuity
 Total cpu time for bias point =    0.00 minutes
 Total cpu time =    0.04 minutes


 Solution for Bias:

   V(A)               =  0.0000000E+00     V(K)               =  5.1000000E+00


 Projection used to find initial guess

 norm   iter    v-error     n-error     p-error     iiter
  XR      1    0.0000E+00  0.0000E+00  0.0000E+00     0

   Electrode       Voltage       Flux      I(Electron)    I(Hole)     I(Total)  
      Name         (Volts)    (Coul/mic.)   (A/micron)   (A/micron)   (A/micron)
 --------------  -----------  -----------  -----------  -----------  -----------
 A                0.0000E+00  -3.6798E-15  -2.3430E-17  -2.1684E-15  -2.1918E-15
 K                5.1000E+00   3.6798E-15   2.2062E-15  -1.4315E-17   2.1918E-15
 
 Absolute convergence criterion met for Poisson
 Absolute convergence criterion met for continuity
 Total cpu time for bias point =    0.00 minutes
 Total cpu time =    0.04 minutes


 Solution for Bias:

   V(A)               =  0.0000000E+00     V(K)               =  5.2000000E+00


 Projection used to find initial guess

 norm   iter    v-error     n-error     p-error     iiter
  XR      1    0.0000E+00  0.0000E+00  0.0000E+00     0

   Electrode       Voltage       Flux      I(Electron)    I(Hole)     I(Total)  
      Name         (Volts)    (Coul/mic.)   (A/micron)   (A/micron)   (A/micron)
 --------------  -----------  -----------  -----------  -----------  -----------
 A                0.0000E+00  -3.7495E-15  -2.1910E-17  -2.2212E-15  -2.2431E-15
 K                5.2000E+00   3.7495E-15   2.2617E-15  -1.8540E-17   2.2431E-15
 
 Absolute convergence criterion met for Poisson
 Absolute convergence criterion met for continuity
 Total cpu time for bias point =    0.00 minutes
 Total cpu time =    0.04 minutes


 Solution for Bias:

   V(A)               =  0.0000000E+00     V(K)               =  5.3000000E+00


 Projection used to find initial guess

 norm   iter    v-error     n-error     p-error     iiter
  XR      1    0.0000E+00  0.0000E+00  0.0000E+00     0

   Electrode       Voltage       Flux      I(Electron)    I(Hole)     I(Total)  
      Name         (Volts)    (Coul/mic.)   (A/micron)   (A/micron)   (A/micron)
 --------------  -----------  -----------  -----------  -----------  -----------
 A                0.0000E+00  -3.8191E-15  -2.0219E-17  -2.2782E-15  -2.2984E-15
 K                5.3000E+00   3.8191E-15   2.3215E-15  -2.3099E-17   2.2984E-15
 
 Absolute convergence criterion met for Poisson
 Absolute convergence criterion met for continuity
 Total cpu time for bias point =    0.00 minutes
 Total cpu time =    0.04 minutes


 Solution for Bias:

   V(A)               =  0.0000000E+00     V(K)               =  5.4000000E+00


 Projection used to find initial guess

 norm   iter    v-error     n-error     p-error     iiter
  XR      1    0.0000E+00  0.0000E+00  0.0000E+00     0

   Electrode       Voltage       Flux      I(Electron)    I(Hole)     I(Total)  
      Name         (Volts)    (Coul/mic.)   (A/micron)   (A/micron)   (A/micron)
 --------------  -----------  -----------  -----------  -----------  -----------
 A                0.0000E+00  -3.8888E-15  -1.8339E-17  -2.3397E-15  -2.3581E-15
 K                5.4000E+00   3.8888E-15   2.3861E-15  -2.8022E-17   2.3581E-15
 
 Absolute convergence criterion met for Poisson
 Absolute convergence criterion met for continuity
 Total cpu time for bias point =    0.00 minutes
 Total cpu time =    0.04 minutes


 Solution for Bias:

   V(A)               =  0.0000000E+00     V(K)               =  5.5000000E+00


 Projection used to find initial guess

 norm   iter    v-error     n-error     p-error     iiter
  XR      1    0.0000E+00  0.0000E+00  0.0000E+00     0

   Electrode       Voltage       Flux      I(Electron)    I(Hole)     I(Total)  
      Name         (Volts)    (Coul/mic.)   (A/micron)   (A/micron)   (A/micron)
 --------------  -----------  -----------  -----------  -----------  -----------
 A                0.0000E+00  -3.9584E-15  -1.6251E-17  -2.4063E-15  -2.4226E-15
 K                5.5000E+00   3.9584E-15   2.4559E-15  -3.3346E-17   2.4226E-15
 
 Absolute convergence criterion met for Poisson
 Absolute convergence criterion met for continuity
 Total cpu time for bias point =    0.00 minutes
 Total cpu time =    0.04 minutes


 Solution for Bias:

   V(A)               =  0.0000000E+00     V(K)               =  5.6000000E+00


 Projection used to find initial guess

 norm   iter    v-error     n-error     p-error     iiter
  XR      1    0.0000E+00  0.0000E+00  0.0000E+00     0

   Electrode       Voltage       Flux      I(Electron)    I(Hole)     I(Total)  
      Name         (Volts)    (Coul/mic.)   (A/micron)   (A/micron)   (A/micron)
 --------------  -----------  -----------  -----------  -----------  -----------
 A                0.0000E+00  -4.0281E-15  -1.3930E-17  -2.4786E-15  -2.4925E-15
 K                5.6000E+00   4.0281E-15   2.5316E-15  -3.9110E-17   2.4925E-15
 
 Absolute convergence criterion met for Poisson
 Absolute convergence criterion met for continuity
 Total cpu time for bias point =    0.00 minutes
 Total cpu time =    0.04 minutes


 Solution for Bias:

   V(A)               =  0.0000000E+00     V(K)               =  5.7000000E+00


 Projection used to find initial guess

 norm   iter    v-error     n-error     p-error     iiter
  XR      1    0.0000E+00  0.0000E+00  0.0000E+00     0

   Electrode       Voltage       Flux      I(Electron)    I(Hole)     I(Total)  
      Name         (Volts)    (Coul/mic.)   (A/micron)   (A/micron)   (A/micron)
 --------------  -----------  -----------  -----------  -----------  -----------
 A                0.0000E+00  -4.0977E-15  -1.1351E-17  -2.5571E-15  -2.5684E-15
 K                5.7000E+00   4.0977E-15   2.6138E-15  -4.5363E-17   2.5684E-15
 
 Absolute convergence criterion met for Poisson
 Absolute convergence criterion met for continuity
 Total cpu time for bias point =    0.00 minutes
 Total cpu time =    0.04 minutes


 Solution for Bias:

   V(A)               =  0.0000000E+00     V(K)               =  5.8000000E+00


 Projection used to find initial guess

 norm   iter    v-error     n-error     p-error     iiter
  XR      1    0.0000E+00  0.0000E+00  0.0000E+00     0

   Electrode       Voltage       Flux      I(Electron)    I(Hole)     I(Total)  
      Name         (Volts)    (Coul/mic.)   (A/micron)   (A/micron)   (A/micron)
 --------------  -----------  -----------  -----------  -----------  -----------
 A                0.0000E+00  -4.1674E-15  -8.4809E-18  -2.6425E-15  -2.6510E-15
 K                5.8000E+00   4.1674E-15   2.7032E-15  -5.2160E-17   2.6510E-15
 
 Absolute convergence criterion met for Poisson
 Absolute convergence criterion met for continuity
 Total cpu time for bias point =    0.00 minutes
 Total cpu time =    0.04 minutes


 Solution for Bias:

   V(A)               =  0.0000000E+00     V(K)               =  5.9000000E+00


 Projection used to find initial guess

 norm   iter    v-error     n-error     p-error     iiter
  XR      1    0.0000E+00  0.0000E+00  0.0000E+00     0

   Electrode       Voltage       Flux      I(Electron)    I(Hole)     I(Total)  
      Name         (Volts)    (Coul/mic.)   (A/micron)   (A/micron)   (A/micron)
 --------------  -----------  -----------  -----------  -----------  -----------
 A                0.0000E+00  -4.2370E-15  -5.2852E-18  -2.7359E-15  -2.7412E-15
 K                5.9000E+00   4.2370E-15   2.8007E-15  -5.9566E-17   2.7412E-15
 
 Absolute convergence criterion met for Poisson
 Absolute convergence criterion met for continuity
 Total cpu time for bias point =    0.00 minutes
 Total cpu time =    0.04 minutes


 Solution for Bias:

   V(A)               =  0.0000000E+00     V(K)               =  6.0000000E+00


 Projection used to find initial guess

 norm   iter    v-error     n-error     p-error     iiter
  XR      1    0.0000E+00  0.0000E+00  0.0000E+00     0

   Electrode       Voltage       Flux      I(Electron)    I(Hole)     I(Total)  
      Name         (Volts)    (Coul/mic.)   (A/micron)   (A/micron)   (A/micron)
 --------------  -----------  -----------  -----------  -----------  -----------
 A                0.0000E+00  -4.3067E-15  -1.7213E-18  -2.8381E-15  -2.8398E-15
 K                6.0000E+00   4.3067E-15   2.9074E-15  -6.7657E-17   2.8398E-15
 
 Absolute convergence criterion met for Poisson
 Absolute convergence criterion met for continuity
 Total cpu time for bias point =    0.00 minutes
 Total cpu time =    0.04 minutes


 Solution for Bias:

   V(A)               =  0.0000000E+00     V(K)               =  6.1000000E+00


 Projection used to find initial guess

 norm   iter    v-error     n-error     p-error     iiter
  XR      1    0.0000E+00  0.0000E+00  0.0000E+00     0

   Electrode       Voltage       Flux      I(Electron)    I(Hole)     I(Total)  
      Name         (Volts)    (Coul/mic.)   (A/micron)   (A/micron)   (A/micron)
 --------------  -----------  -----------  -----------  -----------  -----------
 A                0.0000E+00  -4.3763E-15   2.2604E-18  -2.9503E-15  -2.9480E-15
 K                6.1000E+00   4.3763E-15   3.0246E-15  -7.6523E-17   2.9480E-15
 
 Absolute convergence criterion met for Poisson
 Absolute convergence criterion met for continuity
 Total cpu time for bias point =    0.00 minutes
 Total cpu time =    0.04 minutes


 Solution for Bias:

   V(A)               =  0.0000000E+00     V(K)               =  6.2000000E+00


 Projection used to find initial guess

 norm   iter    v-error     n-error     p-error     iiter
  XR      1    0.0000E+00  0.0000E+00  0.0000E+00     0

   Electrode       Voltage       Flux      I(Electron)    I(Hole)     I(Total)  
      Name         (Volts)    (Coul/mic.)   (A/micron)   (A/micron)   (A/micron)
 --------------  -----------  -----------  -----------  -----------  -----------
 A                0.0000E+00  -4.4460E-15   6.7193E-18  -3.0740E-15  -3.0673E-15
 K                6.2000E+00   4.4460E-15   3.1536E-15  -8.6273E-17   3.0673E-15
 
 Absolute convergence criterion met for Poisson
 Absolute convergence criterion met for continuity
 Total cpu time for bias point =    0.00 minutes
 Total cpu time =    0.04 minutes


 Solution for Bias:

   V(A)               =  0.0000000E+00     V(K)               =  6.3000000E+00


 Projection used to find initial guess

 norm   iter    v-error     n-error     p-error     iiter
  XR      1    0.0000E+00  0.0000E+00  0.0000E+00     0

   Electrode       Voltage       Flux      I(Electron)    I(Hole)     I(Total)  
      Name         (Volts)    (Coul/mic.)   (A/micron)   (A/micron)   (A/micron)
 --------------  -----------  -----------  -----------  -----------  -----------
 A                0.0000E+00  -4.5156E-15   1.1726E-17  -3.2110E-15  -3.1992E-15
 K                6.3000E+00   4.5156E-15   3.2963E-15  -9.7036E-17   3.1992E-15
 
 Absolute convergence criterion met for Poisson
 Absolute convergence criterion met for continuity
 Total cpu time for bias point =    0.00 minutes
 Total cpu time =    0.04 minutes


 Solution for Bias:

   V(A)               =  0.0000000E+00     V(K)               =  6.4000000E+00


 Projection used to find initial guess

 norm   iter    v-error     n-error     p-error     iiter
  XR      1    0.0000E+00  0.0000E+00  0.0000E+00     0

   Electrode       Voltage       Flux      I(Electron)    I(Hole)     I(Total)  
      Name         (Volts)    (Coul/mic.)   (A/micron)   (A/micron)   (A/micron)
 --------------  -----------  -----------  -----------  -----------  -----------
 A                0.0000E+00  -4.5853E-15   1.7367E-17  -3.3632E-15  -3.3458E-15
 K                6.4000E+00   4.5853E-15   3.4548E-15  -1.0897E-16   3.3458E-15
 
 Absolute convergence criterion met for Poisson
 Absolute convergence criterion met for continuity
 Total cpu time for bias point =    0.00 minutes
 Total cpu time =    0.04 minutes


 Solution for Bias:

   V(A)               =  0.0000000E+00     V(K)               =  6.5000000E+00


 Projection used to find initial guess

 norm   iter    v-error     n-error     p-error     iiter
  XR      1    0.0000E+00  0.0000E+00  0.0000E+00     0

   Electrode       Voltage       Flux      I(Electron)    I(Hole)     I(Total)  
      Name         (Volts)    (Coul/mic.)   (A/micron)   (A/micron)   (A/micron)
 --------------  -----------  -----------  -----------  -----------  -----------
 A                0.0000E+00  -4.6549E-15   2.3747E-17  -3.5332E-15  -3.5094E-15
 K                6.5000E+00   4.6549E-15   3.6317E-15  -1.2227E-16   3.5094E-15
 
 Absolute convergence criterion met for Poisson
 Absolute convergence criterion met for continuity
 Total cpu time for bias point =    0.00 minutes
 Total cpu time =    0.04 minutes


 Solution for Bias:

   V(A)               =  0.0000000E+00     V(K)               =  6.6000000E+00


 Projection used to find initial guess

 norm   iter    v-error     n-error     p-error     iiter
  XR      1    0.0000E+00  0.0000E+00  0.0000E+00     0

   Electrode       Voltage       Flux      I(Electron)    I(Hole)     I(Total)  
      Name         (Volts)    (Coul/mic.)   (A/micron)   (A/micron)   (A/micron)
 --------------  -----------  -----------  -----------  -----------  -----------
 A                0.0000E+00  -4.7246E-15   3.0996E-17  -3.7242E-15  -3.6932E-15
 K                6.6000E+00   4.7246E-15   3.8304E-15  -1.3717E-16   3.6932E-15
 
 Absolute convergence criterion met for Poisson
 Absolute convergence criterion met for continuity
 Total cpu time for bias point =    0.00 minutes
 Total cpu time =    0.04 minutes


 Solution for Bias:

   V(A)               =  0.0000000E+00     V(K)               =  6.7000000E+00


 Projection used to find initial guess

 norm   iter    v-error     n-error     p-error     iiter
  XR      1    0.0000E+00  0.0000E+00  0.0000E+00     0

   Electrode       Voltage       Flux      I(Electron)    I(Hole)     I(Total)  
      Name         (Volts)    (Coul/mic.)   (A/micron)   (A/micron)   (A/micron)
 --------------  -----------  -----------  -----------  -----------  -----------
 A                0.0000E+00  -4.7943E-15   3.9277E-17  -3.9401E-15  -3.9008E-15
 K                6.7000E+00   4.7943E-15   4.0548E-15  -1.5397E-16   3.9008E-15
 
 Absolute convergence criterion met for Poisson
 Absolute convergence criterion met for continuity
 Total cpu time for bias point =    0.00 minutes
 Total cpu time =    0.04 minutes


 Solution for Bias:

   V(A)               =  0.0000000E+00     V(K)               =  6.8000000E+00


 Projection used to find initial guess

 norm   iter    v-error     n-error     p-error     iiter
  XR      1    0.0000E+00  0.0000E+00  0.0000E+00     0

   Electrode       Voltage       Flux      I(Electron)    I(Hole)     I(Total)  
      Name         (Volts)    (Coul/mic.)   (A/micron)   (A/micron)   (A/micron)
 --------------  -----------  -----------  -----------  -----------  -----------
 A                0.0000E+00  -4.8639E-15   4.8795E-17  -4.1859E-15  -4.1371E-15
 K                6.8000E+00   4.8639E-15   4.3102E-15  -1.7306E-16   4.1371E-15
 
 Absolute convergence criterion met for Poisson
 Absolute convergence criterion met for continuity
 Total cpu time for bias point =    0.00 minutes
 Total cpu time =    0.04 minutes


 Solution for Bias:

   V(A)               =  0.0000000E+00     V(K)               =  6.9000000E+00


 Projection used to find initial guess

 norm   iter    v-error     n-error     p-error     iiter
  XR      1    0.0000E+00  0.0000E+00  0.0000E+00     0

   Electrode       Voltage       Flux      I(Electron)    I(Hole)     I(Total)  
      Name         (Volts)    (Coul/mic.)   (A/micron)   (A/micron)   (A/micron)
 --------------  -----------  -----------  -----------  -----------  -----------
 A                0.0000E+00  -4.9336E-15   5.9816E-17  -4.4681E-15  -4.4082E-15
 K                6.9000E+00   4.9336E-15   4.6032E-15  -1.9492E-16   4.4082E-15
 
 Absolute convergence criterion met for Poisson
 Absolute convergence criterion met for continuity
 Total cpu time for bias point =    0.00 minutes
 Total cpu time =    0.04 minutes


 Solution for Bias:

   V(A)               =  0.0000000E+00     V(K)               =  7.0000000E+00


 Projection used to find initial guess

 norm   iter    v-error     n-error     p-error     iiter
  XR      1    0.0000E+00  0.0000E+00  0.0000E+00     0

   Electrode       Voltage       Flux      I(Electron)    I(Hole)     I(Total)  
      Name         (Volts)    (Coul/mic.)   (A/micron)   (A/micron)   (A/micron)
 --------------  -----------  -----------  -----------  -----------  -----------
 A                0.0000E+00  -5.0032E-15   7.2688E-17  -4.7950E-15  -4.7223E-15
 K                7.0000E+00   5.0032E-15   4.9425E-15  -2.2019E-16   4.7223E-15
 
 Absolute convergence criterion met for Poisson
 Absolute convergence criterion met for continuity
 Total cpu time for bias point =    0.00 minutes
 Total cpu time =    0.04 minutes


 Solution for Bias:

   V(A)               =  0.0000000E+00     V(K)               =  7.1000000E+00


 Previous solution used as initial guess

 norm   iter    v-error     n-error     p-error     iiter
  XR      1    0.0000E+00  0.0000E+00  0.0000E+00     0

   Electrode       Voltage       Flux      I(Electron)    I(Hole)     I(Total)  
      Name         (Volts)    (Coul/mic.)   (A/micron)   (A/micron)   (A/micron)
 --------------  -----------  -----------  -----------  -----------  -----------
 A                0.0000E+00  -5.0729E-15   8.7432E-17  -5.1590E-15  -5.0716E-15
 K                7.1000E+00   5.0729E-15   5.3199E-15  -2.4868E-16   5.0712E-15
 
 Absolute convergence criterion met for Poisson
 Absolute convergence criterion met for continuity
 Total cpu time for bias point =    0.00 minutes
 Total cpu time =    0.04 minutes


 Solution for Bias:

   V(A)               =  0.0000000E+00     V(K)               =  7.2000000E+00


 Previous solution used as initial guess

 norm   iter    v-error     n-error     p-error     iiter
  XR      1    0.0000E+00  0.0000E+00  0.0000E+00     0

   Electrode       Voltage       Flux      I(Electron)    I(Hole)     I(Total)  
      Name         (Volts)    (Coul/mic.)   (A/micron)   (A/micron)   (A/micron)
 --------------  -----------  -----------  -----------  -----------  -----------
 A                0.0000E+00  -5.1425E-15   1.0541E-16  -5.6078E-15  -5.5024E-15
 K                7.2000E+00   5.1425E-15   5.7853E-15  -2.8332E-16   5.5020E-15
 
 Absolute convergence criterion met for Poisson
 Absolute convergence criterion met for continuity
 Total cpu time for bias point =    0.00 minutes
 Total cpu time =    0.05 minutes


 Solution for Bias:

   V(A)               =  0.0000000E+00     V(K)               =  7.3000000E+00


 Previous solution used as initial guess

 norm   iter    v-error     n-error     p-error     iiter
  XR      1    0.0000E+00  0.0000E+00  0.0000E+00     0

   Electrode       Voltage       Flux      I(Electron)    I(Hole)     I(Total)  
      Name         (Volts)    (Coul/mic.)   (A/micron)   (A/micron)   (A/micron)
 --------------  -----------  -----------  -----------  -----------  -----------
 A                0.0000E+00  -5.2122E-15   1.2717E-16  -6.1483E-15  -6.0211E-15
 K                7.3000E+00   5.2122E-15   6.3456E-15  -3.2495E-16   6.0206E-15
 
 Absolute convergence criterion met for Poisson
 Absolute convergence criterion met for continuity
 Total cpu time for bias point =    0.00 minutes
 Total cpu time =    0.05 minutes


 Solution for Bias:

   V(A)               =  0.0000000E+00     V(K)               =  7.4000000E+00


 Previous solution used as initial guess

 norm   iter    v-error     n-error     p-error     iiter
  XR      1    0.0000E+00  0.0000E+00  0.0000E+00     0

   Electrode       Voltage       Flux      I(Electron)    I(Hole)     I(Total)  
      Name         (Volts)    (Coul/mic.)   (A/micron)   (A/micron)   (A/micron)
 --------------  -----------  -----------  -----------  -----------  -----------
 A                0.0000E+00  -5.2818E-15   1.5395E-16  -6.8099E-15  -6.6560E-15
 K                7.4000E+00   5.2818E-15   7.0313E-15  -3.7583E-16   6.6554E-15
 
 Absolute convergence criterion met for Poisson
 Absolute convergence criterion met for continuity
 Total cpu time for bias point =    0.00 minutes
 Total cpu time =    0.05 minutes


 Solution for Bias:

   V(A)               =  0.0000000E+00     V(K)               =  7.5000000E+00


 Previous solution used as initial guess

 norm   iter    v-error     n-error     p-error     iiter
  XR      1    0.0000E+00  0.0000E+00  0.0000E+00     0

   Electrode       Voltage       Flux      I(Electron)    I(Hole)     I(Total)  
      Name         (Volts)    (Coul/mic.)   (A/micron)   (A/micron)   (A/micron)
 --------------  -----------  -----------  -----------  -----------  -----------
 A                0.0000E+00  -5.3515E-15   1.8763E-16  -7.6379E-15  -7.4503E-15
 K                7.5000E+00   5.3515E-15   7.8890E-15  -4.3942E-16   7.4496E-15
 
 Absolute convergence criterion met for Poisson
 Absolute convergence criterion met for continuity
 Total cpu time for bias point =    0.00 minutes
 Total cpu time =    0.05 minutes


 Solution for Bias:

   V(A)               =  0.0000000E+00     V(K)               =  7.5000000E+00


 Previous solution used as initial guess

 norm   iter    v-error     n-error     p-error     iiter
  XR      1    0.0000E+00  0.0000E+00  0.0000E+00     0

   Electrode       Voltage       Flux      I(Electron)    I(Hole)     I(Total)  
      Name         (Volts)    (Coul/mic.)   (A/micron)   (A/micron)   (A/micron)
 --------------  -----------  -----------  -----------  -----------  -----------
 A                0.0000E+00  -5.3515E-15   1.8936E-16  -7.6978E-15  -7.5084E-15
 K                7.5000E+00   5.3515E-15   7.9516E-15  -4.4316E-16   7.5084E-15
 
 Absolute convergence criterion met for Poisson
 Absolute convergence criterion met for continuity
 Total cpu time for bias point =    0.00 minutes
 Total cpu time =    0.05 minutes

 Solution written to iv


 *** END MEDICI ***


 TOTAL CPU TIME =    0.05 minutes
