1


        ****************************************************************
        ***                       MEDICI (TM)                        ***
        ***                   Version D-2010.03-0                    ***
        ***                   System K (PC: Linux)                   ***
        ***                 Copyright (C) 1991-2010                  ***
        ***                      Synopsys, Inc.                      ***
        ***                                                          ***
        ***   This software and the associated documentation are     ***
        ***   confidential and proprietary to Synopsys, Inc.  Your   ***
        ***   use or disclosure of this software is subject to the   ***
        ***   terms and conditions of a written license agreement    ***
        ***   between you, or your company, and Synopsys, Inc.       ***
        ***                                                          ***
        ***         MEDICI is a trademark of Synopsys, Inc.          ***
        ****************************************************************

                               5-Nov-2020 18:54:17


     Statements input from file grid



   1... Title test

   2... mesh smooth=1 out.f=task.mesh
   3... x.mesh width=2 h1=0.05
   4... $x.mesh loc=-0.2 n=1
   5... $x.mesh loc=0 n=3
   6... y.mesh depth=1 h1=0.05

   7... region name=sio y.min=0 y.max=1 x.max=0 oxide
   8... region name=sio y.min=0 y.max=1 x.min=2 oxide
   9... region name=psub x.min=0 x.max=2 y.min=0 y.max=1 silicon

  10... electrode name=A y.min=0 y.max=1 x.max=0
  11... electrode name=K y.min=0 y.max=1 x.min=2
  12... $electrode name=sub bottom

  13... profile region=psub p-type n.peak=1e17 x.min=0 x.max=1 uniform
  14... profile region=psub p-type n.peak=1e20 x.min=0 x.max=0.025 uniform
  15... $profile region=psub p-type n.peak=1e20 y.junc=0.3 x.min=2 x.max=3 x.char=0.12
  16... profile n-type n.peak=1e17 x.min=1 x.max=2 uniform
  17... profile n-type n.peak=1e20 x.min=1.975 x.max=2 uniform

  18... regrid doping log ratio=1 out.f=grid.mesh

  19... stop

  20... model conmob fldmob srh impact.i
  21... symb newton carr=2
  22... method autonr stack=20 itlimit=10
  23... solve elec=k vstep=1 nstep=16
  24... solve elec=k vstep=0.1 nstep=20 previous

  25... solve out.f=iv
  26... stop

  27... plot.2d grid fill title="the original grid"
  28... plot.2d boundary scale junction fill title="the junction profiles"
  29... plot.1d doping x.sta=2.5 x.end=2.5 y.sta=0 y.end=3 log title="doping"
  30... plot.1d log x.ax=V(a) y.ax=I(a)
  31... plot.1d log x.ax=V(k) y.ax=I(k)
  32... plot.2d bound junc  fill  depl title="contour"
  33... contour flowline
  34... contour potentia color=6
  35... plot.1d potential x.start=0 x.end=3 y.start=0 y.end=0

 **************************** Program Configuration ****************************
 *                                                                             *
 * Programmable Device AAM  :       available for use                          *
 * Circuit Analysis AAM     :       available for use                          *
 * Lattice Temperature AAM  :       available for use                          *
 * Heterojunction Device AAM:       available for use                          *
 * Trapped Charge AAM       :       available for use                          *
 * Anisotropic Material AAM :       available for use                          *
 * Optical Device AAM       :       available for use                          *
 *                                                                             *
 * Maximum Nodes Available  :   10000                                          *
 * Configuration Parameter  :   10000                                          *
 *                                                                             *
 * Approximate Number of Nodes Available for:                                  *
 *   2-carrier solutions    :   10000                                          *
 *   2-carrier + lat. temp. :    5727                                          *
 *                                                                             *
 *******************************************************************************



 ****
 test
 ****

 Mesh statistics (rectangular) :
     Total grid points =   861
     Total number of triangles =  1600
     Obtuse triangles in semiconductors =     0  ( 0.0%)
     Obtuse triangles in insul. & cond. =     0  ( 0.0%)

    Region     Material      X-min        X-max        Y-min        Y-max
     Name        Type      (microns)    (microns)    (microns)    (microns)
 ------------  --------    ---------    ---------    ---------    ---------
 psub          Silicon        0.0000       2.0000       0.0000       1.0000

  Electrode     Number       X-min        X-max        Y-min        Y-max
     Name      of Nodes    (microns)    (microns)    (microns)    (microns)
 ------------  --------    ---------    ---------    ---------    ---------
 A                21          0.0000       0.0000       0.0000       1.0000
 K                21          2.0000       2.0000       0.0000       1.0000

 Grid written to task.mesh

 Mesh statistics (rectangular) :
     Total grid points =  1165
     Total number of triangles =  2160
     Obtuse triangles in semiconductors =    80  ( 3.7%)
     Obtuse triangles in insul. & cond. =     0  ( 0.0%)

 Grid written to grid.mesh


 *** END MEDICI ***


 TOTAL CPU TIME =    0.02 minutes
